#
# There is insufficient memory for the Java Runtime Environment to continue.
# Native memory allocation (mmap) failed to map 70524928 bytes for committing reserved memory.
# Possible reasons:
#   The system is out of physical RAM or swap space
#   In 32 bit mode, the process size limit was hit
# Possible solutions:
#   Reduce memory load on the system
#   Increase physical memory or swap space
#   Check if swap backing store is full
#   Use 64 bit Java on a 64 bit OS
#   Decrease Java heap size (-Xmx/-Xms)
#   Decrease number of Java threads
#   Decrease Java thread stack sizes (-Xss)
#   Set larger code cache with -XX:ReservedCodeCacheSize=
# This output file may be truncated or incomplete.
#
#  Out of Memory Error (os_linux.cpp:2640), pid=21819, tid=0xb44dfb40
#
# JRE version: Java(TM) SE Runtime Environment (8.0_131-b11) (build 1.8.0_131-b11)
# Java VM: Java HotSpot(TM) Client VM (25.131-b11 mixed mode linux-x86 )
# Failed to write core dump. Core dumps have been disabled. To enable core dumping, try "ulimit -c unlimited" before starting Java again
#

---------------  T H R E A D  ---------------

Current thread (0xb6841800):  ConcurrentGCThread [stack: 0xb445f000,0xb44e0000] [id=21822]

Stack: [0xb445f000,0xb44e0000],  sp=0xb44deca0,  free space=511k
Native frames: (J=compiled Java code, j=interpreted, Vv=VM code, C=native code)
V  [libjvm.so+0x5bd0ff]  VMError::report_and_die()+0x16f
V  [libjvm.so+0x20d785]  report_vm_out_of_memory(char const*, int, unsigned int, VMErrorType, char const*)+0x55
V  [libjvm.so+0x49fe76]  os::Linux::commit_memory_impl(char*, unsigned int, bool)+0xe6
V  [libjvm.so+0x4a0298]  os::pd_commit_memory(char*, unsigned int, unsigned int, bool)+0x28
V  [libjvm.so+0x49a1ac]  os::commit_memory(char*, unsigned int, unsigned int, bool)+0x2c
V  [libjvm.so+0x5b919c]  VirtualSpace::expand_by(unsigned int, bool)+0x1ec
V  [libjvm.so+0x1eb09b]  ConcurrentMarkSweepGeneration::grow_by(unsigned int)+0x1b
V  [libjvm.so+0x29e5bb]  CardGeneration::expand(unsigned int, unsigned int)+0x5b
V  [libjvm.so+0x1ec721]  ConcurrentMarkSweepGeneration::compute_new_size_free_list()+0xc1
V  [libjvm.so+0x1fed5a]  CMSCollector::collect_in_background(bool, GCCause::Cause)+0x8ca
V  [libjvm.so+0x200bab]  ConcurrentMarkSweepThread::run()+0x24b
V  [libjvm.so+0x4a2739]  java_start(Thread*)+0x119
C  [libpthread.so.0+0x6295]  start_thread+0xe5


---------------  P R O C E S S  ---------------

Java Threads: ( => current thread )
  0x8d087c00 JavaThread "Chunk I/O Executor Thread-1" daemon [_thread_blocked, id=23027, stack(0x8bfd8000,0x8c029000)]
  0x08f46000 JavaThread "Netty IO #3" daemon [_thread_in_native, id=22986, stack(0x8c029000,0x8c07a000)]
  0x08f93400 JavaThread "Netty IO #2" daemon [_thread_in_native, id=23007, stack(0x8c07a000,0x8c0cb000)]
  0x08d75800 JavaThread "Netty IO #1" daemon [_thread_in_native, id=21957, stack(0x8c1cb000,0x8c21c000)]
  0x8d6fc800 JavaThread "File IO Thread" [_thread_blocked, id=21956, stack(0x8cb1b000,0x8cb6c000)]
  0x8cc89800 JavaThread "Java2D Disposer" daemon [_thread_blocked, id=21953, stack(0x8c31c000,0x8c36d000)]
  0xb45c9000 JavaThread "Netty IO #0" daemon [_thread_in_native, id=21946, stack(0x8c75e000,0x8c7af000)]
  0xb458f800 JavaThread "Spigot Metrics Thread" daemon [_thread_blocked, id=21943, stack(0x8c7af000,0x8c800000)]
  0xb458e800 JavaThread "Spigot Watchdog Thread" [_thread_blocked, id=21942, stack(0x8cbaf000,0x8cc00000)]
  0xb451e800 JavaThread "Thread-7" [_thread_blocked, id=21843, stack(0x8f80d000,0x8f85e000)]
  0xb451b800 JavaThread "Server console handler" daemon [_thread_in_native, id=21842, stack(0x8f85e000,0x8f8af000)]
  0xb6807400 JavaThread "DestroyJavaVM" [_thread_blocked, id=21820, stack(0xb69aa000,0xb69fb000)]
  0x8fda9000 JavaThread "Server thread" [_thread_blocked, id=21841, stack(0x8f8af000,0x8f900000)]
  0x8fda8400 JavaThread "Server Infinisleeper" daemon [_thread_blocked, id=21840, stack(0x90703000,0x90754000)]
  0x8fd55400 JavaThread "Snooper Timer" daemon [_thread_blocked, id=21832, stack(0x907ae000,0x907ff000)]
  0xb68c9400 JavaThread "Service Thread" daemon [_thread_blocked, id=21829, stack(0x929f3000,0x92a44000)]
  0xb68c6000 JavaThread "C1 CompilerThread0" daemon [_thread_blocked, id=21828, stack(0x92a44000,0x92ac5000)]
  0xb68c4400 JavaThread "Signal Dispatcher" daemon [_thread_blocked, id=21827, stack(0x92ac5000,0x92b16000)]
  0xb68c3000 JavaThread "Surrogate Locker Thread (Concurrent GC)" daemon [_thread_blocked, id=21826, stack(0x92b16000,0x92b67000)]
  0xb68a8c00 JavaThread "Finalizer" daemon [_thread_blocked, id=21825, stack(0x92d67000,0x92db8000)]
  0xb68a2800 JavaThread "Reference Handler" daemon [_thread_blocked, id=21824, stack(0x92db8000,0x92e09000)]

Other Threads:
  0xb689e000 VMThread [stack: 0x92e09000,0x92e8a000] [id=21823]
  0xb68cb000 WatcherThread [stack: 0x92972000,0x929f3000] [id=21830]

=>0xb6841800 (exited) ConcurrentGCThread [stack: 0xb445f000,0xb44e0000] [id=21822]

VM state:not at safepoint (normal execution)

VM Mutex/Monitor currently owned by a thread:  ([mutex/lock_event])
[0xb6804eb8] Heap_lock - owner thread: 0xb6841800

Heap:
 par new generation   total 59008K, used 33299K [0x94400000, 0x98400000, 0x98400000)
  eden space 52480K,  51% used [0x94400000, 0x95e24f68, 0x97740000)
  from space 6528K, 100% used [0x97da0000, 0x98400000, 0x98400000)
  to   space 6528K,   0% used [0x97740000, 0x97740000, 0x97da0000)
 concurrent mark-sweep generation total 227452K, used 177792K [0x98400000, 0xa621f000, 0xb4400000)
 Metaspace       used 23678K, capacity 23970K, committed 24088K, reserved 24880K

Card table byte_map: [0x942ff000,0x94400000] byte_map_base: 0x93e5d000

Marking Bits: (CMSBitMap*) 0xb6830f30
 Bits: [0x934fe000, 0x942fe000)

Mod Union Table: (CMSBitMap*) 0xb6830f90
 Bits: [0xb4601000, 0xb461d000)

Polling page: 0xb76e8000

CodeCache: size=32768Kb used=2976Kb max_used=5753Kb free=29791Kb
 bounds [0xb4800000, 0xb4da0000, 0xb6800000]
 total_blobs=1709 nmethods=1415 adapters=223
 compilation: enabled

Compilation events (10 events):
Event: 34358.349 Thread 0xb68c6000 35638             org.bukkit.craftbukkit.v1_7_R4.CraftChunk::getBlock (36 bytes)
Event: 34358.350 Thread 0xb68c6000 nmethod 35638 0xb48bf5c8 code [0xb48bf6d0, 0xb48bf7d0]
Event: 34358.350 Thread 0xb68c6000 35639             org.bukkit.craftbukkit.v1_7_R4.CraftChunk::getX (5 bytes)
Event: 34358.350 Thread 0xb68c6000 nmethod 35639 0xb48bf408 code [0xb48bf500, 0xb48bf580]
Event: 34358.350 Thread 0xb68c6000 35640             org.bukkit.craftbukkit.v1_7_R4.CraftChunk::getZ (5 bytes)
Event: 34358.350 Thread 0xb68c6000 nmethod 35640 0xb4974788 code [0xb4974880, 0xb4974900]
Event: 34358.350 Thread 0xb68c6000 35641             org.bukkit.craftbukkit.v1_7_R4.block.CraftBlock::<init> (26 bytes)
Event: 34358.350 Thread 0xb68c6000 nmethod 35641 0xb4a884c8 code [0xb4a885c0, 0xb4a88660]
Event: 34358.362 Thread 0xb68c6000 35642             java.lang.StringBuilder::append (8 bytes)
Event: 34358.362 Thread 0xb68c6000 nmethod 35642 0xb4b61d08 code [0xb4b61e10, 0xb4b61eac]

GC Heap History (10 events):
Event: 34356.150 GC heap before
{Heap before GC invocations=3898 (full 69):
 par new generation   total 59008K, used 58885K [0x94400000, 0x98400000, 0x98400000)
  eden space 52480K,  99% used [0x94400000, 0x9773f008, 0x97740000)
  from space 6528K,  98% used [0x97740000, 0x97d82590, 0x97da0000)
  to   space 6528K,   0% used [0x97da0000, 0x97da0000, 0x98400000)
 concurrent mark-sweep generation total 227452K, used 178531K [0x98400000, 0xa621f000, 0xb4400000)
 Metaspace       used 23678K, capacity 23970K, committed 24088K, reserved 24880K
Event: 34356.158 GC heap after
Heap after GC invocations=3899 (full 69):
 par new generation   total 59008K, used 5203K [0x94400000, 0x98400000, 0x98400000)
  eden space 52480K,   0% used [0x94400000, 0x94400000, 0x97740000)
  from space 6528K,  79% used [0x97da0000, 0x982b4c30, 0x98400000)
  to   space 6528K,   0% used [0x97740000, 0x97740000, 0x97da0000)
 concurrent mark-sweep generation total 227452K, used 178531K [0x98400000, 0xa621f000, 0xb4400000)
 Metaspace       used 23678K, capacity 23970K, committed 24088K, reserved 24880K
}
Event: 34356.717 GC heap before
{Heap before GC invocations=3899 (full 69):
 par new generation   total 59008K, used 57683K [0x94400000, 0x98400000, 0x98400000)
  eden space 52480K, 100% used [0x94400000, 0x97740000, 0x97740000)
  from space 6528K,  79% used [0x97da0000, 0x982b4c30, 0x98400000)
  to   space 6528K,   0% used [0x97740000, 0x97740000, 0x97da0000)
 concurrent mark-sweep generation total 227452K, used 178531K [0x98400000, 0xa621f000, 0xb4400000)
 Metaspace       used 23678K, capacity 23970K, committed 24088K, reserved 24880K
Event: 34356.733 GC heap after
Heap after GC invocations=3900 (full 69):
 par new generation   total 59008K, used 6528K [0x94400000, 0x98400000, 0x98400000)
  eden space 52480K,   0% used [0x94400000, 0x94400000, 0x97740000)
  from space 6528K, 100% used [0x97740000, 0x97da0000, 0x97da0000)
  to   space 6528K,   0% used [0x97da0000, 0x97da0000, 0x98400000)
 concurrent mark-sweep generation total 227452K, used 179253K [0x98400000, 0xa621f000, 0xb4400000)
 Metaspace       used 23678K, capacity 23970K, committed 24088K, reserved 24880K
}
Event: 34357.322 GC heap before
{Heap before GC invocations=3900 (full 69):
 par new generation   total 59008K, used 59008K [0x94400000, 0x98400000, 0x98400000)
  eden space 52480K, 100% used [0x94400000, 0x97740000, 0x97740000)
  from space 6528K, 100% used [0x97740000, 0x97da0000, 0x97da0000)
  to   space 6528K,   0% used [0x97da0000, 0x97da0000, 0x98400000)
 concurrent mark-sweep generation total 227452K, used 179253K [0x98400000, 0xa621f000, 0xb4400000)
 Metaspace       used 23678K, capacity 23970K, committed 24088K, reserved 24880K
Event: 34357.331 GC heap after
Heap after GC invocations=3901 (full 69):
 par new generation   total 59008K, used 6182K [0x94400000, 0x98400000, 0x98400000)
  eden space 52480K,   0% used [0x94400000, 0x94400000, 0x97740000)
  from space 6528K,  94% used [0x97da0000, 0x983a9980, 0x98400000)
  to   space 6528K,   0% used [0x97740000, 0x97740000, 0x97da0000)
 concurrent mark-sweep generation total 227452K, used 180093K [0x98400000, 0xa621f000, 0xb4400000)
 Metaspace       used 23678K, capacity 23970K, committed 24088K, reserved 24880K
}
Event: 34357.941 GC heap before
{Heap before GC invocations=3901 (full 69):
 par new generation   total 59008K, used 58662K [0x94400000, 0x98400000, 0x98400000)
  eden space 52480K, 100% used [0x94400000, 0x97740000, 0x97740000)
  from space 6528K,  94% used [0x97da0000, 0x983a9980, 0x98400000)
  to   space 6528K,   0% used [0x97740000, 0x97740000, 0x97da0000)
 concurrent mark-sweep generation total 227452K, used 180087K [0x98400000, 0xa621f000, 0xb4400000)
 Metaspace       used 23678K, capacity 23970K, committed 24088K, reserved 24880K
Event: 34357.957 GC heap after
Heap after GC invocations=3902 (full 69):
 par new generation   total 59008K, used 5836K [0x94400000, 0x98400000, 0x98400000)
  eden space 52480K,   0% used [0x94400000, 0x94400000, 0x97740000)
  from space 6528K,  89% used [0x97740000, 0x97cf3278, 0x97da0000)
  to   space 6528K,   0% used [0x97da0000, 0x97da0000, 0x98400000)
 concurrent mark-sweep generation total 227452K, used 180087K [0x98400000, 0xa621f000, 0xb4400000)
 Metaspace       used 23678K, capacity 23970K, committed 24088K, reserved 24880K
}
Event: 34358.497 GC heap before
{Heap before GC invocations=3902 (full 69):
 par new generation   total 59008K, used 58316K [0x94400000, 0x98400000, 0x98400000)
  eden space 52480K, 100% used [0x94400000, 0x97740000, 0x97740000)
  from space 6528K,  89% used [0x97740000, 0x97cf3278, 0x97da0000)
  to   space 6528K,   0% used [0x97da0000, 0x97da0000, 0x98400000)
 concurrent mark-sweep generation total 227452K, used 180062K [0x98400000, 0xa621f000, 0xb4400000)
 Metaspace       used 23678K, capacity 23970K, committed 24088K, reserved 24880K
Event: 34358.509 GC heap after
Heap after GC invocations=3903 (full 69):
 par new generation   total 59008K, used 6528K [0x94400000, 0x98400000, 0x98400000)
  eden space 52480K,   0% used [0x94400000, 0x94400000, 0x97740000)
  from space 6528K, 100% used [0x97da0000, 0x98400000, 0x98400000)
  to   space 6528K,   0% used [0x97740000, 0x97740000, 0x97da0000)
 concurrent mark-sweep generation total 227452K, used 182277K [0x98400000, 0xa621f000, 0xb4400000)
 Metaspace       used 23678K, capacity 23970K, committed 24088K, reserved 24880K
}

Deoptimization events (0 events):
No events

Internal exceptions (10 events):
Event: 31221.265 Thread 0xb458f800 Exception <a 'java/security/PrivilegedActionException'> (0x946cad78) thrown at [/HUDSON/workspace/8-2-build-linux-i586/jdk8u131/8869/hotspot/src/share/vm/prims/jvm.cpp, line 1390]
Event: 31820.670 Thread 0xb458f800 Exception <a 'java/security/PrivilegedActionException'> (0x95e6da98) thrown at [/HUDSON/workspace/8-2-build-linux-i586/jdk8u131/8869/hotspot/src/share/vm/prims/jvm.cpp, line 1390]
Event: 32023.506 Thread 0x8fda9000 Exception <a 'java/lang/ArrayIndexOutOfBoundsException': 101> (0x9598c6c0) thrown at [/HUDSON/workspace/8-2-build-linux-i586/jdk8u131/8869/hotspot/src/share/vm/interpreter/interpreterRuntime.cpp, line 366]
Event: 32023.509 Thread 0x8fda9000 Exception <a 'java/lang/ArrayIndexOutOfBoundsException': 122> (0x959da3e8) thrown at [/HUDSON/workspace/8-2-build-linux-i586/jdk8u131/8869/hotspot/src/share/vm/interpreter/interpreterRuntime.cpp, line 366]
Event: 32023.535 Thread 0x8fda9000 Exception <a 'java/lang/ArrayIndexOutOfBoundsException': 193> (0x95cba160) thrown at [/HUDSON/workspace/8-2-build-linux-i586/jdk8u131/8869/hotspot/src/share/vm/interpreter/interpreterRuntime.cpp, line 366]
Event: 32420.697 Thread 0xb458f800 Exception <a 'sun/net/ConnectionResetException': Connection reset> (0x94b2c7e0) thrown at [/HUDSON/workspace/8-2-build-linux-i586/jdk8u131/8869/hotspot/src/share/vm/prims/jni.cpp, line 735]
Event: 32446.939 Thread 0xb458f800 Exception <a 'java/security/PrivilegedActionException'> (0x9515dde0) thrown at [/HUDSON/workspace/8-2-build-linux-i586/jdk8u131/8869/hotspot/src/share/vm/prims/jvm.cpp, line 1390]
Event: 33020.691 Thread 0xb458f800 Exception <a 'java/security/PrivilegedActionException'> (0x94c2d898) thrown at [/HUDSON/workspace/8-2-build-linux-i586/jdk8u131/8869/hotspot/src/share/vm/prims/jvm.cpp, line 1390]
Event: 33624.573 Thread 0xb458f800 Exception <a 'java/security/PrivilegedActionException'> (0x960c40e8) thrown at [/HUDSON/workspace/8-2-build-linux-i586/jdk8u131/8869/hotspot/src/share/vm/prims/jvm.cpp, line 1390]
Event: 34221.231 Thread 0xb458f800 Exception <a 'java/security/PrivilegedActionException'> (0x94401f28) thrown at [/HUDSON/workspace/8-2-build-linux-i586/jdk8u131/8869/hotspot/src/share/vm/prims/jvm.cpp, line 1390]

Events (10 events):
Event: 34357.747 Thread 0xb68c6000 flushing nmethod 0xb48e0448
Event: 34357.747 Thread 0xb68c6000 flushing nmethod 0xb496ad48
Event: 34357.842 Thread 0xb68c6000 flushing nmethod 0xb4a885c8
Event: 34357.941 Executing VM operation: GenCollectForAllocation
Event: 34357.957 Executing VM operation: GenCollectForAllocation done
Event: 34358.154 Thread 0xb68c6000 flushing nmethod 0xb4c32d08
Event: 34358.154 Thread 0xb68c6000 flushing nmethod 0xb4d76308
Event: 34358.154 Thread 0xb68c6000 flushing nmethod 0xb4d777c8
Event: 34358.496 Executing VM operation: GenCollectForAllocation
Event: 34358.509 Executing VM operation: GenCollectForAllocation done


Dynamic libraries:
08048000-08049000 r-xp 00000000 fc:01 501474     /usr/lib/jvm/java-8-oracle/jre/bin/java
08049000-0804a000 rw-p 00000000 fc:01 501474     /usr/lib/jvm/java-8-oracle/jre/bin/java
08bd0000-09233000 rw-p 00000000 00:00 0          [heap]
8be87000-8be8a000 ---p 00000000 00:00 0 
8be8a000-8bf18000 rw-p 00000000 00:00 0 
8bf18000-8bfd8000 ---p 00000000 00:00 0 
8bfd8000-8bfdb000 ---p 00000000 00:00 0 
8bfdb000-8c029000 rw-p 00000000 00:00 0 
8c029000-8c02c000 ---p 00000000 00:00 0 
8c02c000-8c07a000 rw-p 00000000 00:00 0 
8c07a000-8c07d000 ---p 00000000 00:00 0 
8c07d000-8c1cb000 rw-p 00000000 00:00 0 
8c1cb000-8c1ce000 ---p 00000000 00:00 0 
8c1ce000-8c31c000 rw-p 00000000 00:00 0 
8c31c000-8c31f000 ---p 00000000 00:00 0 
8c31f000-8c36d000 rw-p 00000000 00:00 0 
8c36d000-8c3f3000 r-xp 00000000 fc:01 535529     /usr/lib/jvm/java-8-oracle/jre/lib/i386/libawt.so
8c3f3000-8c3fa000 rw-p 00086000 fc:01 535529     /usr/lib/jvm/java-8-oracle/jre/lib/i386/libawt.so
8c3fa000-8c51e000 rw-p 00000000 00:00 0 
8c51e000-8c65e000 rw-p 00000000 00:00 0 
8c65e000-8c75e000 rw-p 00000000 00:00 0 
8c75e000-8c761000 ---p 00000000 00:00 0 
8c761000-8c7af000 rw-p 00000000 00:00 0 
8c7af000-8c7b2000 ---p 00000000 00:00 0 
8c7b2000-8c900000 rw-p 00000000 00:00 0 
8c900000-8ca00000 rw-p 00000000 00:00 0 
8ca00000-8ca59000 rw-p 00000000 00:00 0 
8ca59000-8cb00000 ---p 00000000 00:00 0 
8cb1b000-8cb1e000 ---p 00000000 00:00 0 
8cb1e000-8cb6c000 rw-p 00000000 00:00 0 
8cb6c000-8cb80000 r-xp 00000000 fc:01 475849     /lib/i386-linux-gnu/libresolv-2.23.so
8cb80000-8cb81000 ---p 00014000 fc:01 475849     /lib/i386-linux-gnu/libresolv-2.23.so
8cb81000-8cb82000 r--p 00014000 fc:01 475849     /lib/i386-linux-gnu/libresolv-2.23.so
8cb82000-8cb83000 rw-p 00015000 fc:01 475849     /lib/i386-linux-gnu/libresolv-2.23.so
8cb83000-8cb85000 rw-p 00000000 00:00 0 
8cb85000-8cb8a000 r-xp 00000000 fc:01 475817     /lib/i386-linux-gnu/libnss_dns-2.23.so
8cb8a000-8cb8b000 r--p 00004000 fc:01 475817     /lib/i386-linux-gnu/libnss_dns-2.23.so
8cb8b000-8cb8c000 rw-p 00005000 fc:01 475817     /lib/i386-linux-gnu/libnss_dns-2.23.so
8cb8c000-8cb92000 r-xp 00000000 fc:01 535550     /usr/lib/jvm/java-8-oracle/jre/lib/i386/libawt_headless.so
8cb92000-8cb93000 rw-p 00005000 fc:01 535550     /usr/lib/jvm/java-8-oracle/jre/lib/i386/libawt_headless.so
8cb93000-8cbaf000 r--s 00393000 fc:01 501421     /usr/lib/jvm/java-8-oracle/jre/lib/ext/cldrdata.jar
8cbaf000-8cbb2000 ---p 00000000 00:00 0 
8cbb2000-8cc00000 rw-p 00000000 00:00 0 
8cc00000-8ccfe000 rw-p 00000000 00:00 0 
8ccfe000-8cd00000 ---p 00000000 00:00 0 
8cd00000-8ce00000 rw-p 00000000 00:00 0 
8ce00000-8cefe000 rw-p 00000000 00:00 0 
8cefe000-8cf00000 ---p 00000000 00:00 0 
8cf00000-8cffe000 rw-p 00000000 00:00 0 
8cffe000-8d000000 ---p 00000000 00:00 0 
8d000000-8d0fe000 rw-p 00000000 00:00 0 
8d0fe000-8d100000 ---p 00000000 00:00 0 
8d100000-8d1fe000 rw-p 00000000 00:00 0 
8d1fe000-8d200000 ---p 00000000 00:00 0 
8d200000-8d2fe000 rw-p 00000000 00:00 0 
8d2fe000-8d300000 ---p 00000000 00:00 0 
8d300000-8d3fe000 rw-p 00000000 00:00 0 
8d3fe000-8d400000 ---p 00000000 00:00 0 
8d400000-8d4fe000 rw-p 00000000 00:00 0 
8d4fe000-8d500000 ---p 00000000 00:00 0 
8d500000-8d5fe000 rw-p 00000000 00:00 0 
8d5fe000-8d600000 ---p 00000000 00:00 0 
8d600000-8d6fe000 rw-p 00000000 00:00 0 
8d6fe000-8d700000 ---p 00000000 00:00 0 
8d700000-8d7fe000 rw-p 00000000 00:00 0 
8d7fe000-8d800000 ---p 00000000 00:00 0 
8d800000-8d8fe000 rw-p 00000000 00:00 0 
8d8fe000-8d900000 ---p 00000000 00:00 0 
8d900000-8d9fe000 rw-p 00000000 00:00 0 
8d9fe000-8da00000 ---p 00000000 00:00 0 
8da00000-8dafe000 rw-p 00000000 00:00 0 
8dafe000-8db00000 ---p 00000000 00:00 0 
8db00000-8dbfe000 rw-p 00000000 00:00 0 
8dbfe000-8dc00000 ---p 00000000 00:00 0 
8dc00000-8dcfe000 rw-p 00000000 00:00 0 
8dcfe000-8dd00000 ---p 00000000 00:00 0 
8dd00000-8ddfe000 rw-p 00000000 00:00 0 
8ddfe000-8de00000 ---p 00000000 00:00 0 
8de00000-8defe000 rw-p 00000000 00:00 0 
8defe000-8df00000 ---p 00000000 00:00 0 
8df00000-8dffe000 rw-p 00000000 00:00 0 
8dffe000-8e000000 ---p 00000000 00:00 0 
8e000000-8e0fe000 rw-p 00000000 00:00 0 
8e0fe000-8e100000 ---p 00000000 00:00 0 
8e100000-8e1fe000 rw-p 00000000 00:00 0 
8e1fe000-8e200000 ---p 00000000 00:00 0 
8e200000-8e2fe000 rw-p 00000000 00:00 0 
8e2fe000-8e300000 ---p 00000000 00:00 0 
8e300000-8e3fe000 rw-p 00000000 00:00 0 
8e3fe000-8e400000 ---p 00000000 00:00 0 
8e400000-8e4fe000 rw-p 00000000 00:00 0 
8e4fe000-8e500000 ---p 00000000 00:00 0 
8e500000-8e5fe000 rw-p 00000000 00:00 0 
8e5fe000-8e600000 ---p 00000000 00:00 0 
8e600000-8e6fe000 rw-p 00000000 00:00 0 
8e6fe000-8e700000 ---p 00000000 00:00 0 
8e700000-8e7fe000 rw-p 00000000 00:00 0 
8e7fe000-8e800000 ---p 00000000 00:00 0 
8e800000-8e8fe000 rw-p 00000000 00:00 0 
8e8fe000-8e900000 ---p 00000000 00:00 0 
8e900000-8e9fe000 rw-p 00000000 00:00 0 
8e9fe000-8ea00000 ---p 00000000 00:00 0 
8ea00000-8eafe000 rw-p 00000000 00:00 0 
8eafe000-8eb00000 ---p 00000000 00:00 0 
8eb00000-8ebfe000 rw-p 00000000 00:00 0 
8ebfe000-8ec00000 ---p 00000000 00:00 0 
8ec00000-8ecfe000 rw-p 00000000 00:00 0 
8ecfe000-8ed00000 ---p 00000000 00:00 0 
8ed00000-8edfe000 rw-p 00000000 00:00 0 
8edfe000-8ee00000 ---p 00000000 00:00 0 
8ee00000-8eefe000 rw-p 00000000 00:00 0 
8eefe000-8ef00000 ---p 00000000 00:00 0 
8ef00000-8effe000 rw-p 00000000 00:00 0 
8effe000-8f000000 ---p 00000000 00:00 0 
8f000000-8f0fe000 rw-p 00000000 00:00 0 
8f0fe000-8f100000 ---p 00000000 00:00 0 
8f100000-8f1fe000 rw-p 00000000 00:00 0 
8f1fe000-8f200000 ---p 00000000 00:00 0 
8f200000-8f2fe000 rw-p 00000000 00:00 0 
8f2fe000-8f300000 ---p 00000000 00:00 0 
8f300000-8f3fe000 rw-p 00000000 00:00 0 
8f3fe000-8f400000 ---p 00000000 00:00 0 
8f400000-8f4fe000 rw-p 00000000 00:00 0 
8f4fe000-8f500000 ---p 00000000 00:00 0 
8f500000-8f5fe000 rw-p 00000000 00:00 0 
8f5fe000-8f600000 ---p 00000000 00:00 0 
8f600000-8f6fe000 rw-p 00000000 00:00 0 
8f6fe000-8f700000 ---p 00000000 00:00 0 
8f702000-8f703000 r--s 00001000 fc:01 75851      /home/ubuntu/mc-mod-server/plugins/服务器中文说明MOTDColor.jar
8f703000-8f70d000 r--s 00116000 fc:01 501425     /usr/lib/jvm/java-8-oracle/jre/lib/ext/localedata.jar
8f70d000-8f80d000 rw-p 00000000 00:00 0 
8f80d000-8f810000 ---p 00000000 00:00 0 
8f810000-8f85e000 rw-p 00000000 00:00 0 
8f85e000-8f861000 ---p 00000000 00:00 0 
8f861000-8f8af000 rw-p 00000000 00:00 0 
8f8af000-8f8b2000 ---p 00000000 00:00 0 
8f8b2000-8fa00000 rw-p 00000000 00:00 0 
8fa00000-8fb00000 rw-p 00000000 00:00 0 
8fb00000-8fc00000 rw-p 00000000 00:00 0 
8fc00000-8fd00000 rw-p 00000000 00:00 0 
8fd00000-8fdf9000 rw-p 00000000 00:00 0 
8fdf9000-8fe00000 ---p 00000000 00:00 0 
8fe00000-8ff00000 rw-p 00000000 00:00 0 
8ff00000-8fffc000 rw-p 00000000 00:00 0 
8fffc000-90000000 ---p 00000000 00:00 0 
90000000-90100000 rw-p 00000000 00:00 0 
90100000-90200000 rw-p 00000000 00:00 0 
90200000-90300000 rw-p 00000000 00:00 0 
90300000-90400000 rw-p 00000000 00:00 0 
90400000-90500000 rw-p 00000000 00:00 0 
90500000-90600000 rw-p 00000000 00:00 0 
90600000-906ff000 rw-p 00000000 00:00 0 
906ff000-90700000 ---p 00000000 00:00 0 
90700000-90703000 r--s 0001a000 fc:01 450870     /usr/lib/jvm/java-8-oracle/jre/lib/jce.jar
90703000-90706000 ---p 00000000 00:00 0 
90706000-90754000 rw-p 00000000 00:00 0 
90754000-90757000 ---p 00000000 00:00 0 
90757000-9076b000 rw-p 00000000 00:00 0 
9076b000-90787000 r-xp 00000000 fc:01 475189     /lib/i386-linux-gnu/libgcc_s.so.1
90787000-90788000 rw-p 0001b000 fc:01 475189     /lib/i386-linux-gnu/libgcc_s.so.1
90788000-907a7000 r-xp 00000000 fc:01 535546     /usr/lib/jvm/java-8-oracle/jre/lib/i386/libunpack.so
907a7000-907aa000 rw-p 0001e000 fc:01 535546     /usr/lib/jvm/java-8-oracle/jre/lib/i386/libunpack.so
907aa000-907ae000 rw-p 00000000 00:00 0 
907ae000-907b1000 ---p 00000000 00:00 0 
907b1000-92400000 rw-p 00000000 00:00 0 
92400000-92500000 rw-p 00000000 00:00 0 
92500000-92503000 r--s 00016000 fc:01 75817      /home/ubuntu/mc-mod-server/mods/更多村庄[1.7.10]MoVillages-1.4.2.jar
92503000-9250c000 r--s 0004e000 fc:01 75830      /home/ubuntu/mc-mod-server/mods/G键合成CraftGuide-1.6.8.2-forge[hukk汉化].jar
9250c000-9250e000 r--s 00006000 fc:01 75832      /home/ubuntu/mc-mod-server/mods/多彩聊天colorchat-1.11.2-2.0.42-universal.jar
9250e000-92513000 r--s 0009a000 fc:01 450892     /usr/lib/jvm/java-8-oracle/jre/lib/jsse.jar
92513000-92526000 r--s 00345000 fc:01 450882     /usr/lib/jvm/java-8-oracle/jre/lib/resources.jar
92526000-9252b000 r--s 001bb000 fc:01 75841      /home/ubuntu/mc-mod-server/mods/拔剑mc1.7.10badaojianMOD.jar
9252b000-9253a000 r-xp 00000000 fc:01 535536     /usr/lib/jvm/java-8-oracle/jre/lib/i386/libnio.so
9253a000-9253b000 rw-p 0000e000 fc:01 535536     /usr/lib/jvm/java-8-oracle/jre/lib/i386/libnio.so
9253b000-92550000 r-xp 00000000 fc:01 535572     /usr/lib/jvm/java-8-oracle/jre/lib/i386/libnet.so
92550000-92551000 rw-p 00015000 fc:01 535572     /usr/lib/jvm/java-8-oracle/jre/lib/i386/libnet.so
92551000-92559000 r-xp 00000000 fc:01 535521     /usr/lib/jvm/java-8-oracle/jre/lib/i386/libmanagement.so
92559000-9255a000 rw-p 00007000 fc:01 535521     /usr/lib/jvm/java-8-oracle/jre/lib/i386/libmanagement.so
9255a000-925f6000 r--s 0088d000 fc:01 75726      /home/ubuntu/mc-mod-server/minecraft_server.1.7.10.jar
925f6000-925f9000 r--s 0000b000 fc:01 75690      /home/ubuntu/mc-mod-server/libraries/javax/persistence/persistence-api/1.0.2/persistence-api-1.0.2.jar
925f9000-92600000 r--s 000b7000 fc:01 75698      /home/ubuntu/mc-mod-server/libraries/mysql/mysql-connector-java/5.1.14/mysql-connector-java-5.1.14.jar
92600000-92605000 r--s 00309000 fc:01 75667      /home/ubuntu/mc-mod-server/libraries/org/xerial/sqlite-jdbc/3.7.2/sqlite-jdbc-3.7.2.jar
92605000-92609000 r--s 0001b000 fc:01 75717      /home/ubuntu/mc-mod-server/libraries/net/sourceforge/argo/argo/2.25/argo-2.25.jar
92609000-9260c000 r--s 00019000 fc:01 75663      /home/ubuntu/mc-mod-server/libraries/org/fusesource/jansi/jansi/1.8/jansi-1.8.jar
9260c000-9260e000 r--s 00010000 fc:01 75703      /home/ubuntu/mc-mod-server/libraries/net/md-5/SpecialSource/1.7-SNAPSHOT/SpecialSource-1.7-SNAPSHOT.jar
9260e000-92632000 r--s 001bf000 fc:01 75671      /home/ubuntu/mc-mod-server/libraries/org/avaje/ebean/2.7.3/ebean-2.7.3.jar
92632000-92637000 r--s 00041000 fc:01 75725      /home/ubuntu/mc-mod-server/libraries/commons-lang/commons-lang/2.6/commons-lang-2.6.jar
92637000-9263d000 r--s 0003b000 fc:01 75629      /home/ubuntu/mc-mod-server/libraries/org/yaml/snakeyaml/1.9/snakeyaml-1.9.jar
9263d000-92647000 r--s 00098000 fc:01 75652      /home/ubuntu/mc-mod-server/libraries/org/scala-lang/scala-xml_2.11/1.0.2/scala-xml_2.11-1.0.2.jar
92647000-92692000 r--s 003eb000 fc:01 75658      /home/ubuntu/mc-mod-server/libraries/org/scala-lang/scala-reflect/2.11.1/scala-reflect-2.11.1.jar
92692000-926eb000 r--s 00502000 fc:01 75646      /home/ubuntu/mc-mod-server/libraries/org/scala-lang/scala-library/2.11.1/scala-library-2.11.1.jar
926eb000-927db000 r--s 00c03000 fc:01 75655      /home/ubuntu/mc-mod-server/libraries/org/scala-lang/scala-compiler/2.11.1/scala-compiler-2.11.1.jar
927db000-92800000 r--s 0024b000 fc:01 75682      /home/ubuntu/mc-mod-server/libraries/com/typesafe/akka/akka-actor_2.11/2.3.3/akka-actor_2.11-2.3.3.jar
92800000-928fd000 rw-p 00000000 00:00 0 
928fd000-92900000 ---p 00000000 00:00 0 
92900000-92903000 r--s 0002a000 fc:01 75721      /home/ubuntu/mc-mod-server/libraries/jline/jline/2.6/jline-2.6.jar
92903000-9290e000 r--s 000a9000 fc:01 75633      /home/ubuntu/mc-mod-server/libraries/org/scala-lang/scala-swing_2.11/1.0.1/scala-swing_2.11-1.0.1.jar
9290e000-92919000 r--s 0005f000 fc:01 75636      /home/ubuntu/mc-mod-server/libraries/org/scala-lang/scala-parser-combinators_2.11/1.0.1/scala-parser-combinators_2.11-1.0.1.jar
92919000-9291f000 r--s 0002e000 fc:01 75640      /home/ubuntu/mc-mod-server/libraries/org/scala-lang/plugins/scala-continuations-plugin_2.11.1/1.0.2/scala-continuations-plugin_2.11.1-1.0.2.jar
9291f000-92972000 r--s 007f9000 fc:01 74542      /home/ubuntu/mc-mod-server/cauldron.jar
92972000-92973000 ---p 00000000 00:00 0 
92973000-929f3000 rw-p 00000000 00:00 0 
929f3000-929f6000 ---p 00000000 00:00 0 
929f6000-92a44000 rw-p 00000000 00:00 0 
92a44000-92a47000 ---p 00000000 00:00 0 
92a47000-92ac5000 rw-p 00000000 00:00 0 
92ac5000-92ac8000 ---p 00000000 00:00 0 
92ac8000-92b16000 rw-p 00000000 00:00 0 
92b16000-92b19000 ---p 00000000 00:00 0 
92b19000-92b67000 rw-p 00000000 00:00 0 
92b67000-92d67000 r--p 00000000 fc:01 403194     /usr/lib/locale/locale-archive
92d67000-92d6a000 ---p 00000000 00:00 0 
92d6a000-92db8000 rw-p 00000000 00:00 0 
92db8000-92dbb000 ---p 00000000 00:00 0 
92dbb000-92e09000 rw-p 00000000 00:00 0 
92e09000-92e0a000 ---p 00000000 00:00 0 
92e0a000-92ed9000 rw-p 00000000 00:00 0 
92ed9000-930b2000 r--s 03d40000 fc:01 450888     /usr/lib/jvm/java-8-oracle/jre/lib/rt.jar
930b2000-934f8000 rw-p 00000000 00:00 0 
934f8000-934fe000 ---p 00000000 00:00 0 
934fe000-9438f000 rw-p 00000000 00:00 0 
9438f000-943ff000 ---p 00000000 00:00 0 
943ff000-a621f000 rw-p 00000000 00:00 0 
aa458000-aa561000 rw-p 00000000 00:00 0 
aa561000-b4400000 ---p 00000000 00:00 0 
b4400000-b4404000 r--s 00032000 fc:01 75685      /home/ubuntu/mc-mod-server/libraries/com/typesafe/config/1.2.1/config-1.2.1.jar
b4404000-b445f000 rw-p 00000000 00:00 0 
b445f000-b4460000 ---p 00000000 00:00 0 
b4460000-b4500000 rw-p 00000000 00:00 0 
b4500000-b45fd000 rw-p 00000000 00:00 0 
b45fd000-b4600000 ---p 00000000 00:00 0 
b4600000-b4601000 r--s 00003000 fc:01 75677      /home/ubuntu/mc-mod-server/libraries/com/googlecode/json-simple/json-simple/1.1/json-simple-1.1.jar
b4601000-b468e000 rw-p 00000000 00:00 0 
b468e000-b46ff000 ---p 00000000 00:00 0 
b46ff000-b4700000 ---p 00000000 00:00 0 
b4700000-b4797000 rw-p 00000000 00:00 0 
b4797000-b4800000 ---p 00000000 00:00 0 
b4800000-b4da0000 rwxp 00000000 00:00 0 
b4da0000-b6800000 ---p 00000000 00:00 0 
b6800000-b68fc000 rw-p 00000000 00:00 0 
b68fc000-b6900000 ---p 00000000 00:00 0 
b6900000-b6902000 r--s 0000d000 fc:01 75708      /home/ubuntu/mc-mod-server/libraries/net/sf/jopt-simple/jopt-simple/4.5/jopt-simple-4.5.jar
b6902000-b691b000 r-xp 00000000 fc:01 535574     /usr/lib/jvm/java-8-oracle/jre/lib/i386/libzip.so
b691b000-b691c000 rw-p 00019000 fc:01 535574     /usr/lib/jvm/java-8-oracle/jre/lib/i386/libzip.so
b691c000-b6924000 rw-s 00000000 fc:01 16418      /tmp/hsperfdata_ubuntu/21819
b6924000-b692f000 r-xp 00000000 fc:01 475823     /lib/i386-linux-gnu/libnss_files-2.23.so
b692f000-b6930000 r--p 0000a000 fc:01 475823     /lib/i386-linux-gnu/libnss_files-2.23.so
b6930000-b6931000 rw-p 0000b000 fc:01 475823     /lib/i386-linux-gnu/libnss_files-2.23.so
b6931000-b6937000 rw-p 00000000 00:00 0 
b6937000-b6942000 r-xp 00000000 fc:01 475835     /lib/i386-linux-gnu/libnss_nis-2.23.so
b6942000-b6943000 r--p 0000a000 fc:01 475835     /lib/i386-linux-gnu/libnss_nis-2.23.so
b6943000-b6944000 rw-p 0000b000 fc:01 475835     /lib/i386-linux-gnu/libnss_nis-2.23.so
b6944000-b695b000 r-xp 00000000 fc:01 475815     /lib/i386-linux-gnu/libnsl-2.23.so
b695b000-b695c000 r--p 00016000 fc:01 475815     /lib/i386-linux-gnu/libnsl-2.23.so
b695c000-b695d000 rw-p 00017000 fc:01 475815     /lib/i386-linux-gnu/libnsl-2.23.so
b695d000-b695f000 rw-p 00000000 00:00 0 
b695f000-b6967000 r-xp 00000000 fc:01 475846     /lib/i386-linux-gnu/libnss_compat-2.23.so
b6967000-b6968000 r--p 00007000 fc:01 475846     /lib/i386-linux-gnu/libnss_compat-2.23.so
b6968000-b6969000 rw-p 00008000 fc:01 475846     /lib/i386-linux-gnu/libnss_compat-2.23.so
b6969000-b696b000 r--s 00005000 fc:01 75643      /home/ubuntu/mc-mod-server/libraries/org/scala-lang/plugins/scala-continuations-library_2.11/1.0.2/scala-continuations-library_2.11-1.0.2.jar
b696b000-b6970000 r--s 00036000 fc:01 75625      /home/ubuntu/mc-mod-server/libraries/org/ow2/asm/asm-all/5.0.3/asm-all-5.0.3.jar
b6970000-b6994000 r-xp 00000000 fc:01 535569     /usr/lib/jvm/java-8-oracle/jre/lib/i386/libjava.so
b6994000-b6995000 rw-p 00024000 fc:01 535569     /usr/lib/jvm/java-8-oracle/jre/lib/i386/libjava.so
b6995000-b69a0000 r-xp 00000000 fc:01 535528     /usr/lib/jvm/java-8-oracle/jre/lib/i386/libverify.so
b69a0000-b69a1000 rw-p 0000b000 fc:01 535528     /usr/lib/jvm/java-8-oracle/jre/lib/i386/libverify.so
b69a1000-b69a8000 r-xp 00000000 fc:01 475841     /lib/i386-linux-gnu/librt-2.23.so
b69a8000-b69a9000 r--p 00006000 fc:01 475841     /lib/i386-linux-gnu/librt-2.23.so
b69a9000-b69aa000 rw-p 00007000 fc:01 475841     /lib/i386-linux-gnu/librt-2.23.so
b69aa000-b69ad000 ---p 00000000 00:00 0 
b69ad000-b69fb000 rw-p 00000000 00:00 0 
b69fb000-b6a4e000 r-xp 00000000 fc:01 475852     /lib/i386-linux-gnu/libm-2.23.so
b6a4e000-b6a4f000 r--p 00052000 fc:01 475852     /lib/i386-linux-gnu/libm-2.23.so
b6a4f000-b6a50000 rw-p 00053000 fc:01 475852     /lib/i386-linux-gnu/libm-2.23.so
b6a50000-b70a8000 r-xp 00000000 fc:01 560092     /usr/lib/jvm/java-8-oracle/jre/lib/i386/client/libjvm.so
b70a8000-b70ce000 rw-p 00657000 fc:01 560092     /usr/lib/jvm/java-8-oracle/jre/lib/i386/client/libjvm.so
b70ce000-b74f5000 rw-p 00000000 00:00 0 
b74f5000-b76a5000 r-xp 00000000 fc:01 475858     /lib/i386-linux-gnu/libc-2.23.so
b76a5000-b76a7000 r--p 001af000 fc:01 475858     /lib/i386-linux-gnu/libc-2.23.so
b76a7000-b76a8000 rw-p 001b1000 fc:01 475858     /lib/i386-linux-gnu/libc-2.23.so
b76a8000-b76ab000 rw-p 00000000 00:00 0 
b76ab000-b76ae000 r-xp 00000000 fc:01 475845     /lib/i386-linux-gnu/libdl-2.23.so
b76ae000-b76af000 r--p 00002000 fc:01 475845     /lib/i386-linux-gnu/libdl-2.23.so
b76af000-b76b0000 rw-p 00003000 fc:01 475845     /lib/i386-linux-gnu/libdl-2.23.so
b76b0000-b76c4000 r-xp 00000000 fc:01 583763     /usr/lib/jvm/java-8-oracle/jre/lib/i386/jli/libjli.so
b76c4000-b76c5000 rw-p 00014000 fc:01 583763     /usr/lib/jvm/java-8-oracle/jre/lib/i386/jli/libjli.so
b76c5000-b76de000 r-xp 00000000 fc:01 475829     /lib/i386-linux-gnu/libpthread-2.23.so
b76de000-b76df000 r--p 00018000 fc:01 475829     /lib/i386-linux-gnu/libpthread-2.23.so
b76df000-b76e0000 rw-p 00019000 fc:01 475829     /lib/i386-linux-gnu/libpthread-2.23.so
b76e0000-b76e2000 rw-p 00000000 00:00 0 
b76e2000-b76e3000 r--s 00001000 fc:01 75694      /home/ubuntu/mc-mod-server/libraries/lzma/lzma/0.0.1/lzma-0.0.1.jar
b76e3000-b76e5000 r--s 0000d000 fc:01 75649      /home/ubuntu/mc-mod-server/libraries/org/scala-lang/scala-actors-migration_2.11/1.1.0/scala-actors-migration_2.11-1.1.0.jar
b76e5000-b76e7000 r--s 00007000 fc:01 75712      /home/ubuntu/mc-mod-server/libraries/net/minecraft/launchwrapper/1.11/launchwrapper-1.11.jar
b76e7000-b76e8000 rw-p 00000000 00:00 0 
b76e8000-b76e9000 r--p 00000000 00:00 0 
b76e9000-b76eb000 rw-p 00000000 00:00 0 
b76eb000-b76ee000 r--p 00000000 00:00 0          [vvar]
b76ee000-b76f0000 r-xp 00000000 00:00 0          [vdso]
b76f0000-b7712000 r-xp 00000000 fc:01 475816     /lib/i386-linux-gnu/ld-2.23.so
b7712000-b7713000 rw-p 00000000 00:00 0 
b7713000-b7714000 r--p 00022000 fc:01 475816     /lib/i386-linux-gnu/ld-2.23.so
b7714000-b7715000 rw-p 00023000 fc:01 475816     /lib/i386-linux-gnu/ld-2.23.so
bfb03000-bfb24000 rw-p 00000000 00:00 0          [stack]

VM Arguments:
jvm_args: -Xincgc -Xmx512M -Xms128M 
java_command: cauldron.jar PAUSE
java_class_path (initial): cauldron.jar
Launcher Type: SUN_STANDARD

Environment Variables:
JAVA_HOME=/usr/lib/jvm/java-8-oracle
PATH=/home/ubuntu/bin:/home/ubuntu/.local/bin:/usr/local/sbin:/usr/local/bin:/usr/sbin:/usr/bin:/sbin:/bin:/usr/games:/usr/local/games:/snap/bin:/usr/lib/jvm/java-8-oracle/bin:/usr/lib/jvm/java-8-oracle/db/bin:/usr/lib/jvm/java-8-oracle/jre/bin
SHELL=/bin/bash

Signal Handlers:
SIGSEGV: [libjvm.so+0x5bdc10], sa_mask[0]=11111111011111111101111111111110, sa_flags=SA_RESTART|SA_SIGINFO
SIGBUS: [libjvm.so+0x5bdc10], sa_mask[0]=11111111011111111101111111111110, sa_flags=SA_RESTART|SA_SIGINFO
SIGFPE: [libjvm.so+0x49cb60], sa_mask[0]=11111111011111111101111111111110, sa_flags=SA_RESTART|SA_SIGINFO
SIGPIPE: [libjvm.so+0x49cb60], sa_mask[0]=11111111011111111101111111111110, sa_flags=SA_RESTART|SA_SIGINFO
SIGXFSZ: [libjvm.so+0x49cb60], sa_mask[0]=11111111011111111101111111111110, sa_flags=SA_RESTART|SA_SIGINFO
SIGILL: [libjvm.so+0x49cb60], sa_mask[0]=11111111011111111101111111111110, sa_flags=SA_RESTART|SA_SIGINFO
SIGUSR1: SIG_DFL, sa_mask[0]=00000000000000000000000000000000, sa_flags=none
SIGUSR2: [libjvm.so+0x49e410], sa_mask[0]=00000000000000000000000000000000, sa_flags=SA_RESTART|SA_SIGINFO
SIGHUP: [libjvm.so+0x49f8c0], sa_mask[0]=11111111011111111101111111111110, sa_flags=SA_RESTART|SA_SIGINFO
SIGINT: [libjvm.so+0x49f8c0], sa_mask[0]=11111111011111111101111111111110, sa_flags=SA_RESTART|SA_SIGINFO
SIGTERM: [libjvm.so+0x49f8c0], sa_mask[0]=11111111011111111101111111111110, sa_flags=SA_RESTART|SA_SIGINFO
SIGQUIT: [libjvm.so+0x49f8c0], sa_mask[0]=11111111011111111101111111111110, sa_flags=SA_RESTART|SA_SIGINFO


---------------  S Y S T E M  ---------------

OS:DISTRIB_ID=Ubuntu
DISTRIB_RELEASE=16.04
DISTRIB_CODENAME=xenial
DISTRIB_DESCRIPTION="Ubuntu 16.04.2 LTS"

uname:Linux 4.12.0-041200-generic #201707022031 SMP Mon Jul 3 00:42:33 UTC 2017 i686
libc:glibc 2.23 NPTL 2.23 
rlimit: STACK 8192k, CORE 0k, NPROC 6667, NOFILE 1048576, AS infinity
load average:0.11 0.26 0.24

/proc/meminfo:
MemTotal:         892304 kB
MemFree:           56676 kB
MemAvailable:      11684 kB
Buffers:            2740 kB
Cached:            55856 kB
SwapCached:            0 kB
Active:           729632 kB
Inactive:          41760 kB
Active(anon):     715864 kB
Inactive(anon):    29580 kB
Active(file):      13768 kB
Inactive(file):    12180 kB
Unevictable:        3428 kB
Mlocked:            3428 kB
HighTotal:        135168 kB
HighFree:           3228 kB
LowTotal:         757136 kB
LowFree:           53448 kB
SwapTotal:             0 kB
SwapFree:              0 kB
Dirty:                20 kB
Writeback:             0 kB
AnonPages:        716228 kB
Mapped:            32772 kB
Shmem:             30224 kB
Slab:              32180 kB
SReclaimable:      12972 kB
SUnreclaim:        19208 kB
KernelStack:        2280 kB
PageTables:         4724 kB
NFS_Unstable:          0 kB
Bounce:                0 kB
WritebackTmp:          0 kB
CommitLimit:      446152 kB
Committed_AS:    2276320 kB
VmallocTotal:     122880 kB
VmallocUsed:           0 kB
VmallocChunk:          0 kB
AnonHugePages:    415744 kB
ShmemHugePages:        0 kB
ShmemPmdMapped:        0 kB
CmaTotal:              0 kB
CmaFree:               0 kB
HugePages_Total:       0
HugePages_Free:        0
HugePages_Rsvd:        0
HugePages_Surp:        0
Hugepagesize:       2048 kB
DirectMap4k:       16376 kB
DirectMap2M:      897024 kB


CPU:total 1 (initial active 1) (12 cores per cpu, 1 threads per core) family 6 model 63 stepping 2, cmov, cx8, fxsr, mmx, sse, sse2, sse3, ssse3, sse4.1, sse4.2, popcnt, avx, avx2, aes, clmul, lzcnt, tsc

/proc/cpuinfo:
processor	: 0
vendor_id	: GenuineIntel
cpu family	: 6
model		: 63
model name	: Intel(R) Xeon(R) CPU E5-26xx v3
stepping	: 2
microcode	: 0x1
cpu MHz		: 2294.682
cache size	: 4096 KB
physical id	: 0
siblings	: 1
core id		: 0
cpu cores	: 1
apicid		: 0
initial apicid	: 0
fdiv_bug	: no
f00f_bug	: no
coma_bug	: no
fpu		: yes
fpu_exception	: yes
cpuid level	: 13
wp		: yes
flags		: fpu vme de pse tsc msr pae mce cx8 apic sep mtrr pge mca cmov pat pse36 clflush mmx fxsr sse sse2 ss ht syscall nx lm constant_tsc cpuid pni pclmulqdq ssse3 fma cx16 pcid sse4_1 sse4_2 x2apic movbe popcnt tsc_deadline_timer aes xsave avx f16c rdrand hypervisor lahf_lm abm avx2 xsaveopt
bugs		:
bogomips	: 4589.36
clflush size	: 64
cache_alignment	: 64
address sizes	: 40 bits physical, 48 bits virtual
power management:



Memory: 4k page, physical 892304k(56676k free), swap 0k(0k free)

vm_info: Java HotSpot(TM) Client VM (25.131-b11) for linux-x86 JRE (1.8.0_131-b11), built on Mar 15 2017 01:31:04 by "java_re" with gcc 4.3.0 20080428 (Red Hat 4.3.0-8)

time: Thu Jul 27 22:41:22 2017
elapsed time: 34358 seconds (0d 9h 32m 38s)

