#
# There is insufficient memory for the Java Runtime Environment to continue.
# Native memory allocation (mmap) failed to map 78630912 bytes for committing reserved memory.
# Possible reasons:
#   The system is out of physical RAM or swap space
#   In 32 bit mode, the process size limit was hit
# Possible solutions:
#   Reduce memory load on the system
#   Increase physical memory or swap space
#   Check if swap backing store is full
#   Use 64 bit Java on a 64 bit OS
#   Decrease Java heap size (-Xmx/-Xms)
#   Decrease number of Java threads
#   Decrease Java thread stack sizes (-Xss)
#   Set larger code cache with -XX:ReservedCodeCacheSize=
# This output file may be truncated or incomplete.
#
#  Out of Memory Error (os_linux.cpp:2640), pid=26313, tid=0x93f30b40
#
# JRE version: Java(TM) SE Runtime Environment (8.0_131-b11) (build 1.8.0_131-b11)
# Java VM: Java HotSpot(TM) Client VM (25.131-b11 mixed mode linux-x86 )
# Failed to write core dump. Core dumps have been disabled. To enable core dumping, try "ulimit -c unlimited" before starting Java again
#

---------------  T H R E A D  ---------------

Current thread (0xb695d800):  VMThread [stack: 0x93eb0000,0x93f31000] [id=26315]

Stack: [0x93eb0000,0x93f31000],  sp=0x93f2f9c0,  free space=510k
Native frames: (J=compiled Java code, j=interpreted, Vv=VM code, C=native code)
V  [libjvm.so+0x5bd0ff]  VMError::report_and_die()+0x16f
V  [libjvm.so+0x20d785]  report_vm_out_of_memory(char const*, int, unsigned int, VMErrorType, char const*)+0x55
V  [libjvm.so+0x49fe76]  os::Linux::commit_memory_impl(char*, unsigned int, bool)+0xe6
V  [libjvm.so+0x4a0298]  os::pd_commit_memory(char*, unsigned int, unsigned int, bool)+0x28
V  [libjvm.so+0x49a1ac]  os::commit_memory(char*, unsigned int, unsigned int, bool)+0x2c
V  [libjvm.so+0x5b919c]  VirtualSpace::expand_by(unsigned int, bool)+0x1ec
V  [libjvm.so+0x29e29b]  OneContigSpaceCardGeneration::grow_by(unsigned int)+0x1b
V  [libjvm.so+0x29e5bb]  CardGeneration::expand(unsigned int, unsigned int)+0x5b
V  [libjvm.so+0x29e63a]  OneContigSpaceCardGeneration::expand(unsigned int, unsigned int)+0x2a
V  [libjvm.so+0x29ec75]  CardGeneration::compute_new_size()+0x1d5
V  [libjvm.so+0x292d79]  GenCollectedHeap::do_collection(bool, bool, unsigned int, bool, int)+0x679
V  [libjvm.so+0x1ba46f]  GenCollectorPolicy::satisfy_failed_allocation(unsigned int, bool)+0x10f
V  [libjvm.so+0x5be2e4]  VM_GenCollectForAllocation::doit()+0x74
V  [libjvm.so+0x5c7c07]  VM_Operation::evaluate()+0x47
V  [libjvm.so+0x5c5ce3]  VMThread::evaluate_operation(VM_Operation*)+0xb3
V  [libjvm.so+0x5c6080]  VMThread::loop()+0x1b0
V  [libjvm.so+0x5c64e5]  VMThread::run()+0x85
V  [libjvm.so+0x4a2739]  java_start(Thread*)+0x119
C  [libpthread.so.0+0x6295]  start_thread+0xe5

VM_Operation (0x8cbfd7b0): GenCollectForAllocation, mode: safepoint, requested by thread 0x8de92800


---------------  P R O C E S S  ---------------

Java Threads: ( => current thread )
  0x8de92800 JavaThread "Chunk I/O Executor Thread-1" daemon [_thread_blocked, id=26484, stack(0x8cbae000,0x8cbff000)]
  0x082dfc00 JavaThread "process reaper" daemon [_thread_blocked, id=26482, stack(0x91792000,0x917a9000)]
  0x082dd400 JavaThread "Netty IO #2" daemon [_thread_blocked, id=26479, stack(0x8cbff000,0x8cc50000)]
  0x0845e000 JavaThread "Netty IO #1" daemon [_thread_in_native, id=26467, stack(0x8d445000,0x8d496000)]
  0x8de67c00 JavaThread "File IO Thread" [_thread_blocked, id=26390, stack(0x8cd50000,0x8cda1000)]
  0x8de45c00 JavaThread "Java2D Disposer" daemon [_thread_blocked, id=26352, stack(0x8cea1000,0x8cef2000)]
  0x93df2800 JavaThread "Netty IO #0" daemon [_thread_blocked, id=26345, stack(0x8d2a3000,0x8d2f4000)]
  0x93de7800 JavaThread "Spigot Metrics Thread" daemon [_thread_blocked, id=26344, stack(0x8d2f4000,0x8d345000)]
  0x93dea000 JavaThread "Spigot Watchdog Thread" [_thread_blocked, id=26343, stack(0x8d5af000,0x8d600000)]
  0x93d1a800 JavaThread "Thread-7" [_thread_blocked, id=26334, stack(0x9080d000,0x9085e000)]
  0x93d18800 JavaThread "Server console handler" daemon [_thread_in_native, id=26333, stack(0x9085e000,0x908af000)]
  0xb6907400 JavaThread "DestroyJavaVM" [_thread_blocked, id=26314, stack(0xb6a1a000,0xb6a6b000)]
  0x911cb400 JavaThread "Server thread" [_thread_blocked, id=26332, stack(0x908af000,0x90900000)]
  0x911c8000 JavaThread "Server Infinisleeper" daemon [_thread_blocked, id=26331, stack(0x91741000,0x91792000)]
  0x9348fc00 JavaThread "Snooper Timer" daemon [_thread_blocked, id=26323, stack(0x93510000,0x93561000)]
  0xb6983c00 JavaThread "Service Thread" daemon [_thread_blocked, id=26320, stack(0x939dd000,0x93a2e000)]
  0xb6980800 JavaThread "C1 CompilerThread0" daemon [_thread_blocked, id=26319, stack(0x93a2e000,0x93aaf000)]
  0xb697f000 JavaThread "Signal Dispatcher" daemon [_thread_blocked, id=26318, stack(0x93aaf000,0x93b00000)]
  0xb6964c00 JavaThread "Finalizer" daemon [_thread_blocked, id=26317, stack(0x93e0e000,0x93e5f000)]
  0xb6962000 JavaThread "Reference Handler" daemon [_thread_blocked, id=26316, stack(0x93e5f000,0x93eb0000)]

Other Threads:
=>0xb695d800 VMThread [stack: 0x93eb0000,0x93f31000] [id=26315]
  0xb6985c00 WatcherThread [stack: 0x9395c000,0x939dd000] [id=26321]

VM state:at safepoint (normal execution)

VM Mutex/Monitor currently owned by a thread:  ([mutex/lock_event])
[0xb6904970] Threads_lock - owner thread: 0xb695d800
[0xb6904d80] Heap_lock - owner thread: 0x8de92800

Heap:
 def new generation   total 71424K, used 0K [0x94600000, 0x99370000, 0x9f0a0000)
  eden space 63552K,   0% used [0x94600000, 0x94600000, 0x98410000)
  from space 7872K,   0% used [0x98bc0000, 0x98bc0000, 0x99370000)
  to   space 7872K,   0% used [0x98410000, 0x98410000, 0x98bc0000)
 tenured generation   total 159340K, used 141676K [0x9f0a0000, 0xa8c3b000, 0xb4600000)
   the space 159340K,  88% used [0x9f0a0000, 0xa7afb2c0, 0xa7afb400, 0xa8c3b000)
 Metaspace       used 23414K, capacity 23670K, committed 23808K, reserved 23856K

Card table byte_map: [0xb46ec000,0xb47ed000] byte_map_base: 0xb4249000

Polling page: 0xb7758000

CodeCache: size=32768Kb used=5946Kb max_used=5946Kb free=26821Kb
 bounds [0xb486d000, 0xb4e3d000, 0xb686d000]
 total_blobs=3449 nmethods=3159 adapters=220
 compilation: enabled

Compilation events (10 events):
Event: 127.501 Thread 0xb6980800 3227             net.minecraft.util.ChunkCoordinates::<init> (20 bytes)
Event: 127.501 Thread 0xb6980800 nmethod 3227 0xb4e3b648 code [0xb4e3b740, 0xb4e3b7d0]
Event: 127.501 Thread 0xb6980800 3228   !         io.netty.util.DefaultAttributeMap::attr (89 bytes)
Event: 127.502 Thread 0xb6980800 nmethod 3228 0xb4e3b808 code [0xb4e3b980, 0xb4e3bd88]
Event: 127.502 Thread 0xb6980800 3229             java.lang.ThreadLocal::set (30 bytes)
Event: 127.502 Thread 0xb6980800 nmethod 3229 0xb4e3c008 code [0xb4e3c130, 0xb4e3c240]
Event: 127.503 Thread 0xb6980800 3230             net.minecraft.server.management.PlayerManager::isChunkInUse (32 bytes)
Event: 127.503 Thread 0xb6980800 nmethod 3230 0xb4e3c348 code [0xb4e3c460, 0xb4e3c544]
Event: 127.565 Thread 0xb6980800 3231             io.netty.channel.nio.AbstractNioChannel::isOpen (8 bytes)
Event: 127.565 Thread 0xb6980800 nmethod 3231 0xb4e3c608 code [0xb4e3c700, 0xb4e3c790]

GC Heap History (10 events):
Event: 115.010 GC heap after
Heap after GC invocations=60 (full 2):
 def new generation   total 71424K, used 2320K [0x94600000, 0x99370000, 0x9f0a0000)
  eden space 63552K,   0% used [0x94600000, 0x94600000, 0x98410000)
  from space 7872K,  29% used [0x98410000, 0x98654230, 0x98bc0000)
  to   space 7872K,   0% used [0x98bc0000, 0x98bc0000, 0x99370000)
 tenured generation   total 158444K, used 136780K [0x9f0a0000, 0xa8b5b000, 0xb4600000)
   the space 158444K,  86% used [0x9f0a0000, 0xa7633088, 0xa7633200, 0xa8b5b000)
 Metaspace       used 22461K, capacity 22739K, committed 22784K, reserved 22832K
}
Event: 126.049 GC heap before
{Heap before GC invocations=60 (full 2):
 def new generation   total 71424K, used 65872K [0x94600000, 0x99370000, 0x9f0a0000)
  eden space 63552K, 100% used [0x94600000, 0x98410000, 0x98410000)
  from space 7872K,  29% used [0x98410000, 0x98654230, 0x98bc0000)
  to   space 7872K,   0% used [0x98bc0000, 0x98bc0000, 0x99370000)
 tenured generation   total 158444K, used 136780K [0x9f0a0000, 0xa8b5b000, 0xb4600000)
   the space 158444K,  86% used [0x9f0a0000, 0xa7633088, 0xa7633200, 0xa8b5b000)
 Metaspace       used 23069K, capacity 23347K, committed 23424K, reserved 23856K
Event: 126.058 GC heap after
Heap after GC invocations=61 (full 2):
 def new generation   total 71424K, used 3329K [0x94600000, 0x99370000, 0x9f0a0000)
  eden space 63552K,   0% used [0x94600000, 0x94600000, 0x98410000)
  from space 7872K,  42% used [0x98bc0000, 0x98f00700, 0x99370000)
  to   space 7872K,   0% used [0x98410000, 0x98410000, 0x98bc0000)
 tenured generation   total 158444K, used 136780K [0x9f0a0000, 0xa8b5b000, 0xb4600000)
   the space 158444K,  86% used [0x9f0a0000, 0xa7633088, 0xa7633200, 0xa8b5b000)
 Metaspace       used 23069K, capacity 23347K, committed 23424K, reserved 23856K
}
Event: 126.884 GC heap before
{Heap before GC invocations=61 (full 2):
 def new generation   total 71424K, used 70016K [0x94600000, 0x99370000, 0x9f0a0000)
  eden space 63552K, 100% used [0x94600000, 0x98410000, 0x98410000)
  from space 7872K,  82% used [0x98bc0000, 0x99210210, 0x99370000)
  to   space 7872K,   0% used [0x98410000, 0x98410000, 0x98bc0000)
 tenured generation   total 158444K, used 136780K [0x9f0a0000, 0xa8b5b000, 0xb4600000)
   the space 158444K,  86% used [0x9f0a0000, 0xa7633088, 0xa7633200, 0xa8b5b000)
 Metaspace       used 23363K, capacity 23638K, committed 23680K, reserved 23856K
Event: 126.902 GC heap after
Heap after GC invocations=62 (full 2):
 def new generation   total 71424K, used 7872K [0x94600000, 0x99370000, 0x9f0a0000)
  eden space 63552K,   0% used [0x94600000, 0x94600000, 0x98410000)
  from space 7872K, 100% used [0x98410000, 0x98bc0000, 0x98bc0000)
  to   space 7872K,   0% used [0x98bc0000, 0x98bc0000, 0x99370000)
 tenured generation   total 158444K, used 141426K [0x9f0a0000, 0xa8b5b000, 0xb4600000)
   the space 158444K,  89% used [0x9f0a0000, 0xa7abc970, 0xa7abca00, 0xa8b5b000)
 Metaspace       used 23363K, capacity 23638K, committed 23680K, reserved 23856K
}
Event: 127.245 GC heap before
{Heap before GC invocations=62 (full 2):
 def new generation   total 71424K, used 71424K [0x94600000, 0x99370000, 0x9f0a0000)
  eden space 63552K, 100% used [0x94600000, 0x98410000, 0x98410000)
  from space 7872K, 100% used [0x98410000, 0x98bc0000, 0x98bc0000)
  to   space 7872K,   0% used [0x98bc0000, 0x98bc0000, 0x99370000)
 tenured generation   total 158444K, used 141430K [0x9f0a0000, 0xa8b5b000, 0xb4600000)
   the space 158444K,  89% used [0x9f0a0000, 0xa7abd980, 0xa7abda00, 0xa8b5b000)
 Metaspace       used 23413K, capacity 23670K, committed 23808K, reserved 23856K
Event: 127.264 GC heap after
Heap after GC invocations=63 (full 2):
 def new generation   total 71424K, used 7872K [0x94600000, 0x99370000, 0x9f0a0000)
  eden space 63552K,   0% used [0x94600000, 0x94600000, 0x98410000)
  from space 7872K, 100% used [0x98bc0000, 0x99370000, 0x99370000)
  to   space 7872K,   0% used [0x98410000, 0x98410000, 0x98bc0000)
 tenured generation   total 158444K, used 147847K [0x9f0a0000, 0xa8b5b000, 0xb4600000)
   the space 158444K,  93% used [0x9f0a0000, 0xa8101ef8, 0xa8102000, 0xa8b5b000)
 Metaspace       used 23413K, capacity 23670K, committed 23808K, reserved 23856K
}
Event: 127.271 GC heap before
{Heap before GC invocations=63 (full 2):
 def new generation   total 71424K, used 10280K [0x94600000, 0x99370000, 0x9f0a0000)
  eden space 63552K,   3% used [0x94600000, 0x9485a038, 0x98410000)
  from space 7872K, 100% used [0x98bc0000, 0x99370000, 0x99370000)
  to   space 7872K,   0% used [0x98410000, 0x98410000, 0x98bc0000)
 tenured generation   total 158444K, used 147847K [0x9f0a0000, 0xa8b5b000, 0xb4600000)
   the space 158444K,  93% used [0x9f0a0000, 0xa8101ef8, 0xa8102000, 0xa8b5b000)
 Metaspace       used 23413K, capacity 23670K, committed 23808K, reserved 23856K
Event: 127.278 GC heap after
Heap after GC invocations=64 (full 2):
 def new generation   total 71424K, used 1680K [0x94600000, 0x99370000, 0x9f0a0000)
  eden space 63552K,   0% used [0x94600000, 0x94600000, 0x98410000)
  from space 7872K,  21% used [0x98410000, 0x985b4360, 0x98bc0000)
  to   space 7872K,   0% used [0x98bc0000, 0x98bc0000, 0x99370000)
 tenured generation   total 158444K, used 151829K [0x9f0a0000, 0xa8b5b000, 0xb4600000)
   the space 158444K,  95% used [0x9f0a0000, 0xa84e5710, 0xa84e5800, 0xa8b5b000)
 Metaspace       used 23413K, capacity 23670K, committed 23808K, reserved 23856K
}
Event: 127.603 GC heap before
{Heap before GC invocations=64 (full 2):
 def new generation   total 71424K, used 65232K [0x94600000, 0x99370000, 0x9f0a0000)
  eden space 63552K, 100% used [0x94600000, 0x98410000, 0x98410000)
  from space 7872K,  21% used [0x98410000, 0x985b4360, 0x98bc0000)
  to   space 7872K,   0% used [0x98bc0000, 0x98bc0000, 0x99370000)
 tenured generation   total 158444K, used 151829K [0x9f0a0000, 0xa8b5b000, 0xb4600000)
   the space 158444K,  95% used [0x9f0a0000, 0xa84e5710, 0xa84e5800, 0xa8b5b000)
 Metaspace       used 23414K, capacity 23670K, committed 23808K, reserved 23856K

Deoptimization events (0 events):
No events

Internal exceptions (10 events):
Event: 25.781 Thread 0x911cb400 Exception <a 'java/lang/NullPointerException'> (0x94626c18) thrown at [/HUDSON/workspace/8-2-build-linux-i586/jdk8u131/8869/hotspot/src/share/vm/runtime/sharedRuntime.cpp, line 605]
Event: 25.795 Thread 0x911cb400 Implicit null exception at 0xb499ed0f to 0xb499f2b3
Event: 25.795 Thread 0x911cb400 Exception <a 'java/lang/NullPointerException'> (0x9476e770) thrown at [/HUDSON/workspace/8-2-build-linux-i586/jdk8u131/8869/hotspot/src/share/vm/runtime/sharedRuntime.cpp, line 605]
Event: 25.811 Thread 0x911cb400 Exception <a 'java/io/FileNotFoundException'> (0x947ad908) thrown at [/HUDSON/workspace/8-2-build-linux-i586/jdk8u131/8869/hotspot/src/share/vm/prims/jni.cpp, line 709]
Event: 25.811 Thread 0x911cb400 Exception <a 'java/io/FileNotFoundException'> (0x947ae888) thrown at [/HUDSON/workspace/8-2-build-linux-i586/jdk8u131/8869/hotspot/src/share/vm/prims/jni.cpp, line 709]
Event: 25.833 Thread 0x911cb400 Implicit null exception at 0xb4cedbc3 to 0xb4cede51
Event: 114.938 Thread 0x0845e000 Exception <a 'java/lang/ArrayIndexOutOfBoundsException'> (0x975dfe90) thrown at [/HUDSON/workspace/8-2-build-linux-i586/jdk8u131/8869/hotspot/src/share/vm/runtime/sharedRuntime.cpp, line 605]
Event: 126.095 Thread 0x911cb400 Exception <a 'java/lang/ArrayIndexOutOfBoundsException'> (0x94e25630) thrown at [/HUDSON/workspace/8-2-build-linux-i586/jdk8u131/8869/hotspot/src/share/vm/runtime/sharedRuntime.cpp, line 605]
Event: 126.096 Thread 0x911cb400 Exception <a 'java/lang/ArrayIndexOutOfBoundsException'> (0x94e73358) thrown at [/HUDSON/workspace/8-2-build-linux-i586/jdk8u131/8869/hotspot/src/share/vm/runtime/sharedRuntime.cpp, line 605]
Event: 126.109 Thread 0x911cb400 Exception <a 'java/lang/ArrayIndexOutOfBoundsException'> (0x9514b0e0) thrown at [/HUDSON/workspace/8-2-build-linux-i586/jdk8u131/8869/hotspot/src/share/vm/runtime/sharedRuntime.cpp, line 605]

Events (10 events):
Event: 127.001 loading class org/bukkit/craftbukkit/v1_7_R4/util/WeakCollection$1 done
Event: 127.120 loading class net/minecraftforge/common/EnumPlantType
Event: 127.120 loading class net/minecraftforge/common/EnumPlantType done
Event: 127.238 Executing VM operation: GenCollectForAllocation
Event: 127.245 Executing VM operation: GenCollectForAllocation done
Event: 127.245 Executing VM operation: GenCollectForAllocation
Event: 127.264 Executing VM operation: GenCollectForAllocation done
Event: 127.270 Executing VM operation: GenCollectFull
Event: 127.289 Executing VM operation: GenCollectFull done
Event: 127.602 Executing VM operation: GenCollectForAllocation


Dynamic libraries:
08048000-08049000 r-xp 00000000 fc:01 501474     /usr/lib/jvm/java-8-oracle/jre/bin/java
08049000-0804a000 rw-p 00000000 fc:01 501474     /usr/lib/jvm/java-8-oracle/jre/bin/java
0807b000-0848d000 rw-p 00000000 00:00 0          [heap]
8cbae000-8cbb1000 ---p 00000000 00:00 0 
8cbb1000-8cbff000 rw-p 00000000 00:00 0 
8cbff000-8cc02000 ---p 00000000 00:00 0 
8cc02000-8cd50000 rw-p 00000000 00:00 0 
8cd50000-8cd53000 ---p 00000000 00:00 0 
8cd53000-8cea1000 rw-p 00000000 00:00 0 
8cea1000-8cea4000 ---p 00000000 00:00 0 
8cea4000-8cef2000 rw-p 00000000 00:00 0 
8cef2000-8cf78000 r-xp 00000000 fc:01 535529     /usr/lib/jvm/java-8-oracle/jre/lib/i386/libawt.so
8cf78000-8cf7f000 rw-p 00086000 fc:01 535529     /usr/lib/jvm/java-8-oracle/jre/lib/i386/libawt.so
8cf7f000-8d0a3000 rw-p 00000000 00:00 0 
8d0a3000-8d1a3000 rw-p 00000000 00:00 0 
8d1a3000-8d2a3000 rw-p 00000000 00:00 0 
8d2a3000-8d2a6000 ---p 00000000 00:00 0 
8d2a6000-8d2f4000 rw-p 00000000 00:00 0 
8d2f4000-8d2f7000 ---p 00000000 00:00 0 
8d2f7000-8d445000 rw-p 00000000 00:00 0 
8d445000-8d448000 ---p 00000000 00:00 0 
8d448000-8d596000 rw-p 00000000 00:00 0 
8d596000-8d5aa000 r-xp 00000000 fc:01 475849     /lib/i386-linux-gnu/libresolv-2.23.so
8d5aa000-8d5ab000 ---p 00014000 fc:01 475849     /lib/i386-linux-gnu/libresolv-2.23.so
8d5ab000-8d5ac000 r--p 00014000 fc:01 475849     /lib/i386-linux-gnu/libresolv-2.23.so
8d5ac000-8d5ad000 rw-p 00015000 fc:01 475849     /lib/i386-linux-gnu/libresolv-2.23.so
8d5ad000-8d5af000 rw-p 00000000 00:00 0 
8d5af000-8d5b2000 ---p 00000000 00:00 0 
8d5b2000-8d600000 rw-p 00000000 00:00 0 
8d600000-8d6fe000 rw-p 00000000 00:00 0 
8d6fe000-8d700000 ---p 00000000 00:00 0 
8d700000-8d800000 rw-p 00000000 00:00 0 
8d800000-8d8fe000 rw-p 00000000 00:00 0 
8d8fe000-8d900000 ---p 00000000 00:00 0 
8d900000-8d9fe000 rw-p 00000000 00:00 0 
8d9fe000-8da00000 ---p 00000000 00:00 0 
8da00000-8dafe000 rw-p 00000000 00:00 0 
8dafe000-8db00000 ---p 00000000 00:00 0 
8db00000-8dbfe000 rw-p 00000000 00:00 0 
8dbfe000-8dc00000 ---p 00000000 00:00 0 
8dc00000-8dcfe000 rw-p 00000000 00:00 0 
8dcfe000-8dd00000 ---p 00000000 00:00 0 
8dd00000-8ddfe000 rw-p 00000000 00:00 0 
8ddfe000-8de00000 ---p 00000000 00:00 0 
8de00000-8defe000 rw-p 00000000 00:00 0 
8defe000-8df00000 ---p 00000000 00:00 0 
8df00000-8dffe000 rw-p 00000000 00:00 0 
8dffe000-8e000000 ---p 00000000 00:00 0 
8e000000-8e0fe000 rw-p 00000000 00:00 0 
8e0fe000-8e100000 ---p 00000000 00:00 0 
8e100000-8e1fe000 rw-p 00000000 00:00 0 
8e1fe000-8e200000 ---p 00000000 00:00 0 
8e200000-8e2fe000 rw-p 00000000 00:00 0 
8e2fe000-8e300000 ---p 00000000 00:00 0 
8e300000-8e3fe000 rw-p 00000000 00:00 0 
8e3fe000-8e400000 ---p 00000000 00:00 0 
8e400000-8e4fe000 rw-p 00000000 00:00 0 
8e4fe000-8e500000 ---p 00000000 00:00 0 
8e500000-8e5fe000 rw-p 00000000 00:00 0 
8e5fe000-8e600000 ---p 00000000 00:00 0 
8e600000-8e6fe000 rw-p 00000000 00:00 0 
8e6fe000-8e700000 ---p 00000000 00:00 0 
8e700000-8e7fe000 rw-p 00000000 00:00 0 
8e7fe000-8e800000 ---p 00000000 00:00 0 
8e800000-8e8fe000 rw-p 00000000 00:00 0 
8e8fe000-8e900000 ---p 00000000 00:00 0 
8e900000-8e9fe000 rw-p 00000000 00:00 0 
8e9fe000-8ea00000 ---p 00000000 00:00 0 
8ea00000-8eafe000 rw-p 00000000 00:00 0 
8eafe000-8eb00000 ---p 00000000 00:00 0 
8eb00000-8ebfe000 rw-p 00000000 00:00 0 
8ebfe000-8ec00000 ---p 00000000 00:00 0 
8ec00000-8ecfe000 rw-p 00000000 00:00 0 
8ecfe000-8ed00000 ---p 00000000 00:00 0 
8ed00000-8edfe000 rw-p 00000000 00:00 0 
8edfe000-8ee00000 ---p 00000000 00:00 0 
8ee00000-8eefe000 rw-p 00000000 00:00 0 
8eefe000-8ef00000 ---p 00000000 00:00 0 
8ef00000-8effe000 rw-p 00000000 00:00 0 
8effe000-8f000000 ---p 00000000 00:00 0 
8f000000-8f0fe000 rw-p 00000000 00:00 0 
8f0fe000-8f100000 ---p 00000000 00:00 0 
8f100000-8f1fe000 rw-p 00000000 00:00 0 
8f1fe000-8f200000 ---p 00000000 00:00 0 
8f200000-8f2fe000 rw-p 00000000 00:00 0 
8f2fe000-8f300000 ---p 00000000 00:00 0 
8f300000-8f3fe000 rw-p 00000000 00:00 0 
8f3fe000-8f400000 ---p 00000000 00:00 0 
8f400000-8f4fe000 rw-p 00000000 00:00 0 
8f4fe000-8f500000 ---p 00000000 00:00 0 
8f500000-8f5fe000 rw-p 00000000 00:00 0 
8f5fe000-8f600000 ---p 00000000 00:00 0 
8f600000-8f6fe000 rw-p 00000000 00:00 0 
8f6fe000-8f700000 ---p 00000000 00:00 0 
8f700000-8f7fe000 rw-p 00000000 00:00 0 
8f7fe000-8f800000 ---p 00000000 00:00 0 
8f800000-8f8fe000 rw-p 00000000 00:00 0 
8f8fe000-8f900000 ---p 00000000 00:00 0 
8f900000-8f9fe000 rw-p 00000000 00:00 0 
8f9fe000-8fa00000 ---p 00000000 00:00 0 
8fa00000-8fafe000 rw-p 00000000 00:00 0 
8fafe000-8fb00000 ---p 00000000 00:00 0 
8fb00000-8fbfe000 rw-p 00000000 00:00 0 
8fbfe000-8fc00000 ---p 00000000 00:00 0 
8fc00000-8fcfe000 rw-p 00000000 00:00 0 
8fcfe000-8fd00000 ---p 00000000 00:00 0 
8fd00000-8fdfe000 rw-p 00000000 00:00 0 
8fdfe000-8fe00000 ---p 00000000 00:00 0 
8fe00000-8fefe000 rw-p 00000000 00:00 0 
8fefe000-8ff00000 ---p 00000000 00:00 0 
8ff00000-8fffe000 rw-p 00000000 00:00 0 
8fffe000-90000000 ---p 00000000 00:00 0 
90000000-900fe000 rw-p 00000000 00:00 0 
900fe000-90100000 ---p 00000000 00:00 0 
90100000-901fe000 rw-p 00000000 00:00 0 
901fe000-90200000 ---p 00000000 00:00 0 
90200000-902fe000 rw-p 00000000 00:00 0 
902fe000-90300000 ---p 00000000 00:00 0 
90300000-903fe000 rw-p 00000000 00:00 0 
903fe000-90400000 ---p 00000000 00:00 0 
90400000-904fe000 rw-p 00000000 00:00 0 
904fe000-90500000 ---p 00000000 00:00 0 
90500000-905fe000 rw-p 00000000 00:00 0 
905fe000-90600000 ---p 00000000 00:00 0 
90600000-906ff000 rw-p 00000000 00:00 0 
906ff000-90700000 ---p 00000000 00:00 0 
90706000-9070c000 r-xp 00000000 fc:01 535550     /usr/lib/jvm/java-8-oracle/jre/lib/i386/libawt_headless.so
9070c000-9070d000 rw-p 00005000 fc:01 535550     /usr/lib/jvm/java-8-oracle/jre/lib/i386/libawt_headless.so
9070d000-9080d000 rw-p 00000000 00:00 0 
9080d000-90810000 ---p 00000000 00:00 0 
90810000-9085e000 rw-p 00000000 00:00 0 
9085e000-90861000 ---p 00000000 00:00 0 
90861000-908af000 rw-p 00000000 00:00 0 
908af000-908b2000 ---p 00000000 00:00 0 
908b2000-90a00000 rw-p 00000000 00:00 0 
90a00000-90b00000 rw-p 00000000 00:00 0 
90b00000-90bfa000 rw-p 00000000 00:00 0 
90bfa000-90c00000 ---p 00000000 00:00 0 
90c00000-90cc6000 rw-p 00000000 00:00 0 
90cc6000-90d00000 ---p 00000000 00:00 0 
90d00000-90e00000 rw-p 00000000 00:00 0 
90e00000-90f00000 rw-p 00000000 00:00 0 
90f00000-90ffd000 rw-p 00000000 00:00 0 
90ffd000-91000000 ---p 00000000 00:00 0 
91000000-91100000 rw-p 00000000 00:00 0 
91100000-91200000 rw-p 00000000 00:00 0 
91200000-91300000 rw-p 00000000 00:00 0 
91300000-91400000 rw-p 00000000 00:00 0 
91400000-91500000 rw-p 00000000 00:00 0 
91500000-91600000 rw-p 00000000 00:00 0 
91600000-91700000 rw-p 00000000 00:00 0 
91704000-91709000 r-xp 00000000 fc:01 475817     /lib/i386-linux-gnu/libnss_dns-2.23.so
91709000-9170a000 r--p 00004000 fc:01 475817     /lib/i386-linux-gnu/libnss_dns-2.23.so
9170a000-9170b000 rw-p 00005000 fc:01 475817     /lib/i386-linux-gnu/libnss_dns-2.23.so
9170f000-91712000 r--s 0001a000 fc:01 450870     /usr/lib/jvm/java-8-oracle/jre/lib/jce.jar
91712000-9172e000 r--s 00393000 fc:01 501421     /usr/lib/jvm/java-8-oracle/jre/lib/ext/cldrdata.jar
9172e000-91738000 r--s 00116000 fc:01 501425     /usr/lib/jvm/java-8-oracle/jre/lib/ext/localedata.jar
91738000-91741000 r--s 0004e000 fc:01 75830      /home/ubuntu/mc-mod-server/mods/G键合成CraftGuide-1.6.8.2-forge[hukk汉化].jar
91741000-91744000 ---p 00000000 00:00 0 
91744000-91792000 rw-p 00000000 00:00 0 
91792000-91795000 ---p 00000000 00:00 0 
91795000-917a9000 rw-p 00000000 00:00 0 
917a9000-917c5000 r-xp 00000000 fc:01 475189     /lib/i386-linux-gnu/libgcc_s.so.1
917c5000-917c6000 rw-p 0001b000 fc:01 475189     /lib/i386-linux-gnu/libgcc_s.so.1
917c6000-917e5000 r-xp 00000000 fc:01 535546     /usr/lib/jvm/java-8-oracle/jre/lib/i386/libunpack.so
917e5000-917e8000 rw-p 0001e000 fc:01 535546     /usr/lib/jvm/java-8-oracle/jre/lib/i386/libunpack.so
917e8000-917ec000 rw-p 00000000 00:00 0 
917ec000-917ff000 r--s 00345000 fc:01 450882     /usr/lib/jvm/java-8-oracle/jre/lib/resources.jar
917ff000-93400000 rw-p 00000000 00:00 0 
93400000-934fb000 rw-p 00000000 00:00 0 
934fb000-93500000 ---p 00000000 00:00 0 
93501000-93504000 r--s 00016000 fc:01 75817      /home/ubuntu/mc-mod-server/mods/更多村庄[1.7.10]MoVillages-1.4.2.jar
93504000-93506000 r--s 00006000 fc:01 75832      /home/ubuntu/mc-mod-server/mods/多彩聊天colorchat-1.11.2-2.0.42-universal.jar
93506000-9350b000 r--s 0009a000 fc:01 450892     /usr/lib/jvm/java-8-oracle/jre/lib/jsse.jar
9350b000-93510000 r--s 001bb000 fc:01 75841      /home/ubuntu/mc-mod-server/mods/拔剑mc1.7.10badaojianMOD.jar
93510000-93513000 ---p 00000000 00:00 0 
93513000-93561000 rw-p 00000000 00:00 0 
93561000-93570000 r-xp 00000000 fc:01 535536     /usr/lib/jvm/java-8-oracle/jre/lib/i386/libnio.so
93570000-93571000 rw-p 0000e000 fc:01 535536     /usr/lib/jvm/java-8-oracle/jre/lib/i386/libnio.so
93571000-93586000 r-xp 00000000 fc:01 535572     /usr/lib/jvm/java-8-oracle/jre/lib/i386/libnet.so
93586000-93587000 rw-p 00015000 fc:01 535572     /usr/lib/jvm/java-8-oracle/jre/lib/i386/libnet.so
93587000-9358f000 r-xp 00000000 fc:01 535521     /usr/lib/jvm/java-8-oracle/jre/lib/i386/libmanagement.so
9358f000-93590000 rw-p 00007000 fc:01 535521     /usr/lib/jvm/java-8-oracle/jre/lib/i386/libmanagement.so
93590000-9362c000 r--s 0088d000 fc:01 75726      /home/ubuntu/mc-mod-server/minecraft_server.1.7.10.jar
9362c000-93633000 r--s 000b7000 fc:01 75698      /home/ubuntu/mc-mod-server/libraries/mysql/mysql-connector-java/5.1.14/mysql-connector-java-5.1.14.jar
93633000-93638000 r--s 00309000 fc:01 75667      /home/ubuntu/mc-mod-server/libraries/org/xerial/sqlite-jdbc/3.7.2/sqlite-jdbc-3.7.2.jar
93638000-9365c000 r--s 001bf000 fc:01 75671      /home/ubuntu/mc-mod-server/libraries/org/avaje/ebean/2.7.3/ebean-2.7.3.jar
9365c000-936a7000 r--s 003eb000 fc:01 75658      /home/ubuntu/mc-mod-server/libraries/org/scala-lang/scala-reflect/2.11.1/scala-reflect-2.11.1.jar
936a7000-93700000 r--s 00502000 fc:01 75646      /home/ubuntu/mc-mod-server/libraries/org/scala-lang/scala-library/2.11.1/scala-library-2.11.1.jar
93700000-937fb000 rw-p 00000000 00:00 0 
937fb000-93800000 ---p 00000000 00:00 0 
93800000-93801000 r--s 00001000 fc:01 75851      /home/ubuntu/mc-mod-server/plugins/服务器中文说明MOTDColor.jar
93801000-93804000 r--s 0000b000 fc:01 75690      /home/ubuntu/mc-mod-server/libraries/javax/persistence/persistence-api/1.0.2/persistence-api-1.0.2.jar
93804000-93808000 r--s 0001b000 fc:01 75717      /home/ubuntu/mc-mod-server/libraries/net/sourceforge/argo/argo/2.25/argo-2.25.jar
93808000-9380b000 r--s 00019000 fc:01 75663      /home/ubuntu/mc-mod-server/libraries/org/fusesource/jansi/jansi/1.8/jansi-1.8.jar
9380b000-9380e000 r--s 0002a000 fc:01 75721      /home/ubuntu/mc-mod-server/libraries/jline/jline/2.6/jline-2.6.jar
9380e000-93813000 r--s 00041000 fc:01 75725      /home/ubuntu/mc-mod-server/libraries/commons-lang/commons-lang/2.6/commons-lang-2.6.jar
93813000-93819000 r--s 0003b000 fc:01 75629      /home/ubuntu/mc-mod-server/libraries/org/yaml/snakeyaml/1.9/snakeyaml-1.9.jar
93819000-93909000 r--s 00c03000 fc:01 75655      /home/ubuntu/mc-mod-server/libraries/org/scala-lang/scala-compiler/2.11.1/scala-compiler-2.11.1.jar
93909000-9395c000 r--s 007f9000 fc:01 74542      /home/ubuntu/mc-mod-server/cauldron.jar
9395c000-9395d000 ---p 00000000 00:00 0 
9395d000-939dd000 rw-p 00000000 00:00 0 
939dd000-939e0000 ---p 00000000 00:00 0 
939e0000-93a2e000 rw-p 00000000 00:00 0 
93a2e000-93a31000 ---p 00000000 00:00 0 
93a31000-93aaf000 rw-p 00000000 00:00 0 
93aaf000-93ab2000 ---p 00000000 00:00 0 
93ab2000-93b00000 rw-p 00000000 00:00 0 
93b00000-93d00000 r--p 00000000 fc:01 403194     /usr/lib/locale/locale-archive
93d00000-93dff000 rw-p 00000000 00:00 0 
93dff000-93e00000 ---p 00000000 00:00 0 
93e00000-93e02000 r--s 00010000 fc:01 75703      /home/ubuntu/mc-mod-server/libraries/net/md-5/SpecialSource/1.7-SNAPSHOT/SpecialSource-1.7-SNAPSHOT.jar
93e02000-93e04000 r--s 0000d000 fc:01 75708      /home/ubuntu/mc-mod-server/libraries/net/sf/jopt-simple/jopt-simple/4.5/jopt-simple-4.5.jar
93e04000-93e0e000 r--s 00098000 fc:01 75652      /home/ubuntu/mc-mod-server/libraries/org/scala-lang/scala-xml_2.11/1.0.2/scala-xml_2.11-1.0.2.jar
93e0e000-93e11000 ---p 00000000 00:00 0 
93e11000-93e5f000 rw-p 00000000 00:00 0 
93e5f000-93e62000 ---p 00000000 00:00 0 
93e62000-93eb0000 rw-p 00000000 00:00 0 
93eb0000-93eb1000 ---p 00000000 00:00 0 
93eb1000-93f80000 rw-p 00000000 00:00 0 
93f80000-94159000 r--s 03d40000 fc:01 450888     /usr/lib/jvm/java-8-oracle/jre/lib/rt.jar
94159000-945fa000 rw-p 00000000 00:00 0 
945fa000-94600000 ---p 00000000 00:00 0 
94600000-99370000 rw-p 00000000 00:00 0 
99370000-9f0a0000 ---p 00000000 00:00 0 
9f0a0000-a8c3b000 rw-p 00000000 00:00 0 
ad62f000-ad738000 rw-p 00000000 00:00 0 
ad738000-b4600000 ---p 00000000 00:00 0 
b4600000-b460b000 r--s 000a9000 fc:01 75633      /home/ubuntu/mc-mod-server/libraries/org/scala-lang/scala-swing_2.11/1.0.1/scala-swing_2.11-1.0.1.jar
b460b000-b4616000 r--s 0005f000 fc:01 75636      /home/ubuntu/mc-mod-server/libraries/org/scala-lang/scala-parser-combinators_2.11/1.0.1/scala-parser-combinators_2.11-1.0.1.jar
b4616000-b461c000 r--s 0002e000 fc:01 75640      /home/ubuntu/mc-mod-server/libraries/org/scala-lang/plugins/scala-continuations-plugin_2.11.1/1.0.2/scala-continuations-plugin_2.11.1-1.0.2.jar
b461c000-b4641000 r--s 0024b000 fc:01 75682      /home/ubuntu/mc-mod-server/libraries/com/typesafe/akka/akka-actor_2.11/2.3.3/akka-actor_2.11-2.3.3.jar
b4641000-b468f000 rw-p 00000000 00:00 0 
b468f000-b46ec000 ---p 00000000 00:00 0 
b46ec000-b4713000 rw-p 00000000 00:00 0 
b4713000-b4741000 ---p 00000000 00:00 0 
b4741000-b4790000 rw-p 00000000 00:00 0 
b4790000-b47ec000 ---p 00000000 00:00 0 
b47ec000-b4805000 rw-p 00000000 00:00 0 
b4805000-b486d000 ---p 00000000 00:00 0 
b486d000-b4e3d000 rwxp 00000000 00:00 0 
b4e3d000-b686d000 ---p 00000000 00:00 0 
b686d000-b6886000 r-xp 00000000 fc:01 535574     /usr/lib/jvm/java-8-oracle/jre/lib/i386/libzip.so
b6886000-b6887000 rw-p 00019000 fc:01 535574     /usr/lib/jvm/java-8-oracle/jre/lib/i386/libzip.so
b6887000-b688f000 rw-s 00000000 fc:01 16432      /tmp/hsperfdata_ubuntu/26313
b688f000-b689a000 r-xp 00000000 fc:01 475823     /lib/i386-linux-gnu/libnss_files-2.23.so
b689a000-b689b000 r--p 0000a000 fc:01 475823     /lib/i386-linux-gnu/libnss_files-2.23.so
b689b000-b689c000 rw-p 0000b000 fc:01 475823     /lib/i386-linux-gnu/libnss_files-2.23.so
b689c000-b68a2000 rw-p 00000000 00:00 0 
b68a2000-b68ad000 r-xp 00000000 fc:01 475835     /lib/i386-linux-gnu/libnss_nis-2.23.so
b68ad000-b68ae000 r--p 0000a000 fc:01 475835     /lib/i386-linux-gnu/libnss_nis-2.23.so
b68ae000-b68af000 rw-p 0000b000 fc:01 475835     /lib/i386-linux-gnu/libnss_nis-2.23.so
b68af000-b68c6000 r-xp 00000000 fc:01 475815     /lib/i386-linux-gnu/libnsl-2.23.so
b68c6000-b68c7000 r--p 00016000 fc:01 475815     /lib/i386-linux-gnu/libnsl-2.23.so
b68c7000-b68c8000 rw-p 00017000 fc:01 475815     /lib/i386-linux-gnu/libnsl-2.23.so
b68c8000-b68ca000 rw-p 00000000 00:00 0 
b68ca000-b68d2000 r-xp 00000000 fc:01 475846     /lib/i386-linux-gnu/libnss_compat-2.23.so
b68d2000-b68d3000 r--p 00007000 fc:01 475846     /lib/i386-linux-gnu/libnss_compat-2.23.so
b68d3000-b68d4000 rw-p 00008000 fc:01 475846     /lib/i386-linux-gnu/libnss_compat-2.23.so
b68d4000-b68d5000 r--s 00003000 fc:01 75677      /home/ubuntu/mc-mod-server/libraries/com/googlecode/json-simple/json-simple/1.1/json-simple-1.1.jar
b68d5000-b68d7000 r--s 00005000 fc:01 75643      /home/ubuntu/mc-mod-server/libraries/org/scala-lang/plugins/scala-continuations-library_2.11/1.0.2/scala-continuations-library_2.11-1.0.2.jar
b68d7000-b68db000 r--s 00032000 fc:01 75685      /home/ubuntu/mc-mod-server/libraries/com/typesafe/config/1.2.1/config-1.2.1.jar
b68db000-b68ff000 r-xp 00000000 fc:01 535569     /usr/lib/jvm/java-8-oracle/jre/lib/i386/libjava.so
b68ff000-b6900000 rw-p 00024000 fc:01 535569     /usr/lib/jvm/java-8-oracle/jre/lib/i386/libjava.so
b6900000-b69e1000 rw-p 00000000 00:00 0 
b69e1000-b6a00000 ---p 00000000 00:00 0 
b6a00000-b6a05000 r--s 00036000 fc:01 75625      /home/ubuntu/mc-mod-server/libraries/org/ow2/asm/asm-all/5.0.3/asm-all-5.0.3.jar
b6a05000-b6a10000 r-xp 00000000 fc:01 535528     /usr/lib/jvm/java-8-oracle/jre/lib/i386/libverify.so
b6a10000-b6a11000 rw-p 0000b000 fc:01 535528     /usr/lib/jvm/java-8-oracle/jre/lib/i386/libverify.so
b6a11000-b6a18000 r-xp 00000000 fc:01 475841     /lib/i386-linux-gnu/librt-2.23.so
b6a18000-b6a19000 r--p 00006000 fc:01 475841     /lib/i386-linux-gnu/librt-2.23.so
b6a19000-b6a1a000 rw-p 00007000 fc:01 475841     /lib/i386-linux-gnu/librt-2.23.so
b6a1a000-b6a1d000 ---p 00000000 00:00 0 
b6a1d000-b6a6b000 rw-p 00000000 00:00 0 
b6a6b000-b6abe000 r-xp 00000000 fc:01 475852     /lib/i386-linux-gnu/libm-2.23.so
b6abe000-b6abf000 r--p 00052000 fc:01 475852     /lib/i386-linux-gnu/libm-2.23.so
b6abf000-b6ac0000 rw-p 00053000 fc:01 475852     /lib/i386-linux-gnu/libm-2.23.so
b6ac0000-b7118000 r-xp 00000000 fc:01 560092     /usr/lib/jvm/java-8-oracle/jre/lib/i386/client/libjvm.so
b7118000-b713e000 rw-p 00657000 fc:01 560092     /usr/lib/jvm/java-8-oracle/jre/lib/i386/client/libjvm.so
b713e000-b7565000 rw-p 00000000 00:00 0 
b7565000-b7715000 r-xp 00000000 fc:01 475858     /lib/i386-linux-gnu/libc-2.23.so
b7715000-b7717000 r--p 001af000 fc:01 475858     /lib/i386-linux-gnu/libc-2.23.so
b7717000-b7718000 rw-p 001b1000 fc:01 475858     /lib/i386-linux-gnu/libc-2.23.so
b7718000-b771b000 rw-p 00000000 00:00 0 
b771b000-b771e000 r-xp 00000000 fc:01 475845     /lib/i386-linux-gnu/libdl-2.23.so
b771e000-b771f000 r--p 00002000 fc:01 475845     /lib/i386-linux-gnu/libdl-2.23.so
b771f000-b7720000 rw-p 00003000 fc:01 475845     /lib/i386-linux-gnu/libdl-2.23.so
b7720000-b7734000 r-xp 00000000 fc:01 583763     /usr/lib/jvm/java-8-oracle/jre/lib/i386/jli/libjli.so
b7734000-b7735000 rw-p 00014000 fc:01 583763     /usr/lib/jvm/java-8-oracle/jre/lib/i386/jli/libjli.so
b7735000-b774e000 r-xp 00000000 fc:01 475829     /lib/i386-linux-gnu/libpthread-2.23.so
b774e000-b774f000 r--p 00018000 fc:01 475829     /lib/i386-linux-gnu/libpthread-2.23.so
b774f000-b7750000 rw-p 00019000 fc:01 475829     /lib/i386-linux-gnu/libpthread-2.23.so
b7750000-b7752000 rw-p 00000000 00:00 0 
b7752000-b7753000 r--s 00001000 fc:01 75694      /home/ubuntu/mc-mod-server/libraries/lzma/lzma/0.0.1/lzma-0.0.1.jar
b7753000-b7755000 r--s 0000d000 fc:01 75649      /home/ubuntu/mc-mod-server/libraries/org/scala-lang/scala-actors-migration_2.11/1.1.0/scala-actors-migration_2.11-1.1.0.jar
b7755000-b7757000 r--s 00007000 fc:01 75712      /home/ubuntu/mc-mod-server/libraries/net/minecraft/launchwrapper/1.11/launchwrapper-1.11.jar
b7757000-b7758000 rw-p 00000000 00:00 0 
b7758000-b7759000 ---p 00000000 00:00 0 
b7759000-b775b000 rw-p 00000000 00:00 0 
b775b000-b775e000 r--p 00000000 00:00 0          [vvar]
b775e000-b7760000 r-xp 00000000 00:00 0          [vdso]
b7760000-b7782000 r-xp 00000000 fc:01 475816     /lib/i386-linux-gnu/ld-2.23.so
b7782000-b7783000 rw-p 00000000 00:00 0 
b7783000-b7784000 r--p 00022000 fc:01 475816     /lib/i386-linux-gnu/ld-2.23.so
b7784000-b7785000 rw-p 00023000 fc:01 475816     /lib/i386-linux-gnu/ld-2.23.so
bfd06000-bfd27000 rw-p 00000000 00:00 0          [stack]

VM Arguments:
jvm_args: -Xmx512M -Xms128M 
java_command: cauldron.jar PAUSE
java_class_path (initial): cauldron.jar
Launcher Type: SUN_STANDARD

Environment Variables:
JAVA_HOME=/usr/lib/jvm/java-8-oracle
PATH=/home/ubuntu/bin:/home/ubuntu/.local/bin:/usr/local/sbin:/usr/local/bin:/usr/sbin:/usr/bin:/sbin:/bin:/usr/games:/usr/local/games:/snap/bin:/usr/lib/jvm/java-8-oracle/bin:/usr/lib/jvm/java-8-oracle/db/bin:/usr/lib/jvm/java-8-oracle/jre/bin
SHELL=/bin/bash

Signal Handlers:
SIGSEGV: [libjvm.so+0x5bdc10], sa_mask[0]=11111111011111111101111111111110, sa_flags=SA_RESTART|SA_SIGINFO
SIGBUS: [libjvm.so+0x5bdc10], sa_mask[0]=11111111011111111101111111111110, sa_flags=SA_RESTART|SA_SIGINFO
SIGFPE: [libjvm.so+0x49cb60], sa_mask[0]=11111111011111111101111111111110, sa_flags=SA_RESTART|SA_SIGINFO
SIGPIPE: [libjvm.so+0x49cb60], sa_mask[0]=11111111011111111101111111111110, sa_flags=SA_RESTART|SA_SIGINFO
SIGXFSZ: [libjvm.so+0x49cb60], sa_mask[0]=11111111011111111101111111111110, sa_flags=SA_RESTART|SA_SIGINFO
SIGILL: [libjvm.so+0x49cb60], sa_mask[0]=11111111011111111101111111111110, sa_flags=SA_RESTART|SA_SIGINFO
SIGUSR1: SIG_DFL, sa_mask[0]=00000000000000000000000000000000, sa_flags=none
SIGUSR2: [libjvm.so+0x49e410], sa_mask[0]=00000000000000000000000000000000, sa_flags=SA_RESTART|SA_SIGINFO
SIGHUP: [libjvm.so+0x49f8c0], sa_mask[0]=11111111011111111101111111111110, sa_flags=SA_RESTART|SA_SIGINFO
SIGINT: [libjvm.so+0x49f8c0], sa_mask[0]=11111111011111111101111111111110, sa_flags=SA_RESTART|SA_SIGINFO
SIGTERM: [libjvm.so+0x49f8c0], sa_mask[0]=11111111011111111101111111111110, sa_flags=SA_RESTART|SA_SIGINFO
SIGQUIT: [libjvm.so+0x49f8c0], sa_mask[0]=11111111011111111101111111111110, sa_flags=SA_RESTART|SA_SIGINFO


---------------  S Y S T E M  ---------------

OS:DISTRIB_ID=Ubuntu
DISTRIB_RELEASE=16.04
DISTRIB_CODENAME=xenial
DISTRIB_DESCRIPTION="Ubuntu 16.04.2 LTS"

uname:Linux 4.12.0-041200-generic #201707022031 SMP Mon Jul 3 00:42:33 UTC 2017 i686
libc:glibc 2.23 NPTL 2.23 
rlimit: STACK 8192k, CORE 0k, NPROC 6661, NOFILE 1048576, AS infinity
load average:0.09 1.06 1.25

/proc/meminfo:
MemTotal:         891568 kB
MemFree:           72420 kB
MemAvailable:      43296 kB
Buffers:            4520 kB
Cached:            87404 kB
SwapCached:            0 kB
Active:           707516 kB
Inactive:          58136 kB
Active(anon):     676772 kB
Inactive(anon):    29444 kB
Active(file):      30744 kB
Inactive(file):    28692 kB
Unevictable:        3428 kB
Mlocked:            3428 kB
HighTotal:        135168 kB
HighFree:          12904 kB
LowTotal:         756400 kB
LowFree:           59516 kB
SwapTotal:             0 kB
SwapFree:              0 kB
Dirty:               104 kB
Writeback:             0 kB
AnonPages:        677176 kB
Mapped:            44692 kB
Shmem:             30048 kB
Slab:              27072 kB
SReclaimable:      11116 kB
SUnreclaim:        15956 kB
KernelStack:        2464 kB
PageTables:         4580 kB
NFS_Unstable:          0 kB
Bounce:                0 kB
WritebackTmp:          0 kB
CommitLimit:      445784 kB
Committed_AS:    2226228 kB
VmallocTotal:     122880 kB
VmallocUsed:           0 kB
VmallocChunk:          0 kB
AnonHugePages:    393216 kB
ShmemHugePages:        0 kB
ShmemPmdMapped:        0 kB
CmaTotal:              0 kB
CmaFree:               0 kB
HugePages_Total:       0
HugePages_Free:        0
HugePages_Rsvd:        0
HugePages_Surp:        0
Hugepagesize:       2048 kB
DirectMap4k:       14328 kB
DirectMap2M:      899072 kB


CPU:total 1 (initial active 1) (12 cores per cpu, 1 threads per core) family 6 model 63 stepping 2, cmov, cx8, fxsr, mmx, sse, sse2, sse3, ssse3, sse4.1, sse4.2, popcnt, avx, avx2, aes, clmul, lzcnt, tsc

/proc/cpuinfo:
processor	: 0
vendor_id	: GenuineIntel
cpu family	: 6
model		: 63
model name	: Intel(R) Xeon(R) CPU E5-26xx v3
stepping	: 2
microcode	: 0x1
cpu MHz		: 2294.682
cache size	: 4096 KB
physical id	: 0
siblings	: 1
core id		: 0
cpu cores	: 1
apicid		: 0
initial apicid	: 0
fdiv_bug	: no
f00f_bug	: no
coma_bug	: no
fpu		: yes
fpu_exception	: yes
cpuid level	: 13
wp		: yes
flags		: fpu vme de pse tsc msr pae mce cx8 apic sep mtrr pge mca cmov pat pse36 clflush mmx fxsr sse sse2 ss ht syscall nx lm constant_tsc cpuid pni pclmulqdq ssse3 fma cx16 pcid sse4_1 sse4_2 x2apic movbe popcnt tsc_deadline_timer aes xsave avx f16c rdrand hypervisor lahf_lm abm avx2 xsaveopt
bugs		:
bogomips	: 4589.36
clflush size	: 64
cache_alignment	: 64
address sizes	: 40 bits physical, 48 bits virtual
power management:



Memory: 4k page, physical 891568k(72420k free), swap 0k(0k free)

vm_info: Java HotSpot(TM) Client VM (25.131-b11) for linux-x86 JRE (1.8.0_131-b11), built on Mar 15 2017 01:31:04 by "java_re" with gcc 4.3.0 20080428 (Red Hat 4.3.0-8)

time: Sun Jul 30 19:07:41 2017
elapsed time: 127 seconds (0d 0h 2m 7s)

