#
# There is insufficient memory for the Java Runtime Environment to continue.
# Native memory allocation (mmap) failed to map 12288 bytes for committing reserved memory.
# Possible reasons:
#   The system is out of physical RAM or swap space
#   In 32 bit mode, the process size limit was hit
# Possible solutions:
#   Reduce memory load on the system
#   Increase physical memory or swap space
#   Check if swap backing store is full
#   Use 64 bit Java on a 64 bit OS
#   Decrease Java heap size (-Xmx/-Xms)
#   Decrease number of Java threads
#   Decrease Java thread stack sizes (-Xss)
#   Set larger code cache with -XX:ReservedCodeCacheSize=
# This output file may be truncated or incomplete.
#
#  Out of Memory Error (os_linux.cpp:2640), pid=1917, tid=0x8cdc6b40
#
# JRE version: Java(TM) SE Runtime Environment (8.0_131-b11) (build 1.8.0_131-b11)
# Java VM: Java HotSpot(TM) Client VM (25.131-b11 mixed mode linux-x86 )
# Failed to write core dump. Core dumps have been disabled. To enable core dumping, try "ulimit -c unlimited" before starting Java again
#

---------------  T H R E A D  ---------------

Current thread (0x8ec17400):  JavaThread "Keep-Alive-Timer" daemon [_thread_new, id=1774, stack(0x8cd76000,0x8cdc7000)]

Stack: [0x8cd76000,0x8cdc7000],  sp=0x8cdc5dc0,  free space=319k
Native frames: (J=compiled Java code, j=interpreted, Vv=VM code, C=native code)
V  [libjvm.so+0x5bd0ff]  VMError::report_and_die()+0x16f
V  [libjvm.so+0x20d785]  report_vm_out_of_memory(char const*, int, unsigned int, VMErrorType, char const*)+0x55
V  [libjvm.so+0x49fe76]  os::Linux::commit_memory_impl(char*, unsigned int, bool)+0xe6
V  [libjvm.so+0x49ff29]  os::pd_commit_memory(char*, unsigned int, bool)+0x19
V  [libjvm.so+0x499608]  os::commit_memory(char*, unsigned int, bool)+0x28
V  [libjvm.so+0x49e098]  os::pd_create_stack_guard_pages(char*, unsigned int)+0x68
V  [libjvm.so+0x496c50]  os::create_stack_guard_pages(char*, unsigned int)+0x20
V  [libjvm.so+0x575f37]  JavaThread::create_stack_guard_pages()+0x67
V  [libjvm.so+0x58055f]  JavaThread::run()+0x3f
V  [libjvm.so+0x4a2739]  java_start(Thread*)+0x119
C  [libpthread.so.0+0x6295]  start_thread+0xe5
C  [libc.so.6+0xe705e]  clone+0x6e


---------------  P R O C E S S  ---------------

Java Threads: ( => current thread )
=>0x8ec17400 JavaThread "Keep-Alive-Timer" daemon [_thread_new, id=1774, stack(0x8cd76000,0x8cdc7000)]
  0x90c30000 JavaThread "Netty IO #3" daemon [_thread_blocked, id=7959, stack(0x8cdc7000,0x8ce18000)]
  0x8db5e000 JavaThread "Chunk I/O Executor Thread-1" daemon [_thread_blocked, id=2154, stack(0x8cf18000,0x8cf69000)]
  0x911bdc00 JavaThread "Netty IO #2" daemon [_thread_blocked, id=2149, stack(0x8cf69000,0x8cfba000)]
  0x91190400 JavaThread "Netty IO #1" daemon [_thread_blocked, id=2066, stack(0x8d0ba000,0x8d10b000)]
  0x8f1fb400 JavaThread "File IO Thread" [_thread_blocked, id=2063, stack(0x8d4bc000,0x8d50d000)]
  0x8db07000 JavaThread "Java2D Disposer" daemon [_thread_blocked, id=1984, stack(0x9066b000,0x906bc000)]
  0x8f07dc00 JavaThread "Netty IO #0" daemon [_thread_in_vm, id=1953, stack(0x8d60d000,0x8d65e000)]
  0x8f05e400 JavaThread "Spigot Metrics Thread" daemon [_thread_blocked, id=1952, stack(0x8d65e000,0x8d6af000)]
  0x8f060800 JavaThread "Spigot Watchdog Thread" [_thread_blocked, id=1951, stack(0x8d6af000,0x8d700000)]
  0x93d1a800 JavaThread "Thread-7" [_thread_blocked, id=1943, stack(0x907bc000,0x9080d000)]
  0x93d17c00 JavaThread "Server console handler" daemon [_thread_in_native, id=1942, stack(0x9080d000,0x9085e000)]
  0xb6807400 JavaThread "DestroyJavaVM" [_thread_blocked, id=1918, stack(0xb69af000,0xb6a00000)]
  0x911bec00 JavaThread "Server thread" [_thread_in_vm, id=1941, stack(0x9085e000,0x908af000)]
  0x911d0800 JavaThread "Server Infinisleeper" daemon [_thread_blocked, id=1940, stack(0x908af000,0x90900000)]
  0x909cec00 JavaThread "Snooper Timer" daemon [_thread_blocked, id=1931, stack(0x9179e000,0x917ef000)]
  0xb6883c00 JavaThread "Service Thread" daemon [_thread_blocked, id=1924, stack(0x9398c000,0x939dd000)]
  0xb6880800 JavaThread "C1 CompilerThread0" daemon [_thread_in_vm, id=1923, stack(0x939dd000,0x93a5e000)]
  0xb687f000 JavaThread "Signal Dispatcher" daemon [_thread_blocked, id=1922, stack(0x93a5e000,0x93aaf000)]
  0xb6864c00 JavaThread "Finalizer" daemon [_thread_blocked, id=1921, stack(0x93caf000,0x93d00000)]
  0xb6862000 JavaThread "Reference Handler" daemon [_thread_blocked, id=1920, stack(0x93e0f000,0x93e60000)]

Other Threads:
  0xb685d800 VMThread [stack: 0x93e60000,0x93ee1000] [id=1919]
  0xb6886000 WatcherThread [stack: 0x9390b000,0x9398c000] [id=1925]

VM state:synchronizing (normal execution)

VM Mutex/Monitor currently owned by a thread:  ([mutex/lock_event])
[0xb6804908] Safepoint_lock - owner thread: 0xb685d800
[0xb6804970] Threads_lock - owner thread: 0xb685d800

Heap:
 def new generation   total 112256K, used 86677K [0x94600000, 0x9bfc0000, 0x9f0a0000)
  eden space 99840K,  79% used [0x94600000, 0x9934cd48, 0x9a780000)
  from space 12416K,  60% used [0x9a780000, 0x9aed87b8, 0x9b3a0000)
  to   space 12416K,   0% used [0x9b3a0000, 0x9b3a0000, 0x9bfc0000)
 tenured generation   total 249256K, used 205152K [0x9f0a0000, 0xae40a000, 0xb4600000)
   the space 249256K,  82% used [0x9f0a0000, 0xab8f8028, 0xab8f8200, 0xae40a000)
 Metaspace       used 23800K, capacity 24094K, committed 24192K, reserved 24880K

Card table byte_map: [0xb467f000,0xb4780000] byte_map_base: 0xb41dc000

Polling page: 0xb76ed000

CodeCache: size=32768Kb used=3399Kb max_used=6048Kb free=29368Kb
 bounds [0xb4800000, 0xb4e08000, 0xb6800000]
 total_blobs=1935 nmethods=1642 adapters=223
 compilation: enabled

Compilation events (10 events):
Event: 24272.548 Thread 0xb6880800 nmethod 119464 0xb4adaac8 code [0xb4adac40, 0xb4adaf10]
Event: 24272.550 Thread 0xb6880800 119465             net.minecraft.network.play.client.C03PacketPlayer$C05PacketPlayerLook::<init> (10 bytes)
Event: 24272.550 Thread 0xb6880800 nmethod 119465 0xb4b01d48 code [0xb4b01e40, 0xb4b01ed0]
Event: 24272.550 Thread 0xb6880800 119466             net.minecraft.network.play.client.C03PacketPlayer$C05PacketPlayerLook::func_148837_a (22 bytes)
Event: 24272.832 Thread 0xb6880800 nmethod 119466 0xb49ca608 code [0xb49ca730, 0xb49ca840]
Event: 24272.882 Thread 0xb6880800 119467             io.netty.channel.DefaultChannelHandlerContext::findContextOutbound (16 bytes)
Event: 24276.021 Thread 0xb6880800 nmethod 119467 0xb4b4f688 code [0xb4b4f780, 0xb4b4f820]
Event: 24276.033 Thread 0xb6880800 119468             net.minecraft.network.play.client.C03PacketPlayer$C05PacketPlayerLook::func_148833_a (9 bytes)
Event: 24289.752 Thread 0xb6880800 nmethod 119468 0xb48c8d48 code [0xb48c8e60, 0xb48c8f6c]
Event: 24290.951 Thread 0xb6880800 119469             net.minecraft.world.World::func_72918_a (296 bytes)

GC Heap History (10 events):
Event: 24138.201 GC heap before
{Heap before GC invocations=9830 (full 7):
 def new generation   total 112256K, used 107414K [0x94600000, 0x9bfc0000, 0x9f0a0000)
  eden space 99840K, 100% used [0x94600000, 0x9a780000, 0x9a780000)
  from space 12416K,  61% used [0x9b3a0000, 0x9bb05848, 0x9bfc0000)
  to   space 12416K,   0% used [0x9a780000, 0x9a780000, 0x9b3a0000)
 tenured generation   total 249256K, used 202516K [0x9f0a0000, 0xae40a000, 0xb4600000)
   the space 249256K,  81% used [0x9f0a0000, 0xab665098, 0xab665200, 0xae40a000)
 Metaspace       used 23799K, capacity 24094K, committed 24192K, reserved 24880K
Event: 24138.207 GC heap after
Heap after GC invocations=9831 (full 7):
 def new generation   total 112256K, used 5162K [0x94600000, 0x9bfc0000, 0x9f0a0000)
  eden space 99840K,   0% used [0x94600000, 0x94600000, 0x9a780000)
  from space 12416K,  41% used [0x9a780000, 0x9ac8ab58, 0x9b3a0000)
  to   space 12416K,   0% used [0x9b3a0000, 0x9b3a0000, 0x9bfc0000)
 tenured generation   total 249256K, used 202526K [0x9f0a0000, 0xae40a000, 0xb4600000)
   the space 249256K,  81% used [0x9f0a0000, 0xab667960, 0xab667a00, 0xae40a000)
 Metaspace       used 23799K, capacity 24094K, committed 24192K, reserved 24880K
}
Event: 24151.412 GC heap before
{Heap before GC invocations=9831 (full 7):
 def new generation   total 112256K, used 105002K [0x94600000, 0x9bfc0000, 0x9f0a0000)
  eden space 99840K, 100% used [0x94600000, 0x9a780000, 0x9a780000)
  from space 12416K,  41% used [0x9a780000, 0x9ac8ab58, 0x9b3a0000)
  to   space 12416K,   0% used [0x9b3a0000, 0x9b3a0000, 0x9bfc0000)
 tenured generation   total 249256K, used 202526K [0x9f0a0000, 0xae40a000, 0xb4600000)
   the space 249256K,  81% used [0x9f0a0000, 0xab667960, 0xab667a00, 0xae40a000)
 Metaspace       used 23799K, capacity 24094K, committed 24192K, reserved 24880K
Event: 24151.423 GC heap after
Heap after GC invocations=9832 (full 7):
 def new generation   total 112256K, used 5620K [0x94600000, 0x9bfc0000, 0x9f0a0000)
  eden space 99840K,   0% used [0x94600000, 0x94600000, 0x9a780000)
  from space 12416K,  45% used [0x9b3a0000, 0x9b91d370, 0x9bfc0000)
  to   space 12416K,   0% used [0x9a780000, 0x9a780000, 0x9b3a0000)
 tenured generation   total 249256K, used 202526K [0x9f0a0000, 0xae40a000, 0xb4600000)
   the space 249256K,  81% used [0x9f0a0000, 0xab667960, 0xab667a00, 0xae40a000)
 Metaspace       used 23799K, capacity 24094K, committed 24192K, reserved 24880K
}
Event: 24184.062 GC heap before
{Heap before GC invocations=9832 (full 7):
 def new generation   total 112256K, used 105460K [0x94600000, 0x9bfc0000, 0x9f0a0000)
  eden space 99840K, 100% used [0x94600000, 0x9a780000, 0x9a780000)
  from space 12416K,  45% used [0x9b3a0000, 0x9b91d370, 0x9bfc0000)
  to   space 12416K,   0% used [0x9a780000, 0x9a780000, 0x9b3a0000)
 tenured generation   total 249256K, used 202526K [0x9f0a0000, 0xae40a000, 0xb4600000)
   the space 249256K,  81% used [0x9f0a0000, 0xab667960, 0xab667a00, 0xae40a000)
 Metaspace       used 23799K, capacity 24094K, committed 24192K, reserved 24880K
Event: 24184.106 GC heap after
Heap after GC invocations=9833 (full 7):
 def new generation   total 112256K, used 9129K [0x94600000, 0x9bfc0000, 0x9f0a0000)
  eden space 99840K,   0% used [0x94600000, 0x94600000, 0x9a780000)
  from space 12416K,  73% used [0x9a780000, 0x9b06a720, 0x9b3a0000)
  to   space 12416K,   0% used [0x9b3a0000, 0x9b3a0000, 0x9bfc0000)
 tenured generation   total 249256K, used 202526K [0x9f0a0000, 0xae40a000, 0xb4600000)
   the space 249256K,  81% used [0x9f0a0000, 0xab667960, 0xab667a00, 0xae40a000)
 Metaspace       used 23799K, capacity 24094K, committed 24192K, reserved 24880K
}
Event: 24208.935 GC heap before
{Heap before GC invocations=9833 (full 7):
 def new generation   total 112256K, used 108969K [0x94600000, 0x9bfc0000, 0x9f0a0000)
  eden space 99840K, 100% used [0x94600000, 0x9a780000, 0x9a780000)
  from space 12416K,  73% used [0x9a780000, 0x9b06a720, 0x9b3a0000)
  to   space 12416K,   0% used [0x9b3a0000, 0x9b3a0000, 0x9bfc0000)
 tenured generation   total 249256K, used 202526K [0x9f0a0000, 0xae40a000, 0xb4600000)
   the space 249256K,  81% used [0x9f0a0000, 0xab667960, 0xab667a00, 0xae40a000)
 Metaspace       used 23799K, capacity 24094K, committed 24192K, reserved 24880K
Event: 24212.534 GC heap after
Heap after GC invocations=9834 (full 7):
 def new generation   total 112256K, used 5938K [0x94600000, 0x9bfc0000, 0x9f0a0000)
  eden space 99840K,   0% used [0x94600000, 0x94600000, 0x9a780000)
  from space 12416K,  47% used [0x9b3a0000, 0x9b96c948, 0x9bfc0000)
  to   space 12416K,   0% used [0x9a780000, 0x9a780000, 0x9b3a0000)
 tenured generation   total 249256K, used 205152K [0x9f0a0000, 0xae40a000, 0xb4600000)
   the space 249256K,  82% used [0x9f0a0000, 0xab8f8028, 0xab8f8200, 0xae40a000)
 Metaspace       used 23799K, capacity 24094K, committed 24192K, reserved 24880K
}
Event: 24270.413 GC heap before
{Heap before GC invocations=9834 (full 7):
 def new generation   total 112256K, used 105778K [0x94600000, 0x9bfc0000, 0x9f0a0000)
  eden space 99840K, 100% used [0x94600000, 0x9a780000, 0x9a780000)
  from space 12416K,  47% used [0x9b3a0000, 0x9b96c948, 0x9bfc0000)
  to   space 12416K,   0% used [0x9a780000, 0x9a780000, 0x9b3a0000)
 tenured generation   total 249256K, used 205152K [0x9f0a0000, 0xae40a000, 0xb4600000)
   the space 249256K,  82% used [0x9f0a0000, 0xab8f8028, 0xab8f8200, 0xae40a000)
 Metaspace       used 23799K, capacity 24094K, committed 24192K, reserved 24880K
Event: 24270.530 GC heap after
Heap after GC invocations=9835 (full 7):
 def new generation   total 112256K, used 7521K [0x94600000, 0x9bfc0000, 0x9f0a0000)
  eden space 99840K,   0% used [0x94600000, 0x94600000, 0x9a780000)
  from space 12416K,  60% used [0x9a780000, 0x9aed87b8, 0x9b3a0000)
  to   space 12416K,   0% used [0x9b3a0000, 0x9b3a0000, 0x9bfc0000)
 tenured generation   total 249256K, used 205152K [0x9f0a0000, 0xae40a000, 0xb4600000)
   the space 249256K,  82% used [0x9f0a0000, 0xab8f8028, 0xab8f8200, 0xae40a000)
 Metaspace       used 23799K, capacity 24094K, committed 24192K, reserved 24880K
}

Deoptimization events (0 events):
No events

Internal exceptions (10 events):
Event: 20437.132 Thread 0x8f05e400 Exception <a 'sun/net/ConnectionResetException': Connection reset> (0x99568a00) thrown at [/HUDSON/workspace/8-2-build-linux-i586/jdk8u131/8869/hotspot/src/share/vm/prims/jni.cpp, line 735]
Event: 20437.853 Thread 0x8f05e400 Exception <a 'java/security/PrivilegedActionException'> (0x951b6100) thrown at [/HUDSON/workspace/8-2-build-linux-i586/jdk8u131/8869/hotspot/src/share/vm/prims/jvm.cpp, line 1390]
Event: 21021.261 Thread 0x8f05e400 Exception <a 'sun/net/ConnectionResetException': Connection reset> (0x96ee1818) thrown at [/HUDSON/workspace/8-2-build-linux-i586/jdk8u131/8869/hotspot/src/share/vm/prims/jni.cpp, line 735]
Event: 21021.261 Thread 0x8f05e400 Exception <a 'java/security/PrivilegedActionException'> (0x9882b778) thrown at [/HUDSON/workspace/8-2-build-linux-i586/jdk8u131/8869/hotspot/src/share/vm/prims/jvm.cpp, line 1390]
Event: 21621.178 Thread 0x8f05e400 Exception <a 'java/security/PrivilegedActionException'> (0x98bbb728) thrown at [/HUDSON/workspace/8-2-build-linux-i586/jdk8u131/8869/hotspot/src/share/vm/prims/jvm.cpp, line 1390]
Event: 22220.691 Thread 0x8f05e400 Exception <a 'sun/net/ConnectionResetException': Connection reset> (0x96f04288) thrown at [/HUDSON/workspace/8-2-build-linux-i586/jdk8u131/8869/hotspot/src/share/vm/prims/jni.cpp, line 735]
Event: 22221.219 Thread 0x8f05e400 Exception <a 'java/security/PrivilegedActionException'> (0x94fbfa90) thrown at [/HUDSON/workspace/8-2-build-linux-i586/jdk8u131/8869/hotspot/src/share/vm/prims/jvm.cpp, line 1390]
Event: 22822.285 Thread 0x8f05e400 Exception <a 'java/security/PrivilegedActionException'> (0x95397288) thrown at [/HUDSON/workspace/8-2-build-linux-i586/jdk8u131/8869/hotspot/src/share/vm/prims/jvm.cpp, line 1390]
Event: 23481.283 Thread 0x8f05e400 Exception <a 'java/security/PrivilegedActionException'> (0x94fc19c0) thrown at [/HUDSON/workspace/8-2-build-linux-i586/jdk8u131/8869/hotspot/src/share/vm/prims/jvm.cpp, line 1390]
Event: 24020.663 Thread 0x8f05e400 Exception <a 'java/security/PrivilegedActionException'> (0x96d0cf58) thrown at [/HUDSON/workspace/8-2-build-linux-i586/jdk8u131/8869/hotspot/src/share/vm/prims/jvm.cpp, line 1390]

Events (10 events):
Event: 24272.548 Thread 0xb6880800 flushing nmethod 0xb4ba6188
Event: 24272.549 Thread 0xb6880800 flushing nmethod 0xb4da9a88
Event: 24272.549 Thread 0xb6880800 flushing nmethod 0xb4dadf88
Event: 24272.855 Thread 0xb6880800 flushing nmethod 0xb48c88c8
Event: 24272.855 Thread 0xb6880800 flushing nmethod 0xb48d1108
Event: 24290.882 Thread 0xb6880800 flushing nmethod 0xb4c3df48
Event: 24290.916 Thread 0xb6880800 flushing nmethod 0xb4c60dc8
Event: 24290.916 Thread 0xb6880800 flushing nmethod 0xb4c8e2c8
Event: 24290.917 Thread 0xb6880800 flushing nmethod 0xb4dcb448
Event: 24349.031 Thread 0x8ec17400 Thread added: 0x8ec17400


Dynamic libraries:
08048000-08049000 r-xp 00000000 fc:01 501474     /usr/lib/jvm/java-8-oracle/jre/bin/java
08049000-0804a000 rw-p 00000000 fc:01 501474     /usr/lib/jvm/java-8-oracle/jre/bin/java
09dd3000-0a22a000 rw-p 00000000 00:00 0          [heap]
8c400000-8c441000 rw-p 00000000 00:00 0 
8c441000-8c500000 ---p 00000000 00:00 0 
8c600000-8c6fa000 rw-p 00000000 00:00 0 
8c6fa000-8c700000 ---p 00000000 00:00 0 
8c800000-8c8fa000 rw-p 00000000 00:00 0 
8c8fa000-8c900000 ---p 00000000 00:00 0 
8ca00000-8cc00000 rw-p 00000000 00:00 0 
8cc00000-8ccfb000 rw-p 00000000 00:00 0 
8ccfb000-8cd00000 ---p 00000000 00:00 0 
8cd79000-8cdc7000 rw-p 00000000 00:00 0 
8cdc7000-8cdca000 ---p 00000000 00:00 0 
8cdca000-8ce78000 rw-p 00000000 00:00 0 
8ce78000-8cf18000 ---p 00000000 00:00 0 
8cf18000-8cf1b000 ---p 00000000 00:00 0 
8cf1b000-8cf69000 rw-p 00000000 00:00 0 
8cf69000-8cf6c000 ---p 00000000 00:00 0 
8cf6c000-8d0ba000 rw-p 00000000 00:00 0 
8d0ba000-8d0bd000 ---p 00000000 00:00 0 
8d0bd000-8d20b000 rw-p 00000000 00:00 0 
8d20b000-8d291000 r-xp 00000000 fc:01 535529     /usr/lib/jvm/java-8-oracle/jre/lib/i386/libawt.so
8d291000-8d298000 rw-p 00086000 fc:01 535529     /usr/lib/jvm/java-8-oracle/jre/lib/i386/libawt.so
8d298000-8d3bc000 rw-p 00000000 00:00 0 
8d3bc000-8d4bc000 rw-p 00000000 00:00 0 
8d4bc000-8d4bf000 ---p 00000000 00:00 0 
8d4bf000-8d60d000 rw-p 00000000 00:00 0 
8d60d000-8d610000 ---p 00000000 00:00 0 
8d610000-8d65e000 rw-p 00000000 00:00 0 
8d65e000-8d661000 ---p 00000000 00:00 0 
8d661000-8d6af000 rw-p 00000000 00:00 0 
8d6af000-8d6b2000 ---p 00000000 00:00 0 
8d6b2000-8d800000 rw-p 00000000 00:00 0 
8d800000-8d900000 rw-p 00000000 00:00 0 
8d900000-8d9fe000 rw-p 00000000 00:00 0 
8d9fe000-8da00000 ---p 00000000 00:00 0 
8da00000-8db00000 rw-p 00000000 00:00 0 
8db00000-8dbfe000 rw-p 00000000 00:00 0 
8dbfe000-8dc00000 ---p 00000000 00:00 0 
8dc00000-8dcfe000 rw-p 00000000 00:00 0 
8dcfe000-8dd00000 ---p 00000000 00:00 0 
8dd00000-8ddfe000 rw-p 00000000 00:00 0 
8ddfe000-8de00000 ---p 00000000 00:00 0 
8de00000-8defe000 rw-p 00000000 00:00 0 
8defe000-8df00000 ---p 00000000 00:00 0 
8df00000-8dffe000 rw-p 00000000 00:00 0 
8dffe000-8e000000 ---p 00000000 00:00 0 
8e000000-8e0fe000 rw-p 00000000 00:00 0 
8e0fe000-8e100000 ---p 00000000 00:00 0 
8e100000-8e1fe000 rw-p 00000000 00:00 0 
8e1fe000-8e200000 ---p 00000000 00:00 0 
8e200000-8e2fe000 rw-p 00000000 00:00 0 
8e2fe000-8e300000 ---p 00000000 00:00 0 
8e300000-8e3fe000 rw-p 00000000 00:00 0 
8e3fe000-8e400000 ---p 00000000 00:00 0 
8e400000-8e4fe000 rw-p 00000000 00:00 0 
8e4fe000-8e500000 ---p 00000000 00:00 0 
8e500000-8e5fe000 rw-p 00000000 00:00 0 
8e5fe000-8e600000 ---p 00000000 00:00 0 
8e600000-8e6fe000 rw-p 00000000 00:00 0 
8e6fe000-8e700000 ---p 00000000 00:00 0 
8e700000-8e7fe000 rw-p 00000000 00:00 0 
8e7fe000-8e800000 ---p 00000000 00:00 0 
8e800000-8e8fe000 rw-p 00000000 00:00 0 
8e8fe000-8e900000 ---p 00000000 00:00 0 
8e900000-8e9fe000 rw-p 00000000 00:00 0 
8e9fe000-8ea00000 ---p 00000000 00:00 0 
8ea00000-8eafe000 rw-p 00000000 00:00 0 
8eafe000-8eb00000 ---p 00000000 00:00 0 
8eb00000-8ebfe000 rw-p 00000000 00:00 0 
8ebfe000-8ec00000 ---p 00000000 00:00 0 
8ec00000-8ecfe000 rw-p 00000000 00:00 0 
8ecfe000-8ed00000 ---p 00000000 00:00 0 
8ed00000-8edfe000 rw-p 00000000 00:00 0 
8edfe000-8ee00000 ---p 00000000 00:00 0 
8ee00000-8eefe000 rw-p 00000000 00:00 0 
8eefe000-8ef00000 ---p 00000000 00:00 0 
8ef00000-8effe000 rw-p 00000000 00:00 0 
8effe000-8f000000 ---p 00000000 00:00 0 
8f000000-8f0fe000 rw-p 00000000 00:00 0 
8f0fe000-8f100000 ---p 00000000 00:00 0 
8f100000-8f1fe000 rw-p 00000000 00:00 0 
8f1fe000-8f200000 ---p 00000000 00:00 0 
8f200000-8f2fe000 rw-p 00000000 00:00 0 
8f2fe000-8f300000 ---p 00000000 00:00 0 
8f300000-8f3fe000 rw-p 00000000 00:00 0 
8f3fe000-8f400000 ---p 00000000 00:00 0 
8f400000-8f4fe000 rw-p 00000000 00:00 0 
8f4fe000-8f500000 ---p 00000000 00:00 0 
8f500000-8f5fe000 rw-p 00000000 00:00 0 
8f5fe000-8f600000 ---p 00000000 00:00 0 
8f600000-8f6fe000 rw-p 00000000 00:00 0 
8f6fe000-8f700000 ---p 00000000 00:00 0 
8f700000-8f7fe000 rw-p 00000000 00:00 0 
8f7fe000-8f800000 ---p 00000000 00:00 0 
8f800000-8f8fe000 rw-p 00000000 00:00 0 
8f8fe000-8f900000 ---p 00000000 00:00 0 
8f900000-8f9fe000 rw-p 00000000 00:00 0 
8f9fe000-8fa00000 ---p 00000000 00:00 0 
8fa00000-8fafe000 rw-p 00000000 00:00 0 
8fafe000-8fb00000 ---p 00000000 00:00 0 
8fb00000-8fbfe000 rw-p 00000000 00:00 0 
8fbfe000-8fc00000 ---p 00000000 00:00 0 
8fc00000-8fcfe000 rw-p 00000000 00:00 0 
8fcfe000-8fd00000 ---p 00000000 00:00 0 
8fd00000-8fdfe000 rw-p 00000000 00:00 0 
8fdfe000-8fe00000 ---p 00000000 00:00 0 
8fe00000-8fefe000 rw-p 00000000 00:00 0 
8fefe000-8ff00000 ---p 00000000 00:00 0 
8ff00000-8fffe000 rw-p 00000000 00:00 0 
8fffe000-90000000 ---p 00000000 00:00 0 
90000000-900fe000 rw-p 00000000 00:00 0 
900fe000-90100000 ---p 00000000 00:00 0 
90100000-901fe000 rw-p 00000000 00:00 0 
901fe000-90200000 ---p 00000000 00:00 0 
90200000-902fe000 rw-p 00000000 00:00 0 
902fe000-90300000 ---p 00000000 00:00 0 
90300000-903fe000 rw-p 00000000 00:00 0 
903fe000-90400000 ---p 00000000 00:00 0 
90400000-904fe000 rw-p 00000000 00:00 0 
904fe000-90500000 ---p 00000000 00:00 0 
90500000-905fe000 rw-p 00000000 00:00 0 
905fe000-90600000 ---p 00000000 00:00 0 
9062f000-90635000 r-xp 00000000 fc:01 535550     /usr/lib/jvm/java-8-oracle/jre/lib/i386/libawt_headless.so
90635000-90636000 rw-p 00005000 fc:01 535550     /usr/lib/jvm/java-8-oracle/jre/lib/i386/libawt_headless.so
90636000-9064a000 r-xp 00000000 fc:01 475849     /lib/i386-linux-gnu/libresolv-2.23.so
9064a000-9064b000 ---p 00014000 fc:01 475849     /lib/i386-linux-gnu/libresolv-2.23.so
9064b000-9064c000 r--p 00014000 fc:01 475849     /lib/i386-linux-gnu/libresolv-2.23.so
9064c000-9064d000 rw-p 00015000 fc:01 475849     /lib/i386-linux-gnu/libresolv-2.23.so
9064d000-9064f000 rw-p 00000000 00:00 0 
9064f000-9066b000 r--s 00393000 fc:01 501421     /usr/lib/jvm/java-8-oracle/jre/lib/ext/cldrdata.jar
9066b000-9066e000 ---p 00000000 00:00 0 
9066e000-907bc000 rw-p 00000000 00:00 0 
907bc000-907bf000 ---p 00000000 00:00 0 
907bf000-9080d000 rw-p 00000000 00:00 0 
9080d000-90810000 ---p 00000000 00:00 0 
90810000-9085e000 rw-p 00000000 00:00 0 
9085e000-90861000 ---p 00000000 00:00 0 
90861000-908af000 rw-p 00000000 00:00 0 
908af000-908b2000 ---p 00000000 00:00 0 
908b2000-90900000 rw-p 00000000 00:00 0 
90900000-90a00000 rw-p 00000000 00:00 0 
90a00000-90b00000 rw-p 00000000 00:00 0 
90b00000-90c00000 rw-p 00000000 00:00 0 
90c00000-90cf9000 rw-p 00000000 00:00 0 
90cf9000-90d00000 ---p 00000000 00:00 0 
90d00000-90dfa000 rw-p 00000000 00:00 0 
90dfa000-90e00000 ---p 00000000 00:00 0 
90e00000-90f00000 rw-p 00000000 00:00 0 
90f00000-91000000 rw-p 00000000 00:00 0 
91000000-91100000 rw-p 00000000 00:00 0 
91100000-91200000 rw-p 00000000 00:00 0 
91200000-91300000 rw-p 00000000 00:00 0 
91300000-91400000 rw-p 00000000 00:00 0 
91400000-91500000 rw-p 00000000 00:00 0 
91500000-91600000 rw-p 00000000 00:00 0 
91600000-916f1000 rw-p 00000000 00:00 0 
916f1000-91700000 ---p 00000000 00:00 0 
91704000-91709000 r-xp 00000000 fc:01 475817     /lib/i386-linux-gnu/libnss_dns-2.23.so
91709000-9170a000 r--p 00004000 fc:01 475817     /lib/i386-linux-gnu/libnss_dns-2.23.so
9170a000-9170b000 rw-p 00005000 fc:01 475817     /lib/i386-linux-gnu/libnss_dns-2.23.so
9170f000-91712000 r--s 0001a000 fc:01 450870     /usr/lib/jvm/java-8-oracle/jre/lib/jce.jar
91712000-9171c000 r--s 00116000 fc:01 501425     /usr/lib/jvm/java-8-oracle/jre/lib/ext/localedata.jar
9171c000-91725000 r--s 0004e000 fc:01 75830      /home/ubuntu/mc-mod-server/mods/G键合成CraftGuide-1.6.8.2-forge[hukk汉化].jar
91725000-91728000 ---p 00000000 00:00 0 
91728000-9173c000 rw-p 00000000 00:00 0 
9173c000-91758000 r-xp 00000000 fc:01 475189     /lib/i386-linux-gnu/libgcc_s.so.1
91758000-91759000 rw-p 0001b000 fc:01 475189     /lib/i386-linux-gnu/libgcc_s.so.1
9175b000-91760000 r--s 0009a000 fc:01 450892     /usr/lib/jvm/java-8-oracle/jre/lib/jsse.jar
91760000-9177f000 r-xp 00000000 fc:01 535546     /usr/lib/jvm/java-8-oracle/jre/lib/i386/libunpack.so
9177f000-91782000 rw-p 0001e000 fc:01 535546     /usr/lib/jvm/java-8-oracle/jre/lib/i386/libunpack.so
91782000-91786000 rw-p 00000000 00:00 0 
91786000-91799000 r--s 00345000 fc:01 450882     /usr/lib/jvm/java-8-oracle/jre/lib/resources.jar
91799000-9179e000 r--s 001bb000 fc:01 75841      /home/ubuntu/mc-mod-server/mods/拔剑mc1.7.10badaojianMOD.jar
9179e000-917a1000 ---p 00000000 00:00 0 
917a1000-917ef000 rw-p 00000000 00:00 0 
917ef000-917fe000 r-xp 00000000 fc:01 535536     /usr/lib/jvm/java-8-oracle/jre/lib/i386/libnio.so
917fe000-917ff000 rw-p 0000e000 fc:01 535536     /usr/lib/jvm/java-8-oracle/jre/lib/i386/libnio.so
917ff000-93400000 rw-p 00000000 00:00 0 
93400000-934ef000 rw-p 00000000 00:00 0 
934ef000-93500000 ---p 00000000 00:00 0 
93500000-93503000 r--s 00016000 fc:01 75817      /home/ubuntu/mc-mod-server/mods/更多村庄[1.7.10]MoVillages-1.4.2.jar
93503000-93518000 r-xp 00000000 fc:01 535572     /usr/lib/jvm/java-8-oracle/jre/lib/i386/libnet.so
93518000-93519000 rw-p 00015000 fc:01 535572     /usr/lib/jvm/java-8-oracle/jre/lib/i386/libnet.so
93519000-935b5000 r--s 0088d000 fc:01 75726      /home/ubuntu/mc-mod-server/minecraft_server.1.7.10.jar
935b5000-93600000 r--s 003eb000 fc:01 75658      /home/ubuntu/mc-mod-server/libraries/org/scala-lang/scala-reflect/2.11.1/scala-reflect-2.11.1.jar
93600000-936fc000 rw-p 00000000 00:00 0 
936fc000-93700000 ---p 00000000 00:00 0 
93701000-93702000 r--s 00001000 fc:01 75851      /home/ubuntu/mc-mod-server/plugins/服务器中文说明MOTDColor.jar
93702000-93704000 r--s 00006000 fc:01 75832      /home/ubuntu/mc-mod-server/mods/多彩聊天colorchat-1.11.2-2.0.42-universal.jar
93704000-9370c000 r-xp 00000000 fc:01 535521     /usr/lib/jvm/java-8-oracle/jre/lib/i386/libmanagement.so
9370c000-9370d000 rw-p 00007000 fc:01 535521     /usr/lib/jvm/java-8-oracle/jre/lib/i386/libmanagement.so
9370d000-93710000 r--s 0000b000 fc:01 75690      /home/ubuntu/mc-mod-server/libraries/javax/persistence/persistence-api/1.0.2/persistence-api-1.0.2.jar
93710000-93717000 r--s 000b7000 fc:01 75698      /home/ubuntu/mc-mod-server/libraries/mysql/mysql-connector-java/5.1.14/mysql-connector-java-5.1.14.jar
93717000-9371c000 r--s 00309000 fc:01 75667      /home/ubuntu/mc-mod-server/libraries/org/xerial/sqlite-jdbc/3.7.2/sqlite-jdbc-3.7.2.jar
9371c000-93720000 r--s 0001b000 fc:01 75717      /home/ubuntu/mc-mod-server/libraries/net/sourceforge/argo/argo/2.25/argo-2.25.jar
93720000-93723000 r--s 00019000 fc:01 75663      /home/ubuntu/mc-mod-server/libraries/org/fusesource/jansi/jansi/1.8/jansi-1.8.jar
93723000-93726000 r--s 0002a000 fc:01 75721      /home/ubuntu/mc-mod-server/libraries/jline/jline/2.6/jline-2.6.jar
93726000-9374a000 r--s 001bf000 fc:01 75671      /home/ubuntu/mc-mod-server/libraries/org/avaje/ebean/2.7.3/ebean-2.7.3.jar
9374a000-937a3000 r--s 00502000 fc:01 75646      /home/ubuntu/mc-mod-server/libraries/org/scala-lang/scala-library/2.11.1/scala-library-2.11.1.jar
937a3000-93893000 r--s 00c03000 fc:01 75655      /home/ubuntu/mc-mod-server/libraries/org/scala-lang/scala-compiler/2.11.1/scala-compiler-2.11.1.jar
93893000-938b8000 r--s 0024b000 fc:01 75682      /home/ubuntu/mc-mod-server/libraries/com/typesafe/akka/akka-actor_2.11/2.3.3/akka-actor_2.11-2.3.3.jar
938b8000-9390b000 r--s 007f9000 fc:01 74542      /home/ubuntu/mc-mod-server/cauldron.jar
9390b000-9390c000 ---p 00000000 00:00 0 
9390c000-9398c000 rw-p 00000000 00:00 0 
9398c000-9398f000 ---p 00000000 00:00 0 
9398f000-939dd000 rw-p 00000000 00:00 0 
939dd000-939e0000 ---p 00000000 00:00 0 
939e0000-93a5e000 rw-p 00000000 00:00 0 
93a5e000-93a61000 ---p 00000000 00:00 0 
93a61000-93aaf000 rw-p 00000000 00:00 0 
93aaf000-93caf000 r--p 00000000 fc:01 403194     /usr/lib/locale/locale-archive
93caf000-93cb2000 ---p 00000000 00:00 0 
93cb2000-93d00000 rw-p 00000000 00:00 0 
93d00000-93e00000 rw-p 00000000 00:00 0 
93e00000-93e05000 r--s 00041000 fc:01 75725      /home/ubuntu/mc-mod-server/libraries/commons-lang/commons-lang/2.6/commons-lang-2.6.jar
93e05000-93e0f000 r--s 00098000 fc:01 75652      /home/ubuntu/mc-mod-server/libraries/org/scala-lang/scala-xml_2.11/1.0.2/scala-xml_2.11-1.0.2.jar
93e0f000-93e12000 ---p 00000000 00:00 0 
93e12000-93e60000 rw-p 00000000 00:00 0 
93e60000-93e61000 ---p 00000000 00:00 0 
93e61000-93f30000 rw-p 00000000 00:00 0 
93f30000-94109000 r--s 03d40000 fc:01 450888     /usr/lib/jvm/java-8-oracle/jre/lib/rt.jar
94109000-9454f000 rw-p 00000000 00:00 0 
9454f000-94555000 ---p 00000000 00:00 0 
94555000-945cf000 rw-p 00000000 00:00 0 
945cf000-94600000 ---p 00000000 00:00 0 
94600000-9bfc0000 rw-p 00000000 00:00 0 
9bfc0000-9f0a0000 ---p 00000000 00:00 0 
9f0a0000-ae40a000 rw-p 00000000 00:00 0 
ae40a000-b4600000 ---p 00000000 00:00 0 
b4600000-b4602000 r--s 00010000 fc:01 75703      /home/ubuntu/mc-mod-server/libraries/net/md-5/SpecialSource/1.7-SNAPSHOT/SpecialSource-1.7-SNAPSHOT.jar
b4602000-b4608000 r--s 0003b000 fc:01 75629      /home/ubuntu/mc-mod-server/libraries/org/yaml/snakeyaml/1.9/snakeyaml-1.9.jar
b4608000-b4613000 r--s 000a9000 fc:01 75633      /home/ubuntu/mc-mod-server/libraries/org/scala-lang/scala-swing_2.11/1.0.1/scala-swing_2.11-1.0.1.jar
b4613000-b461e000 r--s 0005f000 fc:01 75636      /home/ubuntu/mc-mod-server/libraries/org/scala-lang/scala-parser-combinators_2.11/1.0.1/scala-parser-combinators_2.11-1.0.1.jar
b461e000-b4624000 r--s 0002e000 fc:01 75640      /home/ubuntu/mc-mod-server/libraries/org/scala-lang/plugins/scala-continuations-plugin_2.11.1/1.0.2/scala-continuations-plugin_2.11.1-1.0.2.jar
b4624000-b46bc000 rw-p 00000000 00:00 0 
b46bc000-b46d4000 ---p 00000000 00:00 0 
b46d4000-b474f000 rw-p 00000000 00:00 0 
b474f000-b477f000 ---p 00000000 00:00 0 
b477f000-b4799000 rw-p 00000000 00:00 0 
b4799000-b4800000 ---p 00000000 00:00 0 
b4800000-b4e08000 rwxp 00000000 00:00 0 
b4e08000-b6800000 ---p 00000000 00:00 0 
b6800000-b68fe000 rw-p 00000000 00:00 0 
b68fe000-b6900000 ---p 00000000 00:00 0 
b6900000-b6901000 r--s 00003000 fc:01 75677      /home/ubuntu/mc-mod-server/libraries/com/googlecode/json-simple/json-simple/1.1/json-simple-1.1.jar
b6901000-b6903000 r--s 0000d000 fc:01 75708      /home/ubuntu/mc-mod-server/libraries/net/sf/jopt-simple/jopt-simple/4.5/jopt-simple-4.5.jar
b6903000-b6907000 r--s 00032000 fc:01 75685      /home/ubuntu/mc-mod-server/libraries/com/typesafe/config/1.2.1/config-1.2.1.jar
b6907000-b6920000 r-xp 00000000 fc:01 535574     /usr/lib/jvm/java-8-oracle/jre/lib/i386/libzip.so
b6920000-b6921000 rw-p 00019000 fc:01 535574     /usr/lib/jvm/java-8-oracle/jre/lib/i386/libzip.so
b6921000-b6929000 rw-s 00000000 fc:01 16420      /tmp/hsperfdata_ubuntu/1917
b6929000-b6934000 r-xp 00000000 fc:01 475823     /lib/i386-linux-gnu/libnss_files-2.23.so
b6934000-b6935000 r--p 0000a000 fc:01 475823     /lib/i386-linux-gnu/libnss_files-2.23.so
b6935000-b6936000 rw-p 0000b000 fc:01 475823     /lib/i386-linux-gnu/libnss_files-2.23.so
b6936000-b693c000 rw-p 00000000 00:00 0 
b693c000-b6947000 r-xp 00000000 fc:01 475835     /lib/i386-linux-gnu/libnss_nis-2.23.so
b6947000-b6948000 r--p 0000a000 fc:01 475835     /lib/i386-linux-gnu/libnss_nis-2.23.so
b6948000-b6949000 rw-p 0000b000 fc:01 475835     /lib/i386-linux-gnu/libnss_nis-2.23.so
b6949000-b6960000 r-xp 00000000 fc:01 475815     /lib/i386-linux-gnu/libnsl-2.23.so
b6960000-b6961000 r--p 00016000 fc:01 475815     /lib/i386-linux-gnu/libnsl-2.23.so
b6961000-b6962000 rw-p 00017000 fc:01 475815     /lib/i386-linux-gnu/libnsl-2.23.so
b6962000-b6964000 rw-p 00000000 00:00 0 
b6964000-b696c000 r-xp 00000000 fc:01 475846     /lib/i386-linux-gnu/libnss_compat-2.23.so
b696c000-b696d000 r--p 00007000 fc:01 475846     /lib/i386-linux-gnu/libnss_compat-2.23.so
b696d000-b696e000 rw-p 00008000 fc:01 475846     /lib/i386-linux-gnu/libnss_compat-2.23.so
b696e000-b6970000 r--s 00005000 fc:01 75643      /home/ubuntu/mc-mod-server/libraries/org/scala-lang/plugins/scala-continuations-library_2.11/1.0.2/scala-continuations-library_2.11-1.0.2.jar
b6970000-b6975000 r--s 00036000 fc:01 75625      /home/ubuntu/mc-mod-server/libraries/org/ow2/asm/asm-all/5.0.3/asm-all-5.0.3.jar
b6975000-b6999000 r-xp 00000000 fc:01 535569     /usr/lib/jvm/java-8-oracle/jre/lib/i386/libjava.so
b6999000-b699a000 rw-p 00024000 fc:01 535569     /usr/lib/jvm/java-8-oracle/jre/lib/i386/libjava.so
b699a000-b69a5000 r-xp 00000000 fc:01 535528     /usr/lib/jvm/java-8-oracle/jre/lib/i386/libverify.so
b69a5000-b69a6000 rw-p 0000b000 fc:01 535528     /usr/lib/jvm/java-8-oracle/jre/lib/i386/libverify.so
b69a6000-b69ad000 r-xp 00000000 fc:01 475841     /lib/i386-linux-gnu/librt-2.23.so
b69ad000-b69ae000 r--p 00006000 fc:01 475841     /lib/i386-linux-gnu/librt-2.23.so
b69ae000-b69af000 rw-p 00007000 fc:01 475841     /lib/i386-linux-gnu/librt-2.23.so
b69af000-b69b2000 ---p 00000000 00:00 0 
b69b2000-b6a00000 rw-p 00000000 00:00 0 
b6a00000-b6a53000 r-xp 00000000 fc:01 475852     /lib/i386-linux-gnu/libm-2.23.so
b6a53000-b6a54000 r--p 00052000 fc:01 475852     /lib/i386-linux-gnu/libm-2.23.so
b6a54000-b6a55000 rw-p 00053000 fc:01 475852     /lib/i386-linux-gnu/libm-2.23.so
b6a55000-b70ad000 r-xp 00000000 fc:01 560092     /usr/lib/jvm/java-8-oracle/jre/lib/i386/client/libjvm.so
b70ad000-b70d3000 rw-p 00657000 fc:01 560092     /usr/lib/jvm/java-8-oracle/jre/lib/i386/client/libjvm.so
b70d3000-b74fa000 rw-p 00000000 00:00 0 
b74fa000-b76aa000 r-xp 00000000 fc:01 475858     /lib/i386-linux-gnu/libc-2.23.so
b76aa000-b76ac000 r--p 001af000 fc:01 475858     /lib/i386-linux-gnu/libc-2.23.so
b76ac000-b76ad000 rw-p 001b1000 fc:01 475858     /lib/i386-linux-gnu/libc-2.23.so
b76ad000-b76b0000 rw-p 00000000 00:00 0 
b76b0000-b76b3000 r-xp 00000000 fc:01 475845     /lib/i386-linux-gnu/libdl-2.23.so
b76b3000-b76b4000 r--p 00002000 fc:01 475845     /lib/i386-linux-gnu/libdl-2.23.so
b76b4000-b76b5000 rw-p 00003000 fc:01 475845     /lib/i386-linux-gnu/libdl-2.23.so
b76b5000-b76c9000 r-xp 00000000 fc:01 583763     /usr/lib/jvm/java-8-oracle/jre/lib/i386/jli/libjli.so
b76c9000-b76ca000 rw-p 00014000 fc:01 583763     /usr/lib/jvm/java-8-oracle/jre/lib/i386/jli/libjli.so
b76ca000-b76e3000 r-xp 00000000 fc:01 475829     /lib/i386-linux-gnu/libpthread-2.23.so
b76e3000-b76e4000 r--p 00018000 fc:01 475829     /lib/i386-linux-gnu/libpthread-2.23.so
b76e4000-b76e5000 rw-p 00019000 fc:01 475829     /lib/i386-linux-gnu/libpthread-2.23.so
b76e5000-b76e7000 rw-p 00000000 00:00 0 
b76e7000-b76e8000 r--s 00001000 fc:01 75694      /home/ubuntu/mc-mod-server/libraries/lzma/lzma/0.0.1/lzma-0.0.1.jar
b76e8000-b76ea000 r--s 0000d000 fc:01 75649      /home/ubuntu/mc-mod-server/libraries/org/scala-lang/scala-actors-migration_2.11/1.1.0/scala-actors-migration_2.11-1.1.0.jar
b76ea000-b76ec000 r--s 00007000 fc:01 75712      /home/ubuntu/mc-mod-server/libraries/net/minecraft/launchwrapper/1.11/launchwrapper-1.11.jar
b76ec000-b76ed000 rw-p 00000000 00:00 0 
b76ed000-b76ee000 ---p 00000000 00:00 0 
b76ee000-b76f0000 rw-p 00000000 00:00 0 
b76f0000-b76f3000 r--p 00000000 00:00 0          [vvar]
b76f3000-b76f5000 r-xp 00000000 00:00 0          [vdso]
b76f5000-b7717000 r-xp 00000000 fc:01 475816     /lib/i386-linux-gnu/ld-2.23.so
b7717000-b7718000 rw-p 00000000 00:00 0 
b7718000-b7719000 r--p 00022000 fc:01 475816     /lib/i386-linux-gnu/ld-2.23.so
b7719000-b771a000 rw-p 00023000 fc:01 475816     /lib/i386-linux-gnu/ld-2.23.so
bf8b5000-bf8d6000 rw-p 00000000 00:00 0          [stack]

VM Arguments:
jvm_args: -Xmx512M -Xms128M 
java_command: cauldron.jar PAUSE
java_class_path (initial): cauldron.jar
Launcher Type: SUN_STANDARD

Environment Variables:
JAVA_HOME=/usr/lib/jvm/java-8-oracle
PATH=/home/ubuntu/bin:/home/ubuntu/.local/bin:/usr/local/sbin:/usr/local/bin:/usr/sbin:/usr/bin:/sbin:/bin:/usr/games:/usr/local/games:/snap/bin:/usr/lib/jvm/java-8-oracle/bin:/usr/lib/jvm/java-8-oracle/db/bin:/usr/lib/jvm/java-8-oracle/jre/bin
SHELL=/bin/bash

Signal Handlers:
SIGSEGV: [libjvm.so+0x5bdc10], sa_mask[0]=11111111011111111101111111111110, sa_flags=SA_RESTART|SA_SIGINFO
SIGBUS: [libjvm.so+0x5bdc10], sa_mask[0]=11111111011111111101111111111110, sa_flags=SA_RESTART|SA_SIGINFO
SIGFPE: [libjvm.so+0x49cb60], sa_mask[0]=11111111011111111101111111111110, sa_flags=SA_RESTART|SA_SIGINFO
SIGPIPE: [libjvm.so+0x49cb60], sa_mask[0]=11111111011111111101111111111110, sa_flags=SA_RESTART|SA_SIGINFO
SIGXFSZ: [libjvm.so+0x49cb60], sa_mask[0]=11111111011111111101111111111110, sa_flags=SA_RESTART|SA_SIGINFO
SIGILL: [libjvm.so+0x49cb60], sa_mask[0]=11111111011111111101111111111110, sa_flags=SA_RESTART|SA_SIGINFO
SIGUSR1: SIG_DFL, sa_mask[0]=00000000000000000000000000000000, sa_flags=none
SIGUSR2: [libjvm.so+0x49e410], sa_mask[0]=00000000000000000000000000000000, sa_flags=SA_RESTART|SA_SIGINFO
SIGHUP: [libjvm.so+0x49f8c0], sa_mask[0]=11111111011111111101111111111110, sa_flags=SA_RESTART|SA_SIGINFO
SIGINT: [libjvm.so+0x49f8c0], sa_mask[0]=11111111011111111101111111111110, sa_flags=SA_RESTART|SA_SIGINFO
SIGTERM: [libjvm.so+0x49f8c0], sa_mask[0]=11111111011111111101111111111110, sa_flags=SA_RESTART|SA_SIGINFO
SIGQUIT: [libjvm.so+0x49f8c0], sa_mask[0]=11111111011111111101111111111110, sa_flags=SA_RESTART|SA_SIGINFO


---------------  S Y S T E M  ---------------

OS:DISTRIB_ID=Ubuntu
DISTRIB_RELEASE=16.04
DISTRIB_CODENAME=xenial
DISTRIB_DESCRIPTION="Ubuntu 16.04.2 LTS"

uname:Linux 4.12.0-041200-generic #201707022031 SMP Mon Jul 3 00:42:33 UTC 2017 i686
libc:glibc 2.23 NPTL 2.23 
rlimit: STACK 8192k, CORE 0k, NPROC 6661, NOFILE 1048576, AS infinity
load average:17.91 9.74 4.12

/proc/meminfo:
MemTotal:         891568 kB
MemFree:           47572 kB
MemAvailable:          0 kB
Buffers:              88 kB
Cached:            36000 kB
SwapCached:            0 kB
Active:           759936 kB
Inactive:          31972 kB
Active(anon):     758936 kB
Inactive(anon):    29468 kB
Active(file):       1000 kB
Inactive(file):     2504 kB
Unevictable:        3428 kB
Mlocked:            3428 kB
HighTotal:        135168 kB
HighFree:            120 kB
LowTotal:         756400 kB
LowFree:           47452 kB
SwapTotal:             0 kB
SwapFree:              0 kB
Dirty:                20 kB
Writeback:             0 kB
AnonPages:        759428 kB
Mapped:            20296 kB
Shmem:             29984 kB
Slab:              26048 kB
SReclaimable:      10432 kB
SUnreclaim:        15616 kB
KernelStack:        2400 kB
PageTables:         4932 kB
NFS_Unstable:          0 kB
Bounce:                0 kB
WritebackTmp:          0 kB
CommitLimit:      445784 kB
Committed_AS:    2256560 kB
VmallocTotal:     122880 kB
VmallocUsed:           0 kB
VmallocChunk:          0 kB
AnonHugePages:    544768 kB
ShmemHugePages:        0 kB
ShmemPmdMapped:        0 kB
CmaTotal:              0 kB
CmaFree:               0 kB
HugePages_Total:       0
HugePages_Free:        0
HugePages_Rsvd:        0
HugePages_Surp:        0
Hugepagesize:       2048 kB
DirectMap4k:       14328 kB
DirectMap2M:      899072 kB


CPU:total 1 (initial active 1) (12 cores per cpu, 1 threads per core) family 6 model 63 stepping 2, cmov, cx8, fxsr, mmx, sse, sse2, sse3, ssse3, sse4.1, sse4.2, popcnt, avx, avx2, aes, clmul, lzcnt, tsc

/proc/cpuinfo:
processor	: 0
vendor_id	: GenuineIntel
cpu family	: 6
model		: 63
model name	: Intel(R) Xeon(R) CPU E5-26xx v3
stepping	: 2
microcode	: 0x1
cpu MHz		: 2294.682
cache size	: 4096 KB
physical id	: 0
siblings	: 1
core id		: 0
cpu cores	: 1
apicid		: 0
initial apicid	: 0
fdiv_bug	: no
f00f_bug	: no
coma_bug	: no
fpu		: yes
fpu_exception	: yes
cpuid level	: 13
wp		: yes
flags		: fpu vme de pse tsc msr pae mce cx8 apic sep mtrr pge mca cmov pat pse36 clflush mmx fxsr sse sse2 ss ht syscall nx lm constant_tsc cpuid pni pclmulqdq ssse3 fma cx16 pcid sse4_1 sse4_2 x2apic movbe popcnt tsc_deadline_timer aes xsave avx f16c rdrand hypervisor lahf_lm abm avx2 xsaveopt
bugs		:
bogomips	: 4589.36
clflush size	: 64
cache_alignment	: 64
address sizes	: 40 bits physical, 48 bits virtual
power management:



Memory: 4k page, physical 891568k(47620k free), swap 0k(0k free)

vm_info: Java HotSpot(TM) Client VM (25.131-b11) for linux-x86 JRE (1.8.0_131-b11), built on Mar 15 2017 01:31:04 by "java_re" with gcc 4.3.0 20080428 (Red Hat 4.3.0-8)

time: Sat Jul 29 20:07:20 2017
elapsed time: 24360 seconds (0d 6h 46m 0s)

