#
# There is insufficient memory for the Java Runtime Environment to continue.
# Native memory allocation (mmap) failed to map 75862016 bytes for committing reserved memory.
# Possible reasons:
#   The system is out of physical RAM or swap space
#   In 32 bit mode, the process size limit was hit
# Possible solutions:
#   Reduce memory load on the system
#   Increase physical memory or swap space
#   Check if swap backing store is full
#   Use 64 bit Java on a 64 bit OS
#   Decrease Java heap size (-Xmx/-Xms)
#   Decrease number of Java threads
#   Decrease Java thread stack sizes (-Xss)
#   Set larger code cache with -XX:ReservedCodeCacheSize=
# This output file may be truncated or incomplete.
#
#  Out of Memory Error (os_linux.cpp:2640), pid=26047, tid=0x93f84b40
#
# JRE version: Java(TM) SE Runtime Environment (8.0_131-b11) (build 1.8.0_131-b11)
# Java VM: Java HotSpot(TM) Client VM (25.131-b11 mixed mode linux-x86 )
# Failed to write core dump. Core dumps have been disabled. To enable core dumping, try "ulimit -c unlimited" before starting Java again
#

---------------  T H R E A D  ---------------

Current thread (0xb695d800):  VMThread [stack: 0x93f04000,0x93f85000] [id=26049]

Stack: [0x93f04000,0x93f85000],  sp=0x93f836c0,  free space=509k
Native frames: (J=compiled Java code, j=interpreted, Vv=VM code, C=native code)
V  [libjvm.so+0x5bd0ff]  VMError::report_and_die()+0x16f
V  [libjvm.so+0x20d785]  report_vm_out_of_memory(char const*, int, unsigned int, VMErrorType, char const*)+0x55
V  [libjvm.so+0x49fe76]  os::Linux::commit_memory_impl(char*, unsigned int, bool)+0xe6
V  [libjvm.so+0x4a0298]  os::pd_commit_memory(char*, unsigned int, unsigned int, bool)+0x28
V  [libjvm.so+0x49a1ac]  os::commit_memory(char*, unsigned int, unsigned int, bool)+0x2c
V  [libjvm.so+0x5b919c]  VirtualSpace::expand_by(unsigned int, bool)+0x1ec
V  [libjvm.so+0x29e29b]  OneContigSpaceCardGeneration::grow_by(unsigned int)+0x1b
V  [libjvm.so+0x29e5bb]  CardGeneration::expand(unsigned int, unsigned int)+0x5b
V  [libjvm.so+0x29e63a]  OneContigSpaceCardGeneration::expand(unsigned int, unsigned int)+0x2a
V  [libjvm.so+0x29ec75]  CardGeneration::compute_new_size()+0x1d5
V  [libjvm.so+0x292d79]  GenCollectedHeap::do_collection(bool, bool, unsigned int, bool, int)+0x679
V  [libjvm.so+0x1ba46f]  GenCollectorPolicy::satisfy_failed_allocation(unsigned int, bool)+0x10f
V  [libjvm.so+0x5be2e4]  VM_GenCollectForAllocation::doit()+0x74
V  [libjvm.so+0x5c7c07]  VM_Operation::evaluate()+0x47
V  [libjvm.so+0x5c5ce3]  VMThread::evaluate_operation(VM_Operation*)+0xb3
V  [libjvm.so+0x5c6080]  VMThread::loop()+0x1b0
V  [libjvm.so+0x5c64e5]  VMThread::run()+0x85
V  [libjvm.so+0x4a2739]  java_start(Thread*)+0x119
C  [libpthread.so.0+0x6295]  start_thread+0xe5

VM_Operation (0x9177159c): GenCollectForAllocation, mode: safepoint, requested by thread 0x911e4800


---------------  P R O C E S S  ---------------

Java Threads: ( => current thread )
  0x90572400 JavaThread "Chunk I/O Executor Thread-1" daemon [_thread_blocked, id=26221, stack(0x8d3e3000,0x8d434000)]
  0x09568000 JavaThread "process reaper" daemon [_thread_blocked, id=26219, stack(0x917c4000,0x917db000)]
  0x09567400 JavaThread "Netty IO #2" daemon [_thread_blocked, id=26216, stack(0x8d434000,0x8d485000)]
  0x09653c00 JavaThread "Netty IO #1" daemon [_thread_in_native, id=26215, stack(0x8d585000,0x8d5d6000)]
  0x9055cc00 JavaThread "File IO Thread" [_thread_blocked, id=26117, stack(0x8db7a000,0x8dbcb000)]
  0x90521800 JavaThread "Java2D Disposer" daemon [_thread_blocked, id=26116, stack(0x8d6d6000,0x8d727000)]
  0x93effc00 JavaThread "Netty IO #0" daemon [_thread_in_native, id=26094, stack(0x8dad8000,0x8db29000)]
  0x93ef0400 JavaThread "Spigot Metrics Thread" daemon [_thread_blocked, id=26093, stack(0x8db29000,0x8db7a000)]
  0x93ef3800 JavaThread "Spigot Watchdog Thread" [_thread_blocked, id=26092, stack(0x9070d000,0x9075e000)]
  0x93e19800 JavaThread "Thread-7" [_thread_blocked, id=26083, stack(0x9085e000,0x908af000)]
  0x93e17c00 JavaThread "Server console handler" daemon [_thread_in_native, id=26082, stack(0x908af000,0x90900000)]
  0xb6907400 JavaThread "DestroyJavaVM" [_thread_blocked, id=26048, stack(0xb6a4a000,0xb6a9b000)]
  0x911e4800 JavaThread "Server thread" [_thread_blocked, id=26081, stack(0x91722000,0x91773000)]
  0x911d3400 JavaThread "Server Infinisleeper" daemon [_thread_blocked, id=26080, stack(0x91773000,0x917c4000)]
  0x90930c00 JavaThread "Snooper Timer" daemon [_thread_blocked, id=26072, stack(0x9353f000,0x93590000)]
  0xb6983c00 JavaThread "Service Thread" daemon [_thread_blocked, id=26054, stack(0x93a3b000,0x93a8c000)]
  0xb6980800 JavaThread "C1 CompilerThread0" daemon [_thread_blocked, id=26053, stack(0x93a8c000,0x93b0d000)]
  0xb697f000 JavaThread "Signal Dispatcher" daemon [_thread_blocked, id=26052, stack(0x93b0d000,0x93b5e000)]
  0xb6964c00 JavaThread "Finalizer" daemon [_thread_blocked, id=26051, stack(0x93d5e000,0x93daf000)]
  0xb6962000 JavaThread "Reference Handler" daemon [_thread_blocked, id=26050, stack(0x93daf000,0x93e00000)]

Other Threads:
=>0xb695d800 VMThread [stack: 0x93f04000,0x93f85000] [id=26049]
  0xb6985c00 WatcherThread [stack: 0x939ba000,0x93a3b000] [id=26055]

VM state:at safepoint (normal execution)

VM Mutex/Monitor currently owned by a thread:  ([mutex/lock_event])
[0xb6904970] Threads_lock - owner thread: 0xb695d800
[0xb6904d80] Heap_lock - owner thread: 0x911e4800

Heap:
 def new generation   total 72000K, used 0K [0x94800000, 0x99610000, 0x9f2a0000)
  eden space 64064K,   0% used [0x94800000, 0x94800000, 0x98690000)
  from space 7936K,   0% used [0x98e50000, 0x98e50000, 0x99610000)
  to   space 7936K,   0% used [0x98690000, 0x98690000, 0x98e50000)
 tenured generation   total 162388K, used 141882K [0x9f2a0000, 0xa9135000, 0xb4800000)
   the space 162388K,  87% used [0x9f2a0000, 0xa7d2eb48, 0xa7d2ec00, 0xa9135000)
 Metaspace       used 23416K, capacity 23672K, committed 23808K, reserved 23856K

Card table byte_map: [0x946ff000,0x94800000] byte_map_base: 0x9425b000

Polling page: 0xb7788000

CodeCache: size=32768Kb used=6013Kb max_used=6013Kb free=26754Kb
 bounds [0xb48a1000, 0xb4e89000, 0xb68a1000]
 total_blobs=3508 nmethods=3218 adapters=220
 compilation: enabled

Compilation events (10 events):
Event: 129.605 Thread 0xb6980800 3286             net.minecraft.entity.passive.EntityWaterMob::func_70692_ba (2 bytes)
Event: 129.605 Thread 0xb6980800 nmethod 3286 0xb4e7f848 code [0xb4e7f940, 0xb4e7f9c0]
Event: 129.606 Thread 0xb6980800 3287             net.minecraft.world.chunk.Chunk::func_76626_d (104 bytes)
Event: 129.606 Thread 0xb6980800 nmethod 3287 0xb4e7fa08 code [0xb4e7fb40, 0xb4e7fd18]
Event: 129.613 Thread 0xb6980800 3288             net.minecraft.entity.passive.EntityVillager::func_70650_aV (2 bytes)
Event: 129.613 Thread 0xb6980800 nmethod 3288 0xb4e7ff88 code [0xb4e80080, 0xb4e80100]
Event: 129.712 Thread 0xb6980800 3289             net.minecraft.world.ChunkCache::<init> (239 bytes)
Event: 129.713 Thread 0xb6980800 nmethod 3289 0xb4e80148 code [0xb4e80290, 0xb4e805d4]
Event: 129.714 Thread 0xb6980800 3290             java.lang.String::lastIndexOf (151 bytes)
Event: 129.715 Thread 0xb6980800 nmethod 3290 0xb4e80b48 code [0xb4e80c60, 0xb4e80e90]

GC Heap History (10 events):
Event: 128.052 GC heap after
Heap after GC invocations=62 (full 2):
 def new generation   total 72000K, used 7925K [0x94800000, 0x99610000, 0x9f2a0000)
  eden space 64064K,   0% used [0x94800000, 0x94800000, 0x98690000)
  from space 7936K,  99% used [0x98690000, 0x98e4d670, 0x98e50000)
  to   space 7936K,   0% used [0x98e50000, 0x98e50000, 0x99610000)
 tenured generation   total 159828K, used 137104K [0x9f2a0000, 0xa8eb5000, 0xb4800000)
   the space 159828K,  85% used [0x9f2a0000, 0xa7884210, 0xa7884400, 0xa8eb5000)
 Metaspace       used 23360K, capacity 23638K, committed 23680K, reserved 23856K
}
Event: 128.368 GC heap before
{Heap before GC invocations=62 (full 2):
 def new generation   total 72000K, used 71999K [0x94800000, 0x99610000, 0x9f2a0000)
  eden space 64064K, 100% used [0x94800000, 0x98690000, 0x98690000)
  from space 7936K,  99% used [0x98690000, 0x98e4fff8, 0x98e50000)
  to   space 7936K,   0% used [0x98e50000, 0x98e50000, 0x99610000)
 tenured generation   total 159828K, used 138516K [0x9f2a0000, 0xa8eb5000, 0xb4800000)
   the space 159828K,  86% used [0x9f2a0000, 0xa79e51e0, 0xa79e5200, 0xa8eb5000)
 Metaspace       used 23410K, capacity 23670K, committed 23808K, reserved 23856K
Event: 128.400 GC heap after
Heap after GC invocations=63 (full 2):
 def new generation   total 72000K, used 7892K [0x94800000, 0x99610000, 0x9f2a0000)
  eden space 64064K,   0% used [0x94800000, 0x94800000, 0x98690000)
  from space 7936K,  99% used [0x98e50000, 0x99605128, 0x99610000)
  to   space 7936K,   0% used [0x98690000, 0x98690000, 0x98e50000)
 tenured generation   total 159828K, used 145530K [0x9f2a0000, 0xa8eb5000, 0xb4800000)
   the space 159828K,  91% used [0x9f2a0000, 0xa80bebc8, 0xa80bec00, 0xa8eb5000)
 Metaspace       used 23410K, capacity 23670K, committed 23808K, reserved 23856K
}
Event: 128.410 GC heap before
{Heap before GC invocations=63 (full 2):
 def new generation   total 72000K, used 12484K [0x94800000, 0x99610000, 0x9f2a0000)
  eden space 64064K,   7% used [0x94800000, 0x94c7c038, 0x98690000)
  from space 7936K,  99% used [0x98e50000, 0x99605128, 0x99610000)
  to   space 7936K,   0% used [0x98690000, 0x98690000, 0x98e50000)
 tenured generation   total 159828K, used 145530K [0x9f2a0000, 0xa8eb5000, 0xb4800000)
   the space 159828K,  91% used [0x9f2a0000, 0xa80bebc8, 0xa80bec00, 0xa8eb5000)
 Metaspace       used 23410K, capacity 23670K, committed 23808K, reserved 23856K
Event: 128.418 GC heap after
Heap after GC invocations=64 (full 2):
 def new generation   total 72000K, used 4136K [0x94800000, 0x99610000, 0x9f2a0000)
  eden space 64064K,   0% used [0x94800000, 0x94800000, 0x98690000)
  from space 7936K,  52% used [0x98690000, 0x98a9a148, 0x98e50000)
  to   space 7936K,   0% used [0x98e50000, 0x98e50000, 0x99610000)
 tenured generation   total 159828K, used 149740K [0x9f2a0000, 0xa8eb5000, 0xb4800000)
   the space 159828K,  93% used [0x9f2a0000, 0xa84db010, 0xa84db200, 0xa8eb5000)
 Metaspace       used 23410K, capacity 23670K, committed 23808K, reserved 23856K
}
Event: 128.722 GC heap before
{Heap before GC invocations=64 (full 2):
 def new generation   total 72000K, used 68200K [0x94800000, 0x99610000, 0x9f2a0000)
  eden space 64064K, 100% used [0x94800000, 0x98690000, 0x98690000)
  from space 7936K,  52% used [0x98690000, 0x98a9a148, 0x98e50000)
  to   space 7936K,   0% used [0x98e50000, 0x98e50000, 0x99610000)
 tenured generation   total 159828K, used 149740K [0x9f2a0000, 0xa8eb5000, 0xb4800000)
   the space 159828K,  93% used [0x9f2a0000, 0xa84db010, 0xa84db200, 0xa8eb5000)
 Metaspace       used 23411K, capacity 23670K, committed 23808K, reserved 23856K
Event: 128.732 GC heap after
Heap after GC invocations=65 (full 2):
 def new generation   total 72000K, used 7936K [0x94800000, 0x99610000, 0x9f2a0000)
  eden space 64064K,   0% used [0x94800000, 0x94800000, 0x98690000)
  from space 7936K, 100% used [0x98e50000, 0x99610000, 0x99610000)
  to   space 7936K,   0% used [0x98690000, 0x98690000, 0x98e50000)
 tenured generation   total 159828K, used 153797K [0x9f2a0000, 0xa8eb5000, 0xb4800000)
   the space 159828K,  96% used [0x9f2a0000, 0xa88d16f8, 0xa88d1800, 0xa8eb5000)
 Metaspace       used 23411K, capacity 23670K, committed 23808K, reserved 23856K
}
Event: 129.205 GC heap before
{Heap before GC invocations=65 (full 2):
 def new generation   total 72000K, used 72000K [0x94800000, 0x99610000, 0x9f2a0000)
  eden space 64064K, 100% used [0x94800000, 0x98690000, 0x98690000)
  from space 7936K, 100% used [0x98e50000, 0x99610000, 0x99610000)
  to   space 7936K,   0% used [0x98690000, 0x98690000, 0x98e50000)
 tenured generation   total 159828K, used 153797K [0x9f2a0000, 0xa8eb5000, 0xb4800000)
   the space 159828K,  96% used [0x9f2a0000, 0xa88d16f8, 0xa88d1800, 0xa8eb5000)
 Metaspace       used 23415K, capacity 23672K, committed 23808K, reserved 23856K
Event: 129.221 GC heap after
Heap after GC invocations=66 (full 2):
 def new generation   total 72000K, used 7936K [0x94800000, 0x99610000, 0x9f2a0000)
  eden space 64064K,   0% used [0x94800000, 0x94800000, 0x98690000)
  from space 7936K, 100% used [0x98690000, 0x98e50000, 0x98e50000)
  to   space 7936K,   0% used [0x98e50000, 0x98e50000, 0x99610000)
 tenured generation   total 159828K, used 158796K [0x9f2a0000, 0xa8eb5000, 0xb4800000)
   the space 159828K,  99% used [0x9f2a0000, 0xa8db33f0, 0xa8db3400, 0xa8eb5000)
 Metaspace       used 23415K, capacity 23672K, committed 23808K, reserved 23856K
}
Event: 129.757 GC heap before
{Heap before GC invocations=66 (full 2):
 def new generation   total 72000K, used 72000K [0x94800000, 0x99610000, 0x9f2a0000)
  eden space 64064K, 100% used [0x94800000, 0x98690000, 0x98690000)
  from space 7936K, 100% used [0x98690000, 0x98e50000, 0x98e50000)
  to   space 7936K,   0% used [0x98e50000, 0x98e50000, 0x99610000)
 tenured generation   total 159828K, used 158796K [0x9f2a0000, 0xa8eb5000, 0xb4800000)
   the space 159828K,  99% used [0x9f2a0000, 0xa8db33f0, 0xa8db3400, 0xa8eb5000)
 Metaspace       used 23416K, capacity 23672K, committed 23808K, reserved 23856K

Deoptimization events (0 events):
No events

Internal exceptions (10 events):
Event: 26.145 Thread 0x911e4800 Exception <a 'java/lang/NullPointerException'> (0x98502e38) thrown at [/HUDSON/workspace/8-2-build-linux-i586/jdk8u131/8869/hotspot/src/share/vm/runtime/sharedRuntime.cpp, line 605]
Event: 26.152 Thread 0x911e4800 Implicit null exception at 0xb49d2e4f to 0xb49d33f3
Event: 26.152 Thread 0x911e4800 Exception <a 'java/lang/NullPointerException'> (0x98648e20) thrown at [/HUDSON/workspace/8-2-build-linux-i586/jdk8u131/8869/hotspot/src/share/vm/runtime/sharedRuntime.cpp, line 605]
Event: 26.203 Thread 0x911e4800 Exception <a 'java/io/FileNotFoundException'> (0x9480b8e0) thrown at [/HUDSON/workspace/8-2-build-linux-i586/jdk8u131/8869/hotspot/src/share/vm/prims/jni.cpp, line 709]
Event: 26.203 Thread 0x911e4800 Exception <a 'java/io/FileNotFoundException'> (0x9480c860) thrown at [/HUDSON/workspace/8-2-build-linux-i586/jdk8u131/8869/hotspot/src/share/vm/prims/jni.cpp, line 709]
Event: 26.307 Thread 0x911e4800 Implicit null exception at 0xb4d28443 to 0xb4d286d1
Event: 115.600 Thread 0x09653c00 Exception <a 'java/lang/ArrayIndexOutOfBoundsException'> (0x9816ee70) thrown at [/HUDSON/workspace/8-2-build-linux-i586/jdk8u131/8869/hotspot/src/share/vm/runtime/sharedRuntime.cpp, line 605]
Event: 127.243 Thread 0x911e4800 Exception <a 'java/lang/ArrayIndexOutOfBoundsException'> (0x9589c470) thrown at [/HUDSON/workspace/8-2-build-linux-i586/jdk8u131/8869/hotspot/src/share/vm/runtime/sharedRuntime.cpp, line 605]
Event: 127.244 Thread 0x911e4800 Exception <a 'java/lang/ArrayIndexOutOfBoundsException'> (0x958ea198) thrown at [/HUDSON/workspace/8-2-build-linux-i586/jdk8u131/8869/hotspot/src/share/vm/runtime/sharedRuntime.cpp, line 605]
Event: 127.256 Thread 0x911e4800 Exception <a 'java/lang/ArrayIndexOutOfBoundsException'> (0x95bc1cb0) thrown at [/HUDSON/workspace/8-2-build-linux-i586/jdk8u131/8869/hotspot/src/share/vm/runtime/sharedRuntime.cpp, line 605]

Events (10 events):
Event: 128.400 Executing VM operation: GenCollectForAllocation done
Event: 128.408 Executing VM operation: GenCollectFull
Event: 128.425 Executing VM operation: GenCollectFull done
Event: 128.718 Executing VM operation: GenCollectForAllocation
Event: 128.739 Executing VM operation: GenCollectForAllocation done
Event: 128.957 loading class net/minecraftforge/common/EnumPlantType
Event: 128.957 loading class net/minecraftforge/common/EnumPlantType done
Event: 129.204 Executing VM operation: GenCollectForAllocation
Event: 129.221 Executing VM operation: GenCollectForAllocation done
Event: 129.757 Executing VM operation: GenCollectForAllocation


Dynamic libraries:
08048000-08049000 r-xp 00000000 fc:01 501474     /usr/lib/jvm/java-8-oracle/jre/bin/java
08049000-0804a000 rw-p 00000000 fc:01 501474     /usr/lib/jvm/java-8-oracle/jre/bin/java
093aa000-09784000 rw-p 00000000 00:00 0          [heap]
8d3e3000-8d3e6000 ---p 00000000 00:00 0 
8d3e6000-8d434000 rw-p 00000000 00:00 0 
8d434000-8d437000 ---p 00000000 00:00 0 
8d437000-8d585000 rw-p 00000000 00:00 0 
8d585000-8d588000 ---p 00000000 00:00 0 
8d588000-8d6d6000 rw-p 00000000 00:00 0 
8d6d6000-8d6d9000 ---p 00000000 00:00 0 
8d6d9000-8d727000 rw-p 00000000 00:00 0 
8d727000-8d7ad000 r-xp 00000000 fc:01 535529     /usr/lib/jvm/java-8-oracle/jre/lib/i386/libawt.so
8d7ad000-8d7b4000 rw-p 00086000 fc:01 535529     /usr/lib/jvm/java-8-oracle/jre/lib/i386/libawt.so
8d7b4000-8d8d8000 rw-p 00000000 00:00 0 
8d8d8000-8d9d8000 rw-p 00000000 00:00 0 
8d9d8000-8dad8000 rw-p 00000000 00:00 0 
8dad8000-8dadb000 ---p 00000000 00:00 0 
8dadb000-8db29000 rw-p 00000000 00:00 0 
8db29000-8db2c000 ---p 00000000 00:00 0 
8db2c000-8db7a000 rw-p 00000000 00:00 0 
8db7a000-8db7d000 ---p 00000000 00:00 0 
8db7d000-8dccb000 rw-p 00000000 00:00 0 
8dccb000-8ddcb000 rw-p 00000000 00:00 0 
8ddcb000-8dddf000 r-xp 00000000 fc:01 475849     /lib/i386-linux-gnu/libresolv-2.23.so
8dddf000-8dde0000 ---p 00014000 fc:01 475849     /lib/i386-linux-gnu/libresolv-2.23.so
8dde0000-8dde1000 r--p 00014000 fc:01 475849     /lib/i386-linux-gnu/libresolv-2.23.so
8dde1000-8dde2000 rw-p 00015000 fc:01 475849     /lib/i386-linux-gnu/libresolv-2.23.so
8dde2000-8dde4000 rw-p 00000000 00:00 0 
8dde4000-8de00000 r--s 00393000 fc:01 501421     /usr/lib/jvm/java-8-oracle/jre/lib/ext/cldrdata.jar
8de00000-8defe000 rw-p 00000000 00:00 0 
8defe000-8df00000 ---p 00000000 00:00 0 
8df00000-8e000000 rw-p 00000000 00:00 0 
8e000000-8e0fe000 rw-p 00000000 00:00 0 
8e0fe000-8e100000 ---p 00000000 00:00 0 
8e100000-8e1fe000 rw-p 00000000 00:00 0 
8e1fe000-8e200000 ---p 00000000 00:00 0 
8e200000-8e2fe000 rw-p 00000000 00:00 0 
8e2fe000-8e300000 ---p 00000000 00:00 0 
8e300000-8e3fe000 rw-p 00000000 00:00 0 
8e3fe000-8e400000 ---p 00000000 00:00 0 
8e400000-8e4fe000 rw-p 00000000 00:00 0 
8e4fe000-8e500000 ---p 00000000 00:00 0 
8e500000-8e5fe000 rw-p 00000000 00:00 0 
8e5fe000-8e600000 ---p 00000000 00:00 0 
8e600000-8e6fe000 rw-p 00000000 00:00 0 
8e6fe000-8e700000 ---p 00000000 00:00 0 
8e700000-8e7fe000 rw-p 00000000 00:00 0 
8e7fe000-8e800000 ---p 00000000 00:00 0 
8e800000-8e8fe000 rw-p 00000000 00:00 0 
8e8fe000-8e900000 ---p 00000000 00:00 0 
8e900000-8e9fe000 rw-p 00000000 00:00 0 
8e9fe000-8ea00000 ---p 00000000 00:00 0 
8ea00000-8eafe000 rw-p 00000000 00:00 0 
8eafe000-8eb00000 ---p 00000000 00:00 0 
8eb00000-8ebfe000 rw-p 00000000 00:00 0 
8ebfe000-8ec00000 ---p 00000000 00:00 0 
8ec00000-8ecfe000 rw-p 00000000 00:00 0 
8ecfe000-8ed00000 ---p 00000000 00:00 0 
8ed00000-8edfe000 rw-p 00000000 00:00 0 
8edfe000-8ee00000 ---p 00000000 00:00 0 
8ee00000-8eefe000 rw-p 00000000 00:00 0 
8eefe000-8ef00000 ---p 00000000 00:00 0 
8ef00000-8effe000 rw-p 00000000 00:00 0 
8effe000-8f000000 ---p 00000000 00:00 0 
8f000000-8f0fe000 rw-p 00000000 00:00 0 
8f0fe000-8f100000 ---p 00000000 00:00 0 
8f100000-8f1fe000 rw-p 00000000 00:00 0 
8f1fe000-8f200000 ---p 00000000 00:00 0 
8f200000-8f2fe000 rw-p 00000000 00:00 0 
8f2fe000-8f300000 ---p 00000000 00:00 0 
8f300000-8f3fe000 rw-p 00000000 00:00 0 
8f3fe000-8f400000 ---p 00000000 00:00 0 
8f400000-8f4fe000 rw-p 00000000 00:00 0 
8f4fe000-8f500000 ---p 00000000 00:00 0 
8f500000-8f5fe000 rw-p 00000000 00:00 0 
8f5fe000-8f600000 ---p 00000000 00:00 0 
8f600000-8f6fe000 rw-p 00000000 00:00 0 
8f6fe000-8f700000 ---p 00000000 00:00 0 
8f700000-8f7fe000 rw-p 00000000 00:00 0 
8f7fe000-8f800000 ---p 00000000 00:00 0 
8f800000-8f8fe000 rw-p 00000000 00:00 0 
8f8fe000-8f900000 ---p 00000000 00:00 0 
8f900000-8f9fe000 rw-p 00000000 00:00 0 
8f9fe000-8fa00000 ---p 00000000 00:00 0 
8fa00000-8fafe000 rw-p 00000000 00:00 0 
8fafe000-8fb00000 ---p 00000000 00:00 0 
8fb00000-8fbfe000 rw-p 00000000 00:00 0 
8fbfe000-8fc00000 ---p 00000000 00:00 0 
8fc00000-8fcfe000 rw-p 00000000 00:00 0 
8fcfe000-8fd00000 ---p 00000000 00:00 0 
8fd00000-8fdfe000 rw-p 00000000 00:00 0 
8fdfe000-8fe00000 ---p 00000000 00:00 0 
8fe00000-8fefe000 rw-p 00000000 00:00 0 
8fefe000-8ff00000 ---p 00000000 00:00 0 
8ff00000-8fffe000 rw-p 00000000 00:00 0 
8fffe000-90000000 ---p 00000000 00:00 0 
90000000-900fe000 rw-p 00000000 00:00 0 
900fe000-90100000 ---p 00000000 00:00 0 
90100000-901fe000 rw-p 00000000 00:00 0 
901fe000-90200000 ---p 00000000 00:00 0 
90200000-902fe000 rw-p 00000000 00:00 0 
902fe000-90300000 ---p 00000000 00:00 0 
90300000-903fe000 rw-p 00000000 00:00 0 
903fe000-90400000 ---p 00000000 00:00 0 
90400000-904fe000 rw-p 00000000 00:00 0 
904fe000-90500000 ---p 00000000 00:00 0 
90500000-905fe000 rw-p 00000000 00:00 0 
905fe000-90600000 ---p 00000000 00:00 0 
90600000-906fe000 rw-p 00000000 00:00 0 
906fe000-90700000 ---p 00000000 00:00 0 
90706000-9070b000 r-xp 00000000 fc:01 475817     /lib/i386-linux-gnu/libnss_dns-2.23.so
9070b000-9070c000 r--p 00004000 fc:01 475817     /lib/i386-linux-gnu/libnss_dns-2.23.so
9070c000-9070d000 rw-p 00005000 fc:01 475817     /lib/i386-linux-gnu/libnss_dns-2.23.so
9070d000-90710000 ---p 00000000 00:00 0 
90710000-9085e000 rw-p 00000000 00:00 0 
9085e000-90861000 ---p 00000000 00:00 0 
90861000-908af000 rw-p 00000000 00:00 0 
908af000-908b2000 ---p 00000000 00:00 0 
908b2000-90900000 rw-p 00000000 00:00 0 
90900000-909fd000 rw-p 00000000 00:00 0 
909fd000-90a00000 ---p 00000000 00:00 0 
90a00000-90b00000 rw-p 00000000 00:00 0 
90b00000-90c00000 rw-p 00000000 00:00 0 
90c00000-90cd6000 rw-p 00000000 00:00 0 
90cd6000-90d00000 ---p 00000000 00:00 0 
90d00000-90dfa000 rw-p 00000000 00:00 0 
90dfa000-90e00000 ---p 00000000 00:00 0 
90e00000-90f00000 rw-p 00000000 00:00 0 
90f00000-91000000 rw-p 00000000 00:00 0 
91000000-91100000 rw-p 00000000 00:00 0 
91100000-91200000 rw-p 00000000 00:00 0 
91200000-91300000 rw-p 00000000 00:00 0 
91300000-91400000 rw-p 00000000 00:00 0 
91400000-91500000 rw-p 00000000 00:00 0 
91500000-91600000 rw-p 00000000 00:00 0 
91600000-91700000 rw-p 00000000 00:00 0 
91702000-91708000 r-xp 00000000 fc:01 535550     /usr/lib/jvm/java-8-oracle/jre/lib/i386/libawt_headless.so
91708000-91709000 rw-p 00005000 fc:01 535550     /usr/lib/jvm/java-8-oracle/jre/lib/i386/libawt_headless.so
91709000-9170c000 r--s 0001a000 fc:01 450870     /usr/lib/jvm/java-8-oracle/jre/lib/jce.jar
9170c000-91716000 r--s 00116000 fc:01 501425     /usr/lib/jvm/java-8-oracle/jre/lib/ext/localedata.jar
91716000-91719000 r--s 00016000 fc:01 75817      /home/ubuntu/mc-mod-server/mods/更多村庄[1.7.10]MoVillages-1.4.2.jar
91719000-91722000 r--s 0004e000 fc:01 75830      /home/ubuntu/mc-mod-server/mods/G键合成CraftGuide-1.6.8.2-forge[hukk汉化].jar
91722000-91725000 ---p 00000000 00:00 0 
91725000-91773000 rw-p 00000000 00:00 0 
91773000-91776000 ---p 00000000 00:00 0 
91776000-917c4000 rw-p 00000000 00:00 0 
917c4000-917c7000 ---p 00000000 00:00 0 
917c7000-917db000 rw-p 00000000 00:00 0 
917db000-917f7000 r-xp 00000000 fc:01 475189     /lib/i386-linux-gnu/libgcc_s.so.1
917f7000-917f8000 rw-p 0001b000 fc:01 475189     /lib/i386-linux-gnu/libgcc_s.so.1
917f8000-917fa000 r--s 00006000 fc:01 75832      /home/ubuntu/mc-mod-server/mods/多彩聊天colorchat-1.11.2-2.0.42-universal.jar
917fa000-917ff000 r--s 0009a000 fc:01 450892     /usr/lib/jvm/java-8-oracle/jre/lib/jsse.jar
917ff000-93400000 rw-p 00000000 00:00 0 
93400000-934fb000 rw-p 00000000 00:00 0 
934fb000-93500000 ---p 00000000 00:00 0 
93501000-93520000 r-xp 00000000 fc:01 535546     /usr/lib/jvm/java-8-oracle/jre/lib/i386/libunpack.so
93520000-93523000 rw-p 0001e000 fc:01 535546     /usr/lib/jvm/java-8-oracle/jre/lib/i386/libunpack.so
93523000-93527000 rw-p 00000000 00:00 0 
93527000-9353a000 r--s 00345000 fc:01 450882     /usr/lib/jvm/java-8-oracle/jre/lib/resources.jar
9353a000-9353f000 r--s 001bb000 fc:01 75841      /home/ubuntu/mc-mod-server/mods/拔剑mc1.7.10badaojianMOD.jar
9353f000-93542000 ---p 00000000 00:00 0 
93542000-93590000 rw-p 00000000 00:00 0 
93590000-9359f000 r-xp 00000000 fc:01 535536     /usr/lib/jvm/java-8-oracle/jre/lib/i386/libnio.so
9359f000-935a0000 rw-p 0000e000 fc:01 535536     /usr/lib/jvm/java-8-oracle/jre/lib/i386/libnio.so
935a0000-935b5000 r-xp 00000000 fc:01 535572     /usr/lib/jvm/java-8-oracle/jre/lib/i386/libnet.so
935b5000-935b6000 rw-p 00015000 fc:01 535572     /usr/lib/jvm/java-8-oracle/jre/lib/i386/libnet.so
935b6000-935be000 r-xp 00000000 fc:01 535521     /usr/lib/jvm/java-8-oracle/jre/lib/i386/libmanagement.so
935be000-935bf000 rw-p 00007000 fc:01 535521     /usr/lib/jvm/java-8-oracle/jre/lib/i386/libmanagement.so
935bf000-9365b000 r--s 0088d000 fc:01 75726      /home/ubuntu/mc-mod-server/minecraft_server.1.7.10.jar
9365b000-9365e000 r--s 0000b000 fc:01 75690      /home/ubuntu/mc-mod-server/libraries/javax/persistence/persistence-api/1.0.2/persistence-api-1.0.2.jar
9365e000-93665000 r--s 000b7000 fc:01 75698      /home/ubuntu/mc-mod-server/libraries/mysql/mysql-connector-java/5.1.14/mysql-connector-java-5.1.14.jar
93665000-9366a000 r--s 00309000 fc:01 75667      /home/ubuntu/mc-mod-server/libraries/org/xerial/sqlite-jdbc/3.7.2/sqlite-jdbc-3.7.2.jar
9366a000-9366e000 r--s 0001b000 fc:01 75717      /home/ubuntu/mc-mod-server/libraries/net/sourceforge/argo/argo/2.25/argo-2.25.jar
9366e000-93671000 r--s 00019000 fc:01 75663      /home/ubuntu/mc-mod-server/libraries/org/fusesource/jansi/jansi/1.8/jansi-1.8.jar
93671000-93674000 r--s 0002a000 fc:01 75721      /home/ubuntu/mc-mod-server/libraries/jline/jline/2.6/jline-2.6.jar
93674000-93698000 r--s 001bf000 fc:01 75671      /home/ubuntu/mc-mod-server/libraries/org/avaje/ebean/2.7.3/ebean-2.7.3.jar
93698000-9369d000 r--s 00041000 fc:01 75725      /home/ubuntu/mc-mod-server/libraries/commons-lang/commons-lang/2.6/commons-lang-2.6.jar
9369d000-936a7000 r--s 00098000 fc:01 75652      /home/ubuntu/mc-mod-server/libraries/org/scala-lang/scala-xml_2.11/1.0.2/scala-xml_2.11-1.0.2.jar
936a7000-93700000 r--s 00502000 fc:01 75646      /home/ubuntu/mc-mod-server/libraries/org/scala-lang/scala-library/2.11.1/scala-library-2.11.1.jar
93700000-937fb000 rw-p 00000000 00:00 0 
937fb000-93800000 ---p 00000000 00:00 0 
93801000-93807000 r--s 0003b000 fc:01 75629      /home/ubuntu/mc-mod-server/libraries/org/yaml/snakeyaml/1.9/snakeyaml-1.9.jar
93807000-93852000 r--s 003eb000 fc:01 75658      /home/ubuntu/mc-mod-server/libraries/org/scala-lang/scala-reflect/2.11.1/scala-reflect-2.11.1.jar
93852000-93942000 r--s 00c03000 fc:01 75655      /home/ubuntu/mc-mod-server/libraries/org/scala-lang/scala-compiler/2.11.1/scala-compiler-2.11.1.jar
93942000-93967000 r--s 0024b000 fc:01 75682      /home/ubuntu/mc-mod-server/libraries/com/typesafe/akka/akka-actor_2.11/2.3.3/akka-actor_2.11-2.3.3.jar
93967000-939ba000 r--s 007f9000 fc:01 74542      /home/ubuntu/mc-mod-server/cauldron.jar
939ba000-939bb000 ---p 00000000 00:00 0 
939bb000-93a3b000 rw-p 00000000 00:00 0 
93a3b000-93a3e000 ---p 00000000 00:00 0 
93a3e000-93a8c000 rw-p 00000000 00:00 0 
93a8c000-93a8f000 ---p 00000000 00:00 0 
93a8f000-93b0d000 rw-p 00000000 00:00 0 
93b0d000-93b10000 ---p 00000000 00:00 0 
93b10000-93b5e000 rw-p 00000000 00:00 0 
93b5e000-93d5e000 r--p 00000000 fc:01 403194     /usr/lib/locale/locale-archive
93d5e000-93d61000 ---p 00000000 00:00 0 
93d61000-93daf000 rw-p 00000000 00:00 0 
93daf000-93db2000 ---p 00000000 00:00 0 
93db2000-93e00000 rw-p 00000000 00:00 0 
93e00000-93f00000 rw-p 00000000 00:00 0 
93f00000-93f02000 r--s 00010000 fc:01 75703      /home/ubuntu/mc-mod-server/libraries/net/md-5/SpecialSource/1.7-SNAPSHOT/SpecialSource-1.7-SNAPSHOT.jar
93f02000-93f04000 r--s 0000d000 fc:01 75708      /home/ubuntu/mc-mod-server/libraries/net/sf/jopt-simple/jopt-simple/4.5/jopt-simple-4.5.jar
93f04000-93f05000 ---p 00000000 00:00 0 
93f05000-93fd4000 rw-p 00000000 00:00 0 
93fd4000-941ad000 r--s 03d40000 fc:01 450888     /usr/lib/jvm/java-8-oracle/jre/lib/rt.jar
941ad000-9464e000 rw-p 00000000 00:00 0 
9464e000-94654000 ---p 00000000 00:00 0 
94654000-946a4000 rw-p 00000000 00:00 0 
946a4000-946ff000 ---p 00000000 00:00 0 
946ff000-94727000 rw-p 00000000 00:00 0 
94727000-94754000 ---p 00000000 00:00 0 
94754000-947a4000 rw-p 00000000 00:00 0 
947a4000-947ff000 ---p 00000000 00:00 0 
947ff000-99610000 rw-p 00000000 00:00 0 
99610000-9f2a0000 ---p 00000000 00:00 0 
9f2a0000-a9135000 rw-p 00000000 00:00 0 
ad885000-ad98e000 rw-p 00000000 00:00 0 
ad98e000-b4800000 ---p 00000000 00:00 0 
b4800000-b4801000 r--s 00001000 fc:01 75851      /home/ubuntu/mc-mod-server/plugins/服务器中文说明MOTDColor.jar
b4801000-b480c000 r--s 000a9000 fc:01 75633      /home/ubuntu/mc-mod-server/libraries/org/scala-lang/scala-swing_2.11/1.0.1/scala-swing_2.11-1.0.1.jar
b480c000-b4817000 r--s 0005f000 fc:01 75636      /home/ubuntu/mc-mod-server/libraries/org/scala-lang/scala-parser-combinators_2.11/1.0.1/scala-parser-combinators_2.11-1.0.1.jar
b4817000-b481d000 r--s 0002e000 fc:01 75640      /home/ubuntu/mc-mod-server/libraries/org/scala-lang/plugins/scala-continuations-plugin_2.11.1/1.0.2/scala-continuations-plugin_2.11.1-1.0.2.jar
b481d000-b4821000 r--s 00032000 fc:01 75685      /home/ubuntu/mc-mod-server/libraries/com/typesafe/config/1.2.1/config-1.2.1.jar
b4821000-b4839000 rw-p 00000000 00:00 0 
b4839000-b48a1000 ---p 00000000 00:00 0 
b48a1000-b4e89000 rwxp 00000000 00:00 0 
b4e89000-b68a1000 ---p 00000000 00:00 0 
b68a1000-b68ba000 r-xp 00000000 fc:01 535574     /usr/lib/jvm/java-8-oracle/jre/lib/i386/libzip.so
b68ba000-b68bb000 rw-p 00019000 fc:01 535574     /usr/lib/jvm/java-8-oracle/jre/lib/i386/libzip.so
b68bb000-b68c6000 r-xp 00000000 fc:01 475823     /lib/i386-linux-gnu/libnss_files-2.23.so
b68c6000-b68c7000 r--p 0000a000 fc:01 475823     /lib/i386-linux-gnu/libnss_files-2.23.so
b68c7000-b68c8000 rw-p 0000b000 fc:01 475823     /lib/i386-linux-gnu/libnss_files-2.23.so
b68c8000-b68ce000 rw-p 00000000 00:00 0 
b68ce000-b68d9000 r-xp 00000000 fc:01 475835     /lib/i386-linux-gnu/libnss_nis-2.23.so
b68d9000-b68da000 r--p 0000a000 fc:01 475835     /lib/i386-linux-gnu/libnss_nis-2.23.so
b68da000-b68db000 rw-p 0000b000 fc:01 475835     /lib/i386-linux-gnu/libnss_nis-2.23.so
b68db000-b68f2000 r-xp 00000000 fc:01 475815     /lib/i386-linux-gnu/libnsl-2.23.so
b68f2000-b68f3000 r--p 00016000 fc:01 475815     /lib/i386-linux-gnu/libnsl-2.23.so
b68f3000-b68f4000 rw-p 00017000 fc:01 475815     /lib/i386-linux-gnu/libnsl-2.23.so
b68f4000-b68f6000 rw-p 00000000 00:00 0 
b68f6000-b68fe000 r-xp 00000000 fc:01 475846     /lib/i386-linux-gnu/libnss_compat-2.23.so
b68fe000-b68ff000 r--p 00007000 fc:01 475846     /lib/i386-linux-gnu/libnss_compat-2.23.so
b68ff000-b6900000 rw-p 00008000 fc:01 475846     /lib/i386-linux-gnu/libnss_compat-2.23.so
b6900000-b69e9000 rw-p 00000000 00:00 0 
b69e9000-b6a00000 ---p 00000000 00:00 0 
b6a00000-b6a01000 r--s 00003000 fc:01 75677      /home/ubuntu/mc-mod-server/libraries/com/googlecode/json-simple/json-simple/1.1/json-simple-1.1.jar
b6a01000-b6a03000 r--s 00005000 fc:01 75643      /home/ubuntu/mc-mod-server/libraries/org/scala-lang/plugins/scala-continuations-library_2.11/1.0.2/scala-continuations-library_2.11-1.0.2.jar
b6a03000-b6a08000 r--s 00036000 fc:01 75625      /home/ubuntu/mc-mod-server/libraries/org/ow2/asm/asm-all/5.0.3/asm-all-5.0.3.jar
b6a08000-b6a10000 rw-s 00000000 fc:01 16432      /tmp/hsperfdata_ubuntu/26047
b6a10000-b6a34000 r-xp 00000000 fc:01 535569     /usr/lib/jvm/java-8-oracle/jre/lib/i386/libjava.so
b6a34000-b6a35000 rw-p 00024000 fc:01 535569     /usr/lib/jvm/java-8-oracle/jre/lib/i386/libjava.so
b6a35000-b6a40000 r-xp 00000000 fc:01 535528     /usr/lib/jvm/java-8-oracle/jre/lib/i386/libverify.so
b6a40000-b6a41000 rw-p 0000b000 fc:01 535528     /usr/lib/jvm/java-8-oracle/jre/lib/i386/libverify.so
b6a41000-b6a48000 r-xp 00000000 fc:01 475841     /lib/i386-linux-gnu/librt-2.23.so
b6a48000-b6a49000 r--p 00006000 fc:01 475841     /lib/i386-linux-gnu/librt-2.23.so
b6a49000-b6a4a000 rw-p 00007000 fc:01 475841     /lib/i386-linux-gnu/librt-2.23.so
b6a4a000-b6a4d000 ---p 00000000 00:00 0 
b6a4d000-b6a9b000 rw-p 00000000 00:00 0 
b6a9b000-b6aee000 r-xp 00000000 fc:01 475852     /lib/i386-linux-gnu/libm-2.23.so
b6aee000-b6aef000 r--p 00052000 fc:01 475852     /lib/i386-linux-gnu/libm-2.23.so
b6aef000-b6af0000 rw-p 00053000 fc:01 475852     /lib/i386-linux-gnu/libm-2.23.so
b6af0000-b7148000 r-xp 00000000 fc:01 560092     /usr/lib/jvm/java-8-oracle/jre/lib/i386/client/libjvm.so
b7148000-b716e000 rw-p 00657000 fc:01 560092     /usr/lib/jvm/java-8-oracle/jre/lib/i386/client/libjvm.so
b716e000-b7595000 rw-p 00000000 00:00 0 
b7595000-b7745000 r-xp 00000000 fc:01 475858     /lib/i386-linux-gnu/libc-2.23.so
b7745000-b7747000 r--p 001af000 fc:01 475858     /lib/i386-linux-gnu/libc-2.23.so
b7747000-b7748000 rw-p 001b1000 fc:01 475858     /lib/i386-linux-gnu/libc-2.23.so
b7748000-b774b000 rw-p 00000000 00:00 0 
b774b000-b774e000 r-xp 00000000 fc:01 475845     /lib/i386-linux-gnu/libdl-2.23.so
b774e000-b774f000 r--p 00002000 fc:01 475845     /lib/i386-linux-gnu/libdl-2.23.so
b774f000-b7750000 rw-p 00003000 fc:01 475845     /lib/i386-linux-gnu/libdl-2.23.so
b7750000-b7764000 r-xp 00000000 fc:01 583763     /usr/lib/jvm/java-8-oracle/jre/lib/i386/jli/libjli.so
b7764000-b7765000 rw-p 00014000 fc:01 583763     /usr/lib/jvm/java-8-oracle/jre/lib/i386/jli/libjli.so
b7765000-b777e000 r-xp 00000000 fc:01 475829     /lib/i386-linux-gnu/libpthread-2.23.so
b777e000-b777f000 r--p 00018000 fc:01 475829     /lib/i386-linux-gnu/libpthread-2.23.so
b777f000-b7780000 rw-p 00019000 fc:01 475829     /lib/i386-linux-gnu/libpthread-2.23.so
b7780000-b7782000 rw-p 00000000 00:00 0 
b7782000-b7783000 r--s 00001000 fc:01 75694      /home/ubuntu/mc-mod-server/libraries/lzma/lzma/0.0.1/lzma-0.0.1.jar
b7783000-b7785000 r--s 0000d000 fc:01 75649      /home/ubuntu/mc-mod-server/libraries/org/scala-lang/scala-actors-migration_2.11/1.1.0/scala-actors-migration_2.11-1.1.0.jar
b7785000-b7787000 r--s 00007000 fc:01 75712      /home/ubuntu/mc-mod-server/libraries/net/minecraft/launchwrapper/1.11/launchwrapper-1.11.jar
b7787000-b7788000 rw-p 00000000 00:00 0 
b7788000-b7789000 ---p 00000000 00:00 0 
b7789000-b778b000 rw-p 00000000 00:00 0 
b778b000-b778e000 r--p 00000000 00:00 0          [vvar]
b778e000-b7790000 r-xp 00000000 00:00 0          [vdso]
b7790000-b77b2000 r-xp 00000000 fc:01 475816     /lib/i386-linux-gnu/ld-2.23.so
b77b2000-b77b3000 rw-p 00000000 00:00 0 
b77b3000-b77b4000 r--p 00022000 fc:01 475816     /lib/i386-linux-gnu/ld-2.23.so
b77b4000-b77b5000 rw-p 00023000 fc:01 475816     /lib/i386-linux-gnu/ld-2.23.so
bff43000-bff64000 rw-p 00000000 00:00 0          [stack]

VM Arguments:
jvm_args: -Xmx512M -Xms128M 
java_command: cauldron.jar PAUSE
java_class_path (initial): cauldron.jar
Launcher Type: SUN_STANDARD

Environment Variables:
JAVA_HOME=/usr/lib/jvm/java-8-oracle
PATH=/home/ubuntu/bin:/home/ubuntu/.local/bin:/usr/local/sbin:/usr/local/bin:/usr/sbin:/usr/bin:/sbin:/bin:/usr/games:/usr/local/games:/snap/bin:/usr/lib/jvm/java-8-oracle/bin:/usr/lib/jvm/java-8-oracle/db/bin:/usr/lib/jvm/java-8-oracle/jre/bin
SHELL=/bin/bash

Signal Handlers:
SIGSEGV: [libjvm.so+0x5bdc10], sa_mask[0]=11111111011111111101111111111110, sa_flags=SA_RESTART|SA_SIGINFO
SIGBUS: [libjvm.so+0x5bdc10], sa_mask[0]=11111111011111111101111111111110, sa_flags=SA_RESTART|SA_SIGINFO
SIGFPE: [libjvm.so+0x49cb60], sa_mask[0]=11111111011111111101111111111110, sa_flags=SA_RESTART|SA_SIGINFO
SIGPIPE: [libjvm.so+0x49cb60], sa_mask[0]=11111111011111111101111111111110, sa_flags=SA_RESTART|SA_SIGINFO
SIGXFSZ: [libjvm.so+0x49cb60], sa_mask[0]=11111111011111111101111111111110, sa_flags=SA_RESTART|SA_SIGINFO
SIGILL: [libjvm.so+0x49cb60], sa_mask[0]=11111111011111111101111111111110, sa_flags=SA_RESTART|SA_SIGINFO
SIGUSR1: SIG_DFL, sa_mask[0]=00000000000000000000000000000000, sa_flags=none
SIGUSR2: [libjvm.so+0x49e410], sa_mask[0]=00000000000000000000000000000000, sa_flags=SA_RESTART|SA_SIGINFO
SIGHUP: [libjvm.so+0x49f8c0], sa_mask[0]=11111111011111111101111111111110, sa_flags=SA_RESTART|SA_SIGINFO
SIGINT: [libjvm.so+0x49f8c0], sa_mask[0]=11111111011111111101111111111110, sa_flags=SA_RESTART|SA_SIGINFO
SIGTERM: [libjvm.so+0x49f8c0], sa_mask[0]=11111111011111111101111111111110, sa_flags=SA_RESTART|SA_SIGINFO
SIGQUIT: [libjvm.so+0x49f8c0], sa_mask[0]=11111111011111111101111111111110, sa_flags=SA_RESTART|SA_SIGINFO


---------------  S Y S T E M  ---------------

OS:DISTRIB_ID=Ubuntu
DISTRIB_RELEASE=16.04
DISTRIB_CODENAME=xenial
DISTRIB_DESCRIPTION="Ubuntu 16.04.2 LTS"

uname:Linux 4.12.0-041200-generic #201707022031 SMP Mon Jul 3 00:42:33 UTC 2017 i686
libc:glibc 2.23 NPTL 2.23 
rlimit: STACK 8192k, CORE 0k, NPROC 6661, NOFILE 1048576, AS infinity
load average:0.25 1.94 1.53

/proc/meminfo:
MemTotal:         891568 kB
MemFree:           56500 kB
MemAvailable:      33544 kB
Buffers:            4156 kB
Cached:            99980 kB
SwapCached:            0 kB
Active:           720116 kB
Inactive:          61984 kB
Active(anon):     680976 kB
Inactive(anon):    29444 kB
Active(file):      39140 kB
Inactive(file):    32540 kB
Unevictable:        3428 kB
Mlocked:            3428 kB
HighTotal:        135168 kB
HighFree:           1788 kB
LowTotal:         756400 kB
LowFree:           54712 kB
SwapTotal:             0 kB
SwapFree:              0 kB
Dirty:               184 kB
Writeback:             0 kB
AnonPages:        681360 kB
Mapped:            54932 kB
Shmem:             30048 kB
Slab:              27156 kB
SReclaimable:      11216 kB
SUnreclaim:        15940 kB
KernelStack:        2496 kB
PageTables:         4632 kB
NFS_Unstable:          0 kB
Bounce:                0 kB
WritebackTmp:          0 kB
CommitLimit:      445784 kB
Committed_AS:    2233008 kB
VmallocTotal:     122880 kB
VmallocUsed:           0 kB
VmallocChunk:          0 kB
AnonHugePages:    395264 kB
ShmemHugePages:        0 kB
ShmemPmdMapped:        0 kB
CmaTotal:              0 kB
CmaFree:               0 kB
HugePages_Total:       0
HugePages_Free:        0
HugePages_Rsvd:        0
HugePages_Surp:        0
Hugepagesize:       2048 kB
DirectMap4k:       14328 kB
DirectMap2M:      899072 kB


CPU:total 1 (initial active 1) (12 cores per cpu, 1 threads per core) family 6 model 63 stepping 2, cmov, cx8, fxsr, mmx, sse, sse2, sse3, ssse3, sse4.1, sse4.2, popcnt, avx, avx2, aes, clmul, lzcnt, tsc

/proc/cpuinfo:
processor	: 0
vendor_id	: GenuineIntel
cpu family	: 6
model		: 63
model name	: Intel(R) Xeon(R) CPU E5-26xx v3
stepping	: 2
microcode	: 0x1
cpu MHz		: 2294.682
cache size	: 4096 KB
physical id	: 0
siblings	: 1
core id		: 0
cpu cores	: 1
apicid		: 0
initial apicid	: 0
fdiv_bug	: no
f00f_bug	: no
coma_bug	: no
fpu		: yes
fpu_exception	: yes
cpuid level	: 13
wp		: yes
flags		: fpu vme de pse tsc msr pae mce cx8 apic sep mtrr pge mca cmov pat pse36 clflush mmx fxsr sse sse2 ss ht syscall nx lm constant_tsc cpuid pni pclmulqdq ssse3 fma cx16 pcid sse4_1 sse4_2 x2apic movbe popcnt tsc_deadline_timer aes xsave avx f16c rdrand hypervisor lahf_lm abm avx2 xsaveopt
bugs		:
bogomips	: 4589.36
clflush size	: 64
cache_alignment	: 64
address sizes	: 40 bits physical, 48 bits virtual
power management:



Memory: 4k page, physical 891568k(56500k free), swap 0k(0k free)

vm_info: Java HotSpot(TM) Client VM (25.131-b11) for linux-x86 JRE (1.8.0_131-b11), built on Mar 15 2017 01:31:04 by "java_re" with gcc 4.3.0 20080428 (Red Hat 4.3.0-8)

time: Sun Jul 30 19:04:18 2017
elapsed time: 130 seconds (0d 0h 2m 10s)

