#
# There is insufficient memory for the Java Runtime Environment to continue.
# Native memory allocation (mmap) failed to map 34074624 bytes for committing reserved memory.
# Possible reasons:
#   The system is out of physical RAM or swap space
#   In 32 bit mode, the process size limit was hit
# Possible solutions:
#   Reduce memory load on the system
#   Increase physical memory or swap space
#   Check if swap backing store is full
#   Use 64 bit Java on a 64 bit OS
#   Decrease Java heap size (-Xmx/-Xms)
#   Decrease number of Java threads
#   Decrease Java thread stack sizes (-Xss)
#   Set larger code cache with -XX:ReservedCodeCacheSize=
# This output file may be truncated or incomplete.
#
#  Out of Memory Error (os_linux.cpp:2640), pid=20720, tid=0x9361cb40
#
# JRE version: Java(TM) SE Runtime Environment (8.0_131-b11) (build 1.8.0_131-b11)
# Java VM: Java HotSpot(TM) Client VM (25.131-b11 mixed mode linux-x86 )
# Failed to write core dump. Core dumps have been disabled. To enable core dumping, try "ulimit -c unlimited" before starting Java again
#

---------------  T H R E A D  ---------------

Current thread (0xb6941800):  ConcurrentGCThread [stack: 0x9359c000,0x9361d000] [id=20723]

Stack: [0x9359c000,0x9361d000],  sp=0x9361bd20,  free space=511k
Native frames: (J=compiled Java code, j=interpreted, Vv=VM code, C=native code)
V  [libjvm.so+0x5bd0ff]  VMError::report_and_die()+0x16f
V  [libjvm.so+0x20d785]  report_vm_out_of_memory(char const*, int, unsigned int, VMErrorType, char const*)+0x55
V  [libjvm.so+0x49fe76]  os::Linux::commit_memory_impl(char*, unsigned int, bool)+0xe6
V  [libjvm.so+0x4a0298]  os::pd_commit_memory(char*, unsigned int, unsigned int, bool)+0x28
V  [libjvm.so+0x49a1ac]  os::commit_memory(char*, unsigned int, unsigned int, bool)+0x2c
V  [libjvm.so+0x5b919c]  VirtualSpace::expand_by(unsigned int, bool)+0x1ec
V  [libjvm.so+0x1eb09b]  ConcurrentMarkSweepGeneration::grow_by(unsigned int)+0x1b
V  [libjvm.so+0x29e5bb]  CardGeneration::expand(unsigned int, unsigned int)+0x5b
V  [libjvm.so+0x1ec721]  ConcurrentMarkSweepGeneration::compute_new_size_free_list()+0xc1
V  [libjvm.so+0x1fed5a]  CMSCollector::collect_in_background(bool, GCCause::Cause)+0x8ca
V  [libjvm.so+0x200bab]  ConcurrentMarkSweepThread::run()+0x24b
V  [libjvm.so+0x4a2739]  java_start(Thread*)+0x119
C  [libpthread.so.0+0x6295]  start_thread+0xe5


---------------  P R O C E S S  ---------------

Java Threads: ( => current thread )
  0x8d8f8c00 JavaThread "Chunk I/O Executor Thread-1" daemon [_thread_blocked, id=21645, stack(0x8c087000,0x8c0d8000)]
  0x08783800 JavaThread "process reaper" daemon [_thread_blocked, id=21641, stack(0x9081f000,0x90836000)]
  0x08563c00 JavaThread "Netty IO #3" daemon [_thread_in_native, id=21638, stack(0x8c0d8000,0x8c129000)]
  0x08566800 JavaThread "Netty IO #2" daemon [_thread_in_native, id=21306, stack(0x8c129000,0x8c17a000)]
  0x085dc800 JavaThread "Netty IO #1" daemon [_thread_in_native, id=21099, stack(0x8c27a000,0x8c2cb000)]
  0x8d4fcc00 JavaThread "File IO Thread" [_thread_blocked, id=20826, stack(0x8c9af000,0x8ca00000)]
  0x8da86000 JavaThread "Java2D Disposer" daemon [_thread_blocked, id=20801, stack(0x8c3cb000,0x8c41c000)]
  0xb46c8800 JavaThread "Netty IO #0" daemon [_thread_in_native, id=20790, stack(0x8c80d000,0x8c85e000)]
  0xb46f4000 JavaThread "Spigot Metrics Thread" daemon [_thread_blocked, id=20789, stack(0x8c85e000,0x8c8af000)]
  0xb46f2800 JavaThread "Spigot Watchdog Thread" [_thread_blocked, id=20788, stack(0x8f76b000,0x8f7bc000)]
  0xb461d400 JavaThread "Thread-7" [_thread_blocked, id=20779, stack(0x8f8bc000,0x8f90d000)]
  0xb461a400 JavaThread "Server console handler" daemon [_thread_in_native, id=20778, stack(0x8f90d000,0x8f95e000)]
  0xb6907400 JavaThread "DestroyJavaVM" [_thread_blocked, id=20721, stack(0xb6a6d000,0xb6abe000)]
  0x8fca4800 JavaThread "Server thread" [_thread_in_Java, id=20777, stack(0x8f95e000,0x8f9af000)]
  0x8fcb4800 JavaThread "Server Infinisleeper" daemon [_thread_blocked, id=20776, stack(0x8f9af000,0x8fa00000)]
  0x8fc5e000 JavaThread "Snooper Timer" daemon [_thread_blocked, id=20768, stack(0x90898000,0x908e9000)]
  0xb69c9400 JavaThread "Service Thread" daemon [_thread_blocked, id=20730, stack(0x92a91000,0x92ae2000)]
  0xb69c6000 JavaThread "C1 CompilerThread0" daemon [_thread_blocked, id=20729, stack(0x92ae2000,0x92b63000)]
  0xb69c4400 JavaThread "Signal Dispatcher" daemon [_thread_blocked, id=20728, stack(0x92b63000,0x92bb4000)]
  0xb69c3000 JavaThread "Surrogate Locker Thread (Concurrent GC)" daemon [_thread_blocked, id=20727, stack(0x92bb4000,0x92c05000)]
  0xb69a8c00 JavaThread "Finalizer" daemon [_thread_blocked, id=20726, stack(0x92e05000,0x92e56000)]
  0xb69a2800 JavaThread "Reference Handler" daemon [_thread_blocked, id=20725, stack(0x92e56000,0x92ea7000)]

Other Threads:
  0xb699e000 VMThread [stack: 0x92ea7000,0x92f28000] [id=20724]
  0xb69cb000 WatcherThread [stack: 0x92a10000,0x92a91000] [id=20731]

=>0xb6941800 (exited) ConcurrentGCThread [stack: 0x9359c000,0x9361d000] [id=20723]

VM state:not at safepoint (normal execution)

VM Mutex/Monitor currently owned by a thread:  ([mutex/lock_event])
[0xb6904eb8] Heap_lock - owner thread: 0xb6941800

Heap:
 par new generation   total 59008K, used 35376K [0x94600000, 0x98600000, 0x98600000)
  eden space 52480K,  55% used [0x94600000, 0x96282680, 0x97940000)
  from space 6528K,  94% used [0x97940000, 0x97f49a98, 0x97fa0000)
  to   space 6528K,   0% used [0x97fa0000, 0x97fa0000, 0x98600000)
 concurrent mark-sweep generation total 240752K, used 164415K [0x98600000, 0xa711c000, 0xb4600000)
 Metaspace       used 23600K, capacity 23859K, committed 23960K, reserved 24880K

Card table byte_map: [0x944ff000,0x94600000] byte_map_base: 0x9405c000

Marking Bits: (CMSBitMap*) 0xb6930f30
 Bits: [0x9361d000, 0x9441d000)

Mod Union Table: (CMSBitMap*) 0xb6930f90
 Bits: [0xb47a0000, 0xb47bc000)

Polling page: 0xb77ab000

CodeCache: size=32768Kb used=4185Kb max_used=5945Kb free=28582Kb
 bounds [0xb48be000, 0xb4e8e000, 0xb68be000]
 total_blobs=2304 nmethods=2013 adapters=220
 compilation: enabled

Compilation events (10 events):
Event: 951.214 Thread 0xb69c6000 5520             java.nio.DirectByteBuffer::ix (10 bytes)
Event: 951.215 Thread 0xb69c6000 nmethod 5520 0xb4a7db88 code [0xb4a7dc80, 0xb4a7dd10]
Event: 951.215 Thread 0xb69c6000 5521             io.netty.util.internal.PlatformDependent::freeDirectBuffer (25 bytes)
Event: 951.215 Thread 0xb69c6000 nmethod 5521 0xb4a7d6c8 code [0xb4a7d810, 0xb4a7d990]
Event: 951.264 Thread 0xb69c6000 5522             net.minecraft.world.chunk.NibbleArray::copyToByteArray (52 bytes)
Event: 951.264 Thread 0xb69c6000 nmethod 5522 0xb4a7d248 code [0xb4a7d370, 0xb4a7d514]
Event: 951.269 Thread 0xb69c6000 5523             java.nio.channels.spi.AbstractSelectionKey::isValid (5 bytes)
Event: 951.269 Thread 0xb69c6000 nmethod 5523 0xb4ac4c08 code [0xb4ac4d00, 0xb4ac4d80]
Event: 951.308 Thread 0xb69c6000 5524             net.minecraft.entity.player.InventoryPlayer::func_70301_a (25 bytes)
Event: 951.308 Thread 0xb69c6000 nmethod 5524 0xb4bc9408 code [0xb4bc9500, 0xb4bc95b0]

GC Heap History (10 events):
Event: 945.748 GC heap before
{Heap before GC invocations=201 (full 17):
 par new generation   total 59008K, used 59008K [0x94600000, 0x98600000, 0x98600000)
  eden space 52480K, 100% used [0x94600000, 0x97940000, 0x97940000)
  from space 6528K, 100% used [0x97fa0000, 0x98600000, 0x98600000)
  to   space 6528K,   0% used [0x97940000, 0x97940000, 0x97fa0000)
 concurrent mark-sweep generation total 240752K, used 180398K [0x98600000, 0xa711c000, 0xb4600000)
 Metaspace       used 23590K, capacity 23849K, committed 23960K, reserved 24880K
Event: 945.795 GC heap after
Heap after GC invocations=202 (full 17):
 par new generation   total 59008K, used 6528K [0x94600000, 0x98600000, 0x98600000)
  eden space 52480K,   0% used [0x94600000, 0x94600000, 0x97940000)
  from space 6528K, 100% used [0x97940000, 0x97fa0000, 0x97fa0000)
  to   space 6528K,   0% used [0x97fa0000, 0x97fa0000, 0x98600000)
 concurrent mark-sweep generation total 240752K, used 190151K [0x98600000, 0xa711c000, 0xb4600000)
 Metaspace       used 23590K, capacity 23849K, committed 23960K, reserved 24880K
}
Event: 947.047 GC heap before
{Heap before GC invocations=202 (full 17):
 par new generation   total 59008K, used 59008K [0x94600000, 0x98600000, 0x98600000)
  eden space 52480K, 100% used [0x94600000, 0x97940000, 0x97940000)
  from space 6528K, 100% used [0x97940000, 0x97fa0000, 0x97fa0000)
  to   space 6528K,   0% used [0x97fa0000, 0x97fa0000, 0x98600000)
 concurrent mark-sweep generation total 240752K, used 190151K [0x98600000, 0xa711c000, 0xb4600000)
 Metaspace       used 23591K, capacity 23849K, committed 23960K, reserved 24880K
Event: 947.102 GC heap after
Heap after GC invocations=203 (full 17):
 par new generation   total 59008K, used 6528K [0x94600000, 0x98600000, 0x98600000)
  eden space 52480K,   0% used [0x94600000, 0x94600000, 0x97940000)
  from space 6528K, 100% used [0x97fa0000, 0x98600000, 0x98600000)
  to   space 6528K,   0% used [0x97940000, 0x97940000, 0x97fa0000)
 concurrent mark-sweep generation total 240752K, used 199212K [0x98600000, 0xa711c000, 0xb4600000)
 Metaspace       used 23591K, capacity 23849K, committed 23960K, reserved 24880K
}
Event: 949.354 GC heap before
{Heap before GC invocations=203 (full 18):
 par new generation   total 59008K, used 59008K [0x94600000, 0x98600000, 0x98600000)
  eden space 52480K, 100% used [0x94600000, 0x97940000, 0x97940000)
  from space 6528K, 100% used [0x97fa0000, 0x98600000, 0x98600000)
  to   space 6528K,   0% used [0x97940000, 0x97940000, 0x97fa0000)
 concurrent mark-sweep generation total 240752K, used 199212K [0x98600000, 0xa711c000, 0xb4600000)
 Metaspace       used 23592K, capacity 23849K, committed 23960K, reserved 24880K
Event: 949.413 GC heap after
Heap after GC invocations=204 (full 18):
 par new generation   total 59008K, used 6528K [0x94600000, 0x98600000, 0x98600000)
  eden space 52480K,   0% used [0x94600000, 0x94600000, 0x97940000)
  from space 6528K, 100% used [0x97940000, 0x97fa0000, 0x97fa0000)
  to   space 6528K,   0% used [0x97fa0000, 0x97fa0000, 0x98600000)
 concurrent mark-sweep generation total 240752K, used 211108K [0x98600000, 0xa711c000, 0xb4600000)
 Metaspace       used 23592K, capacity 23849K, committed 23960K, reserved 24880K
}
Event: 950.835 GC heap before
{Heap before GC invocations=204 (full 18):
 par new generation   total 59008K, used 59008K [0x94600000, 0x98600000, 0x98600000)
  eden space 52480K, 100% used [0x94600000, 0x97940000, 0x97940000)
  from space 6528K, 100% used [0x97940000, 0x97fa0000, 0x97fa0000)
  to   space 6528K,   0% used [0x97fa0000, 0x97fa0000, 0x98600000)
 concurrent mark-sweep generation total 240752K, used 211021K [0x98600000, 0xa711c000, 0xb4600000)
 Metaspace       used 23600K, capacity 23859K, committed 23960K, reserved 24880K
Event: 950.859 GC heap after
Heap after GC invocations=205 (full 18):
 par new generation   total 59008K, used 6528K [0x94600000, 0x98600000, 0x98600000)
  eden space 52480K,   0% used [0x94600000, 0x94600000, 0x97940000)
  from space 6528K, 100% used [0x97fa0000, 0x98600000, 0x98600000)
  to   space 6528K,   0% used [0x97940000, 0x97940000, 0x97fa0000)
 concurrent mark-sweep generation total 240752K, used 214226K [0x98600000, 0xa711c000, 0xb4600000)
 Metaspace       used 23600K, capacity 23859K, committed 23960K, reserved 24880K
}
Event: 951.244 GC heap before
{Heap before GC invocations=205 (full 18):
 par new generation   total 59008K, used 59008K [0x94600000, 0x98600000, 0x98600000)
  eden space 52480K, 100% used [0x94600000, 0x97940000, 0x97940000)
  from space 6528K, 100% used [0x97fa0000, 0x98600000, 0x98600000)
  to   space 6528K,   0% used [0x97940000, 0x97940000, 0x97fa0000)
 concurrent mark-sweep generation total 240752K, used 203399K [0x98600000, 0xa711c000, 0xb4600000)
 Metaspace       used 23600K, capacity 23859K, committed 23960K, reserved 24880K
Event: 951.259 GC heap after
Heap after GC invocations=206 (full 18):
 par new generation   total 59008K, used 6182K [0x94600000, 0x98600000, 0x98600000)
  eden space 52480K,   0% used [0x94600000, 0x94600000, 0x97940000)
  from space 6528K,  94% used [0x97940000, 0x97f49a98, 0x97fa0000)
  to   space 6528K,   0% used [0x97fa0000, 0x97fa0000, 0x98600000)
 concurrent mark-sweep generation total 240752K, used 204405K [0x98600000, 0xa711c000, 0xb4600000)
 Metaspace       used 23600K, capacity 23859K, committed 23960K, reserved 24880K
}

Deoptimization events (0 events):
No events

Internal exceptions (10 events):
Event: 26.776 Thread 0x8fca4800 Exception <a 'java/lang/NullPointerException'> (0x94b3b050) thrown at [/HUDSON/workspace/8-2-build-linux-i586/jdk8u131/8869/hotspot/src/share/vm/runtime/sharedRuntime.cpp, line 605]
Event: 26.791 Thread 0x8fca4800 Implicit null exception at 0xb49ef5cf to 0xb49efb73
Event: 26.791 Thread 0x8fca4800 Exception <a 'java/lang/NullPointerException'> (0x94c88240) thrown at [/HUDSON/workspace/8-2-build-linux-i586/jdk8u131/8869/hotspot/src/share/vm/runtime/sharedRuntime.cpp, line 605]
Event: 26.806 Thread 0x8fca4800 Exception <a 'java/io/FileNotFoundException'> (0x94cc73d8) thrown at [/HUDSON/workspace/8-2-build-linux-i586/jdk8u131/8869/hotspot/src/share/vm/prims/jni.cpp, line 709]
Event: 26.806 Thread 0x8fca4800 Exception <a 'java/io/FileNotFoundException'> (0x94cc8358) thrown at [/HUDSON/workspace/8-2-build-linux-i586/jdk8u131/8869/hotspot/src/share/vm/prims/jni.cpp, line 709]
Event: 26.914 Thread 0x8fca4800 Implicit null exception at 0xb4d45783 to 0xb4d45a11
Event: 327.498 Thread 0x085dc800 Exception <a 'java/lang/ArrayIndexOutOfBoundsException'> (0x96af8c50) thrown at [/HUDSON/workspace/8-2-build-linux-i586/jdk8u131/8869/hotspot/src/share/vm/runtime/sharedRuntime.cpp, line 605]
Event: 853.517 Thread 0x8fca4800 Exception <a 'java/lang/ArrayIndexOutOfBoundsException': 101> (0x96e11c70) thrown at [/HUDSON/workspace/8-2-build-linux-i586/jdk8u131/8869/hotspot/src/share/vm/interpreter/interpreterRuntime.cpp, line 366]
Event: 853.518 Thread 0x8fca4800 Exception <a 'java/lang/ArrayIndexOutOfBoundsException': 122> (0x96e5f9b8) thrown at [/HUDSON/workspace/8-2-build-linux-i586/jdk8u131/8869/hotspot/src/share/vm/interpreter/interpreterRuntime.cpp, line 366]
Event: 853.539 Thread 0x8fca4800 Exception <a 'java/lang/ArrayIndexOutOfBoundsException': 193> (0x9713f448) thrown at [/HUDSON/workspace/8-2-build-linux-i586/jdk8u131/8869/hotspot/src/share/vm/interpreter/interpreterRuntime.cpp, line 366]

Events (10 events):
Event: 951.270 Thread 0xb69c6000 flushing nmethod 0xb4bd0688
Event: 951.270 Thread 0xb69c6000 flushing nmethod 0xb4bd0888
Event: 951.270 Thread 0xb69c6000 flushing nmethod 0xb4bd0ac8
Event: 951.270 Thread 0xb69c6000 flushing nmethod 0xb4bd15c8
Event: 951.270 Thread 0xb69c6000 flushing nmethod 0xb4bd1808
Event: 951.270 Thread 0xb69c6000 flushing nmethod 0xb4bd1a08
Event: 951.270 Thread 0xb69c6000 flushing nmethod 0xb4bd2d88
Event: 951.270 Thread 0xb69c6000 flushing nmethod 0xb4bd3248
Event: 951.270 Thread 0xb69c6000 flushing nmethod 0xb4bd34c8
Event: 951.270 Thread 0xb69c6000 flushing nmethod 0xb4bd4d08


Dynamic libraries:
08048000-08049000 r-xp 00000000 fc:01 501474     /usr/lib/jvm/java-8-oracle/jre/bin/java
08049000-0804a000 rw-p 00000000 fc:01 501474     /usr/lib/jvm/java-8-oracle/jre/bin/java
08436000-08d9c000 rw-p 00000000 00:00 0          [heap]
8bf36000-8bf39000 ---p 00000000 00:00 0 
8bf39000-8bfa7000 rw-p 00000000 00:00 0 
8bfa7000-8c087000 ---p 00000000 00:00 0 
8c087000-8c08a000 ---p 00000000 00:00 0 
8c08a000-8c0d8000 rw-p 00000000 00:00 0 
8c0d8000-8c0db000 ---p 00000000 00:00 0 
8c0db000-8c129000 rw-p 00000000 00:00 0 
8c129000-8c12c000 ---p 00000000 00:00 0 
8c12c000-8c27a000 rw-p 00000000 00:00 0 
8c27a000-8c27d000 ---p 00000000 00:00 0 
8c27d000-8c3cb000 rw-p 00000000 00:00 0 
8c3cb000-8c3ce000 ---p 00000000 00:00 0 
8c3ce000-8c41c000 rw-p 00000000 00:00 0 
8c41c000-8c4a2000 r-xp 00000000 fc:01 535529     /usr/lib/jvm/java-8-oracle/jre/lib/i386/libawt.so
8c4a2000-8c4a9000 rw-p 00086000 fc:01 535529     /usr/lib/jvm/java-8-oracle/jre/lib/i386/libawt.so
8c4a9000-8c5cd000 rw-p 00000000 00:00 0 
8c5cd000-8c6cd000 rw-p 00000000 00:00 0 
8c6cd000-8c80d000 rw-p 00000000 00:00 0 
8c80d000-8c810000 ---p 00000000 00:00 0 
8c810000-8c85e000 rw-p 00000000 00:00 0 
8c85e000-8c861000 ---p 00000000 00:00 0 
8c861000-8c9af000 rw-p 00000000 00:00 0 
8c9af000-8c9b2000 ---p 00000000 00:00 0 
8c9b2000-8cb00000 rw-p 00000000 00:00 0 
8cb00000-8cc00000 rw-p 00000000 00:00 0 
8cc00000-8ccfe000 rw-p 00000000 00:00 0 
8ccfe000-8cd00000 ---p 00000000 00:00 0 
8cd00000-8cdfe000 rw-p 00000000 00:00 0 
8cdfe000-8ce00000 ---p 00000000 00:00 0 
8ce00000-8cefe000 rw-p 00000000 00:00 0 
8cefe000-8cf00000 ---p 00000000 00:00 0 
8cf00000-8cffe000 rw-p 00000000 00:00 0 
8cffe000-8d000000 ---p 00000000 00:00 0 
8d000000-8d0fe000 rw-p 00000000 00:00 0 
8d0fe000-8d100000 ---p 00000000 00:00 0 
8d100000-8d1fe000 rw-p 00000000 00:00 0 
8d1fe000-8d200000 ---p 00000000 00:00 0 
8d200000-8d2fe000 rw-p 00000000 00:00 0 
8d2fe000-8d300000 ---p 00000000 00:00 0 
8d300000-8d3fe000 rw-p 00000000 00:00 0 
8d3fe000-8d400000 ---p 00000000 00:00 0 
8d400000-8d4fe000 rw-p 00000000 00:00 0 
8d4fe000-8d500000 ---p 00000000 00:00 0 
8d500000-8d5fe000 rw-p 00000000 00:00 0 
8d5fe000-8d600000 ---p 00000000 00:00 0 
8d600000-8d6fe000 rw-p 00000000 00:00 0 
8d6fe000-8d700000 ---p 00000000 00:00 0 
8d700000-8d7fe000 rw-p 00000000 00:00 0 
8d7fe000-8d800000 ---p 00000000 00:00 0 
8d800000-8d8fe000 rw-p 00000000 00:00 0 
8d8fe000-8d900000 ---p 00000000 00:00 0 
8d900000-8d9fe000 rw-p 00000000 00:00 0 
8d9fe000-8da00000 ---p 00000000 00:00 0 
8da00000-8dafe000 rw-p 00000000 00:00 0 
8dafe000-8db00000 ---p 00000000 00:00 0 
8db00000-8dbfe000 rw-p 00000000 00:00 0 
8dbfe000-8dc00000 ---p 00000000 00:00 0 
8dc00000-8dcfe000 rw-p 00000000 00:00 0 
8dcfe000-8dd00000 ---p 00000000 00:00 0 
8dd00000-8ddfe000 rw-p 00000000 00:00 0 
8ddfe000-8de00000 ---p 00000000 00:00 0 
8de00000-8defe000 rw-p 00000000 00:00 0 
8defe000-8df00000 ---p 00000000 00:00 0 
8df00000-8dffe000 rw-p 00000000 00:00 0 
8dffe000-8e000000 ---p 00000000 00:00 0 
8e000000-8e0fe000 rw-p 00000000 00:00 0 
8e0fe000-8e100000 ---p 00000000 00:00 0 
8e100000-8e1fe000 rw-p 00000000 00:00 0 
8e1fe000-8e200000 ---p 00000000 00:00 0 
8e200000-8e2fe000 rw-p 00000000 00:00 0 
8e2fe000-8e300000 ---p 00000000 00:00 0 
8e300000-8e3fe000 rw-p 00000000 00:00 0 
8e3fe000-8e400000 ---p 00000000 00:00 0 
8e400000-8e4fe000 rw-p 00000000 00:00 0 
8e4fe000-8e500000 ---p 00000000 00:00 0 
8e500000-8e5fe000 rw-p 00000000 00:00 0 
8e5fe000-8e600000 ---p 00000000 00:00 0 
8e600000-8e6fe000 rw-p 00000000 00:00 0 
8e6fe000-8e700000 ---p 00000000 00:00 0 
8e700000-8e7fe000 rw-p 00000000 00:00 0 
8e7fe000-8e800000 ---p 00000000 00:00 0 
8e800000-8e8fe000 rw-p 00000000 00:00 0 
8e8fe000-8e900000 ---p 00000000 00:00 0 
8e900000-8e9fe000 rw-p 00000000 00:00 0 
8e9fe000-8ea00000 ---p 00000000 00:00 0 
8ea00000-8eafe000 rw-p 00000000 00:00 0 
8eafe000-8eb00000 ---p 00000000 00:00 0 
8eb00000-8ebfe000 rw-p 00000000 00:00 0 
8ebfe000-8ec00000 ---p 00000000 00:00 0 
8ec00000-8ecfe000 rw-p 00000000 00:00 0 
8ecfe000-8ed00000 ---p 00000000 00:00 0 
8ed00000-8edfe000 rw-p 00000000 00:00 0 
8edfe000-8ee00000 ---p 00000000 00:00 0 
8ee00000-8eefe000 rw-p 00000000 00:00 0 
8eefe000-8ef00000 ---p 00000000 00:00 0 
8ef00000-8effe000 rw-p 00000000 00:00 0 
8effe000-8f000000 ---p 00000000 00:00 0 
8f000000-8f0fe000 rw-p 00000000 00:00 0 
8f0fe000-8f100000 ---p 00000000 00:00 0 
8f100000-8f1fe000 rw-p 00000000 00:00 0 
8f1fe000-8f200000 ---p 00000000 00:00 0 
8f200000-8f2fe000 rw-p 00000000 00:00 0 
8f2fe000-8f300000 ---p 00000000 00:00 0 
8f300000-8f3fe000 rw-p 00000000 00:00 0 
8f3fe000-8f400000 ---p 00000000 00:00 0 
8f400000-8f4fe000 rw-p 00000000 00:00 0 
8f4fe000-8f500000 ---p 00000000 00:00 0 
8f500000-8f5fe000 rw-p 00000000 00:00 0 
8f5fe000-8f600000 ---p 00000000 00:00 0 
8f600000-8f6fe000 rw-p 00000000 00:00 0 
8f6fe000-8f700000 ---p 00000000 00:00 0 
8f728000-8f72e000 r-xp 00000000 fc:01 535550     /usr/lib/jvm/java-8-oracle/jre/lib/i386/libawt_headless.so
8f72e000-8f72f000 rw-p 00005000 fc:01 535550     /usr/lib/jvm/java-8-oracle/jre/lib/i386/libawt_headless.so
8f72f000-8f743000 r-xp 00000000 fc:01 475849     /lib/i386-linux-gnu/libresolv-2.23.so
8f743000-8f744000 ---p 00014000 fc:01 475849     /lib/i386-linux-gnu/libresolv-2.23.so
8f744000-8f745000 r--p 00014000 fc:01 475849     /lib/i386-linux-gnu/libresolv-2.23.so
8f745000-8f746000 rw-p 00015000 fc:01 475849     /lib/i386-linux-gnu/libresolv-2.23.so
8f746000-8f748000 rw-p 00000000 00:00 0 
8f748000-8f74d000 r-xp 00000000 fc:01 475817     /lib/i386-linux-gnu/libnss_dns-2.23.so
8f74d000-8f74e000 r--p 00004000 fc:01 475817     /lib/i386-linux-gnu/libnss_dns-2.23.so
8f74e000-8f74f000 rw-p 00005000 fc:01 475817     /lib/i386-linux-gnu/libnss_dns-2.23.so
8f74f000-8f76b000 r--s 00393000 fc:01 501421     /usr/lib/jvm/java-8-oracle/jre/lib/ext/cldrdata.jar
8f76b000-8f76e000 ---p 00000000 00:00 0 
8f76e000-8f8bc000 rw-p 00000000 00:00 0 
8f8bc000-8f8bf000 ---p 00000000 00:00 0 
8f8bf000-8f90d000 rw-p 00000000 00:00 0 
8f90d000-8f910000 ---p 00000000 00:00 0 
8f910000-8f95e000 rw-p 00000000 00:00 0 
8f95e000-8f961000 ---p 00000000 00:00 0 
8f961000-8f9af000 rw-p 00000000 00:00 0 
8f9af000-8f9b2000 ---p 00000000 00:00 0 
8f9b2000-8fb00000 rw-p 00000000 00:00 0 
8fb00000-8fc00000 rw-p 00000000 00:00 0 
8fc00000-8fcf7000 rw-p 00000000 00:00 0 
8fcf7000-8fd00000 ---p 00000000 00:00 0 
8fd00000-8fe00000 rw-p 00000000 00:00 0 
8fe00000-8ff00000 rw-p 00000000 00:00 0 
8ff00000-90000000 rw-p 00000000 00:00 0 
90000000-900fe000 rw-p 00000000 00:00 0 
900fe000-90100000 ---p 00000000 00:00 0 
90100000-90200000 rw-p 00000000 00:00 0 
90200000-90300000 rw-p 00000000 00:00 0 
90300000-90400000 rw-p 00000000 00:00 0 
90400000-90500000 rw-p 00000000 00:00 0 
90500000-90600000 rw-p 00000000 00:00 0 
90600000-90700000 rw-p 00000000 00:00 0 
90700000-907ff000 rw-p 00000000 00:00 0 
907ff000-90800000 ---p 00000000 00:00 0 
90806000-90809000 r--s 0001a000 fc:01 450870     /usr/lib/jvm/java-8-oracle/jre/lib/jce.jar
90809000-90813000 r--s 00116000 fc:01 501425     /usr/lib/jvm/java-8-oracle/jre/lib/ext/localedata.jar
90813000-90816000 r--s 00016000 fc:01 75817      /home/ubuntu/mc-mod-server/mods/更多村庄[1.7.10]MoVillages-1.4.2.jar
90816000-9081f000 r--s 0004e000 fc:01 75830      /home/ubuntu/mc-mod-server/mods/G键合成CraftGuide-1.6.8.2-forge[hukk汉化].jar
9081f000-90822000 ---p 00000000 00:00 0 
90822000-90836000 rw-p 00000000 00:00 0 
90836000-90852000 r-xp 00000000 fc:01 475189     /lib/i386-linux-gnu/libgcc_s.so.1
90852000-90853000 rw-p 0001b000 fc:01 475189     /lib/i386-linux-gnu/libgcc_s.so.1
90855000-9085a000 r--s 0009a000 fc:01 450892     /usr/lib/jvm/java-8-oracle/jre/lib/jsse.jar
9085a000-90879000 r-xp 00000000 fc:01 535546     /usr/lib/jvm/java-8-oracle/jre/lib/i386/libunpack.so
90879000-9087c000 rw-p 0001e000 fc:01 535546     /usr/lib/jvm/java-8-oracle/jre/lib/i386/libunpack.so
9087c000-90880000 rw-p 00000000 00:00 0 
90880000-90893000 r--s 00345000 fc:01 450882     /usr/lib/jvm/java-8-oracle/jre/lib/resources.jar
90893000-90898000 r--s 001bb000 fc:01 75841      /home/ubuntu/mc-mod-server/mods/拔剑mc1.7.10badaojianMOD.jar
90898000-9089b000 ---p 00000000 00:00 0 
9089b000-924ea000 rw-p 00000000 00:00 0 
924ea000-924ff000 r-xp 00000000 fc:01 535572     /usr/lib/jvm/java-8-oracle/jre/lib/i386/libnet.so
924ff000-92500000 rw-p 00015000 fc:01 535572     /usr/lib/jvm/java-8-oracle/jre/lib/i386/libnet.so
92500000-92600000 rw-p 00000000 00:00 0 
92601000-92602000 r--s 00001000 fc:01 75851      /home/ubuntu/mc-mod-server/plugins/服务器中文说明MOTDColor.jar
92602000-92604000 r--s 00006000 fc:01 75832      /home/ubuntu/mc-mod-server/mods/多彩聊天colorchat-1.11.2-2.0.42-universal.jar
92604000-92613000 r-xp 00000000 fc:01 535536     /usr/lib/jvm/java-8-oracle/jre/lib/i386/libnio.so
92613000-92614000 rw-p 0000e000 fc:01 535536     /usr/lib/jvm/java-8-oracle/jre/lib/i386/libnio.so
92614000-9261c000 r-xp 00000000 fc:01 535521     /usr/lib/jvm/java-8-oracle/jre/lib/i386/libmanagement.so
9261c000-9261d000 rw-p 00007000 fc:01 535521     /usr/lib/jvm/java-8-oracle/jre/lib/i386/libmanagement.so
9261d000-926b9000 r--s 0088d000 fc:01 75726      /home/ubuntu/mc-mod-server/minecraft_server.1.7.10.jar
926b9000-926bc000 r--s 0000b000 fc:01 75690      /home/ubuntu/mc-mod-server/libraries/javax/persistence/persistence-api/1.0.2/persistence-api-1.0.2.jar
926bc000-926c3000 r--s 000b7000 fc:01 75698      /home/ubuntu/mc-mod-server/libraries/mysql/mysql-connector-java/5.1.14/mysql-connector-java-5.1.14.jar
926c3000-926c8000 r--s 00309000 fc:01 75667      /home/ubuntu/mc-mod-server/libraries/org/xerial/sqlite-jdbc/3.7.2/sqlite-jdbc-3.7.2.jar
926c8000-926cc000 r--s 0001b000 fc:01 75717      /home/ubuntu/mc-mod-server/libraries/net/sourceforge/argo/argo/2.25/argo-2.25.jar
926cc000-926cf000 r--s 00019000 fc:01 75663      /home/ubuntu/mc-mod-server/libraries/org/fusesource/jansi/jansi/1.8/jansi-1.8.jar
926cf000-926d2000 r--s 0002a000 fc:01 75721      /home/ubuntu/mc-mod-server/libraries/jline/jline/2.6/jline-2.6.jar
926d2000-926f6000 r--s 001bf000 fc:01 75671      /home/ubuntu/mc-mod-server/libraries/org/avaje/ebean/2.7.3/ebean-2.7.3.jar
926f6000-926fb000 r--s 00041000 fc:01 75725      /home/ubuntu/mc-mod-server/libraries/commons-lang/commons-lang/2.6/commons-lang-2.6.jar
926fb000-92705000 r--s 00098000 fc:01 75652      /home/ubuntu/mc-mod-server/libraries/org/scala-lang/scala-xml_2.11/1.0.2/scala-xml_2.11-1.0.2.jar
92705000-92710000 r--s 000a9000 fc:01 75633      /home/ubuntu/mc-mod-server/libraries/org/scala-lang/scala-swing_2.11/1.0.1/scala-swing_2.11-1.0.1.jar
92710000-92800000 r--s 00c03000 fc:01 75655      /home/ubuntu/mc-mod-server/libraries/org/scala-lang/scala-compiler/2.11.1/scala-compiler-2.11.1.jar
92800000-928fd000 rw-p 00000000 00:00 0 
928fd000-92900000 ---p 00000000 00:00 0 
92900000-92902000 r--s 00010000 fc:01 75703      /home/ubuntu/mc-mod-server/libraries/net/md-5/SpecialSource/1.7-SNAPSHOT/SpecialSource-1.7-SNAPSHOT.jar
92902000-92908000 r--s 0003b000 fc:01 75629      /home/ubuntu/mc-mod-server/libraries/org/yaml/snakeyaml/1.9/snakeyaml-1.9.jar
92908000-92953000 r--s 003eb000 fc:01 75658      /home/ubuntu/mc-mod-server/libraries/org/scala-lang/scala-reflect/2.11.1/scala-reflect-2.11.1.jar
92953000-9295e000 r--s 0005f000 fc:01 75636      /home/ubuntu/mc-mod-server/libraries/org/scala-lang/scala-parser-combinators_2.11/1.0.1/scala-parser-combinators_2.11-1.0.1.jar
9295e000-929b7000 r--s 00502000 fc:01 75646      /home/ubuntu/mc-mod-server/libraries/org/scala-lang/scala-library/2.11.1/scala-library-2.11.1.jar
929b7000-929bd000 r--s 0002e000 fc:01 75640      /home/ubuntu/mc-mod-server/libraries/org/scala-lang/plugins/scala-continuations-plugin_2.11.1/1.0.2/scala-continuations-plugin_2.11.1-1.0.2.jar
929bd000-92a10000 r--s 007f9000 fc:01 74542      /home/ubuntu/mc-mod-server/cauldron.jar
92a10000-92a11000 ---p 00000000 00:00 0 
92a11000-92a91000 rw-p 00000000 00:00 0 
92a91000-92a94000 ---p 00000000 00:00 0 
92a94000-92ae2000 rw-p 00000000 00:00 0 
92ae2000-92ae5000 ---p 00000000 00:00 0 
92ae5000-92b63000 rw-p 00000000 00:00 0 
92b63000-92b66000 ---p 00000000 00:00 0 
92b66000-92bb4000 rw-p 00000000 00:00 0 
92bb4000-92bb7000 ---p 00000000 00:00 0 
92bb7000-92c05000 rw-p 00000000 00:00 0 
92c05000-92e05000 r--p 00000000 fc:01 403194     /usr/lib/locale/locale-archive
92e05000-92e08000 ---p 00000000 00:00 0 
92e08000-92e56000 rw-p 00000000 00:00 0 
92e56000-92e59000 ---p 00000000 00:00 0 
92e59000-92ea7000 rw-p 00000000 00:00 0 
92ea7000-92ea8000 ---p 00000000 00:00 0 
92ea8000-92f77000 rw-p 00000000 00:00 0 
92f77000-93150000 r--s 03d40000 fc:01 450888     /usr/lib/jvm/java-8-oracle/jre/lib/rt.jar
93150000-93596000 rw-p 00000000 00:00 0 
93596000-9359c000 ---p 00000000 00:00 0 
9359c000-9359d000 ---p 00000000 00:00 0 
9359d000-94494000 rw-p 00000000 00:00 0 
94494000-944ff000 ---p 00000000 00:00 0 
944ff000-94595000 rw-p 00000000 00:00 0 
94595000-945ff000 ---p 00000000 00:00 0 
945ff000-a711c000 rw-p 00000000 00:00 0 
a919b000-b4600000 ---p 00000000 00:00 0 
b4600000-b46fc000 rw-p 00000000 00:00 0 
b46fc000-b4700000 ---p 00000000 00:00 0 
b4700000-b4725000 r--s 0024b000 fc:01 75682      /home/ubuntu/mc-mod-server/libraries/com/typesafe/akka/akka-actor_2.11/2.3.3/akka-actor_2.11-2.3.3.jar
b4725000-b47bd000 rw-p 00000000 00:00 0 
b47bd000-b47be000 ---p 00000000 00:00 0 
b47be000-b4856000 rw-p 00000000 00:00 0 
b4856000-b48be000 ---p 00000000 00:00 0 
b48be000-b4e8e000 rwxp 00000000 00:00 0 
b4e8e000-b68be000 ---p 00000000 00:00 0 
b68be000-b68d7000 r-xp 00000000 fc:01 535574     /usr/lib/jvm/java-8-oracle/jre/lib/i386/libzip.so
b68d7000-b68d8000 rw-p 00019000 fc:01 535574     /usr/lib/jvm/java-8-oracle/jre/lib/i386/libzip.so
b68d8000-b68e0000 rw-s 00000000 fc:01 16418      /tmp/hsperfdata_ubuntu/20720
b68e0000-b68eb000 r-xp 00000000 fc:01 475823     /lib/i386-linux-gnu/libnss_files-2.23.so
b68eb000-b68ec000 r--p 0000a000 fc:01 475823     /lib/i386-linux-gnu/libnss_files-2.23.so
b68ec000-b68ed000 rw-p 0000b000 fc:01 475823     /lib/i386-linux-gnu/libnss_files-2.23.so
b68ed000-b68f3000 rw-p 00000000 00:00 0 
b68f3000-b68fe000 r-xp 00000000 fc:01 475835     /lib/i386-linux-gnu/libnss_nis-2.23.so
b68fe000-b68ff000 r--p 0000a000 fc:01 475835     /lib/i386-linux-gnu/libnss_nis-2.23.so
b68ff000-b6900000 rw-p 0000b000 fc:01 475835     /lib/i386-linux-gnu/libnss_nis-2.23.so
b6900000-b69fc000 rw-p 00000000 00:00 0 
b69fc000-b6a00000 ---p 00000000 00:00 0 
b6a00000-b6a01000 r--s 00003000 fc:01 75677      /home/ubuntu/mc-mod-server/libraries/com/googlecode/json-simple/json-simple/1.1/json-simple-1.1.jar
b6a01000-b6a03000 r--s 0000d000 fc:01 75708      /home/ubuntu/mc-mod-server/libraries/net/sf/jopt-simple/jopt-simple/4.5/jopt-simple-4.5.jar
b6a03000-b6a07000 r--s 00032000 fc:01 75685      /home/ubuntu/mc-mod-server/libraries/com/typesafe/config/1.2.1/config-1.2.1.jar
b6a07000-b6a1e000 r-xp 00000000 fc:01 475815     /lib/i386-linux-gnu/libnsl-2.23.so
b6a1e000-b6a1f000 r--p 00016000 fc:01 475815     /lib/i386-linux-gnu/libnsl-2.23.so
b6a1f000-b6a20000 rw-p 00017000 fc:01 475815     /lib/i386-linux-gnu/libnsl-2.23.so
b6a20000-b6a22000 rw-p 00000000 00:00 0 
b6a22000-b6a2a000 r-xp 00000000 fc:01 475846     /lib/i386-linux-gnu/libnss_compat-2.23.so
b6a2a000-b6a2b000 r--p 00007000 fc:01 475846     /lib/i386-linux-gnu/libnss_compat-2.23.so
b6a2b000-b6a2c000 rw-p 00008000 fc:01 475846     /lib/i386-linux-gnu/libnss_compat-2.23.so
b6a2c000-b6a2e000 r--s 00005000 fc:01 75643      /home/ubuntu/mc-mod-server/libraries/org/scala-lang/plugins/scala-continuations-library_2.11/1.0.2/scala-continuations-library_2.11-1.0.2.jar
b6a2e000-b6a33000 r--s 00036000 fc:01 75625      /home/ubuntu/mc-mod-server/libraries/org/ow2/asm/asm-all/5.0.3/asm-all-5.0.3.jar
b6a33000-b6a57000 r-xp 00000000 fc:01 535569     /usr/lib/jvm/java-8-oracle/jre/lib/i386/libjava.so
b6a57000-b6a58000 rw-p 00024000 fc:01 535569     /usr/lib/jvm/java-8-oracle/jre/lib/i386/libjava.so
b6a58000-b6a63000 r-xp 00000000 fc:01 535528     /usr/lib/jvm/java-8-oracle/jre/lib/i386/libverify.so
b6a63000-b6a64000 rw-p 0000b000 fc:01 535528     /usr/lib/jvm/java-8-oracle/jre/lib/i386/libverify.so
b6a64000-b6a6b000 r-xp 00000000 fc:01 475841     /lib/i386-linux-gnu/librt-2.23.so
b6a6b000-b6a6c000 r--p 00006000 fc:01 475841     /lib/i386-linux-gnu/librt-2.23.so
b6a6c000-b6a6d000 rw-p 00007000 fc:01 475841     /lib/i386-linux-gnu/librt-2.23.so
b6a6d000-b6a70000 ---p 00000000 00:00 0 
b6a70000-b6abe000 rw-p 00000000 00:00 0 
b6abe000-b6b11000 r-xp 00000000 fc:01 475852     /lib/i386-linux-gnu/libm-2.23.so
b6b11000-b6b12000 r--p 00052000 fc:01 475852     /lib/i386-linux-gnu/libm-2.23.so
b6b12000-b6b13000 rw-p 00053000 fc:01 475852     /lib/i386-linux-gnu/libm-2.23.so
b6b13000-b716b000 r-xp 00000000 fc:01 560092     /usr/lib/jvm/java-8-oracle/jre/lib/i386/client/libjvm.so
b716b000-b7191000 rw-p 00657000 fc:01 560092     /usr/lib/jvm/java-8-oracle/jre/lib/i386/client/libjvm.so
b7191000-b75b8000 rw-p 00000000 00:00 0 
b75b8000-b7768000 r-xp 00000000 fc:01 475858     /lib/i386-linux-gnu/libc-2.23.so
b7768000-b776a000 r--p 001af000 fc:01 475858     /lib/i386-linux-gnu/libc-2.23.so
b776a000-b776b000 rw-p 001b1000 fc:01 475858     /lib/i386-linux-gnu/libc-2.23.so
b776b000-b776e000 rw-p 00000000 00:00 0 
b776e000-b7771000 r-xp 00000000 fc:01 475845     /lib/i386-linux-gnu/libdl-2.23.so
b7771000-b7772000 r--p 00002000 fc:01 475845     /lib/i386-linux-gnu/libdl-2.23.so
b7772000-b7773000 rw-p 00003000 fc:01 475845     /lib/i386-linux-gnu/libdl-2.23.so
b7773000-b7787000 r-xp 00000000 fc:01 583763     /usr/lib/jvm/java-8-oracle/jre/lib/i386/jli/libjli.so
b7787000-b7788000 rw-p 00014000 fc:01 583763     /usr/lib/jvm/java-8-oracle/jre/lib/i386/jli/libjli.so
b7788000-b77a1000 r-xp 00000000 fc:01 475829     /lib/i386-linux-gnu/libpthread-2.23.so
b77a1000-b77a2000 r--p 00018000 fc:01 475829     /lib/i386-linux-gnu/libpthread-2.23.so
b77a2000-b77a3000 rw-p 00019000 fc:01 475829     /lib/i386-linux-gnu/libpthread-2.23.so
b77a3000-b77a5000 rw-p 00000000 00:00 0 
b77a5000-b77a6000 r--s 00001000 fc:01 75694      /home/ubuntu/mc-mod-server/libraries/lzma/lzma/0.0.1/lzma-0.0.1.jar
b77a6000-b77a8000 r--s 0000d000 fc:01 75649      /home/ubuntu/mc-mod-server/libraries/org/scala-lang/scala-actors-migration_2.11/1.1.0/scala-actors-migration_2.11-1.1.0.jar
b77a8000-b77aa000 r--s 00007000 fc:01 75712      /home/ubuntu/mc-mod-server/libraries/net/minecraft/launchwrapper/1.11/launchwrapper-1.11.jar
b77aa000-b77ab000 rw-p 00000000 00:00 0 
b77ab000-b77ac000 r--p 00000000 00:00 0 
b77ac000-b77ae000 rw-p 00000000 00:00 0 
b77ae000-b77b1000 r--p 00000000 00:00 0          [vvar]
b77b1000-b77b3000 r-xp 00000000 00:00 0          [vdso]
b77b3000-b77d5000 r-xp 00000000 fc:01 475816     /lib/i386-linux-gnu/ld-2.23.so
b77d5000-b77d6000 rw-p 00000000 00:00 0 
b77d6000-b77d7000 r--p 00022000 fc:01 475816     /lib/i386-linux-gnu/ld-2.23.so
b77d7000-b77d8000 rw-p 00023000 fc:01 475816     /lib/i386-linux-gnu/ld-2.23.so
bfa2f000-bfa50000 rw-p 00000000 00:00 0          [stack]

VM Arguments:
jvm_args: -Xincgc -Xmx512M -Xms128M 
java_command: cauldron.jar PAUSE
java_class_path (initial): cauldron.jar
Launcher Type: SUN_STANDARD

Environment Variables:
JAVA_HOME=/usr/lib/jvm/java-8-oracle
PATH=/home/ubuntu/bin:/home/ubuntu/.local/bin:/usr/local/sbin:/usr/local/bin:/usr/sbin:/usr/bin:/sbin:/bin:/usr/games:/usr/local/games:/snap/bin:/usr/lib/jvm/java-8-oracle/bin:/usr/lib/jvm/java-8-oracle/db/bin:/usr/lib/jvm/java-8-oracle/jre/bin
SHELL=/bin/bash

Signal Handlers:
SIGSEGV: [libjvm.so+0x5bdc10], sa_mask[0]=11111111011111111101111111111110, sa_flags=SA_RESTART|SA_SIGINFO
SIGBUS: [libjvm.so+0x5bdc10], sa_mask[0]=11111111011111111101111111111110, sa_flags=SA_RESTART|SA_SIGINFO
SIGFPE: [libjvm.so+0x49cb60], sa_mask[0]=11111111011111111101111111111110, sa_flags=SA_RESTART|SA_SIGINFO
SIGPIPE: [libjvm.so+0x49cb60], sa_mask[0]=11111111011111111101111111111110, sa_flags=SA_RESTART|SA_SIGINFO
SIGXFSZ: [libjvm.so+0x49cb60], sa_mask[0]=11111111011111111101111111111110, sa_flags=SA_RESTART|SA_SIGINFO
SIGILL: [libjvm.so+0x49cb60], sa_mask[0]=11111111011111111101111111111110, sa_flags=SA_RESTART|SA_SIGINFO
SIGUSR1: SIG_DFL, sa_mask[0]=00000000000000000000000000000000, sa_flags=none
SIGUSR2: [libjvm.so+0x49e410], sa_mask[0]=00000000000000000000000000000000, sa_flags=SA_RESTART|SA_SIGINFO
SIGHUP: [libjvm.so+0x49f8c0], sa_mask[0]=11111111011111111101111111111110, sa_flags=SA_RESTART|SA_SIGINFO
SIGINT: [libjvm.so+0x49f8c0], sa_mask[0]=11111111011111111101111111111110, sa_flags=SA_RESTART|SA_SIGINFO
SIGTERM: [libjvm.so+0x49f8c0], sa_mask[0]=11111111011111111101111111111110, sa_flags=SA_RESTART|SA_SIGINFO
SIGQUIT: [libjvm.so+0x49f8c0], sa_mask[0]=11111111011111111101111111111110, sa_flags=SA_RESTART|SA_SIGINFO


---------------  S Y S T E M  ---------------

OS:DISTRIB_ID=Ubuntu
DISTRIB_RELEASE=16.04
DISTRIB_CODENAME=xenial
DISTRIB_DESCRIPTION="Ubuntu 16.04.2 LTS"

uname:Linux 4.12.0-041200-generic #201707022031 SMP Mon Jul 3 00:42:33 UTC 2017 i686
libc:glibc 2.23 NPTL 2.23 
rlimit: STACK 8192k, CORE 0k, NPROC 6667, NOFILE 1048576, AS infinity
load average:0.33 0.12 0.11

/proc/meminfo:
MemTotal:         892304 kB
MemFree:           60084 kB
MemAvailable:      16260 kB
Buffers:            1556 kB
Cached:            59516 kB
SwapCached:            0 kB
Active:           725120 kB
Inactive:          42324 kB
Active(anon):     710532 kB
Inactive(anon):    28572 kB
Active(file):      14588 kB
Inactive(file):    13752 kB
Unevictable:        3428 kB
Mlocked:            3428 kB
HighTotal:        135168 kB
HighFree:           1804 kB
LowTotal:         757136 kB
LowFree:           58280 kB
SwapTotal:             0 kB
SwapFree:              0 kB
Dirty:               228 kB
Writeback:             0 kB
AnonPages:        709824 kB
Mapped:            34560 kB
Shmem:             30288 kB
Slab:              32124 kB
SReclaimable:      12916 kB
SUnreclaim:        19208 kB
KernelStack:        2344 kB
PageTables:         4908 kB
NFS_Unstable:          0 kB
Bounce:                0 kB
WritebackTmp:          0 kB
CommitLimit:      446152 kB
Committed_AS:    2305440 kB
VmallocTotal:     122880 kB
VmallocUsed:           0 kB
VmallocChunk:          0 kB
AnonHugePages:    393216 kB
ShmemHugePages:        0 kB
ShmemPmdMapped:        0 kB
CmaTotal:              0 kB
CmaFree:               0 kB
HugePages_Total:       0
HugePages_Free:        0
HugePages_Rsvd:        0
HugePages_Surp:        0
Hugepagesize:       2048 kB
DirectMap4k:       16376 kB
DirectMap2M:      897024 kB


CPU:total 1 (initial active 1) (12 cores per cpu, 1 threads per core) family 6 model 63 stepping 2, cmov, cx8, fxsr, mmx, sse, sse2, sse3, ssse3, sse4.1, sse4.2, popcnt, avx, avx2, aes, clmul, lzcnt, tsc

/proc/cpuinfo:
processor	: 0
vendor_id	: GenuineIntel
cpu family	: 6
model		: 63
model name	: Intel(R) Xeon(R) CPU E5-26xx v3
stepping	: 2
microcode	: 0x1
cpu MHz		: 2294.682
cache size	: 4096 KB
physical id	: 0
siblings	: 1
core id		: 0
cpu cores	: 1
apicid		: 0
initial apicid	: 0
fdiv_bug	: no
f00f_bug	: no
coma_bug	: no
fpu		: yes
fpu_exception	: yes
cpuid level	: 13
wp		: yes
flags		: fpu vme de pse tsc msr pae mce cx8 apic sep mtrr pge mca cmov pat pse36 clflush mmx fxsr sse sse2 ss ht syscall nx lm constant_tsc cpuid pni pclmulqdq ssse3 fma cx16 pcid sse4_1 sse4_2 x2apic movbe popcnt tsc_deadline_timer aes xsave avx f16c rdrand hypervisor lahf_lm abm avx2 xsaveopt
bugs		:
bogomips	: 4589.36
clflush size	: 64
cache_alignment	: 64
address sizes	: 40 bits physical, 48 bits virtual
power management:



Memory: 4k page, physical 892304k(60084k free), swap 0k(0k free)

vm_info: Java HotSpot(TM) Client VM (25.131-b11) for linux-x86 JRE (1.8.0_131-b11), built on Mar 15 2017 01:31:04 by "java_re" with gcc 4.3.0 20080428 (Red Hat 4.3.0-8)

time: Thu Jul 27 13:07:50 2017
elapsed time: 951 seconds (0d 0h 15m 51s)

