#
# There is insufficient memory for the Java Runtime Environment to continue.
# Native memory allocation (mmap) failed to map 131072 bytes for committing reserved memory.
# Possible reasons:
#   The system is out of physical RAM or swap space
#   In 32 bit mode, the process size limit was hit
# Possible solutions:
#   Reduce memory load on the system
#   Increase physical memory or swap space
#   Check if swap backing store is full
#   Use 64 bit Java on a 64 bit OS
#   Decrease Java heap size (-Xmx/-Xms)
#   Decrease number of Java threads
#   Decrease Java thread stack sizes (-Xss)
#   Set larger code cache with -XX:ReservedCodeCacheSize=
# This output file may be truncated or incomplete.
#
#  Out of Memory Error (os_linux.cpp:2640), pid=21224, tid=0x908ffb40
#
# JRE version: Java(TM) SE Runtime Environment (8.0_131-b11) (build 1.8.0_131-b11)
# Java VM: Java HotSpot(TM) Client VM (25.131-b11 mixed mode linux-x86 )
# Failed to write core dump. Core dumps have been disabled. To enable core dumping, try "ulimit -c unlimited" before starting Java again
#

---------------  T H R E A D  ---------------

Current thread (0x911c8c00):  JavaThread "Server thread" [_thread_in_vm, id=21293, stack(0x908af000,0x90900000)]

Stack: [0x908af000,0x90900000],  sp=0x908fe0b0,  free space=316k
Native frames: (J=compiled Java code, j=interpreted, Vv=VM code, C=native code)
V  [libjvm.so+0x5bd0ff]  VMError::report_and_die()+0x16f
V  [libjvm.so+0x20d785]  report_vm_out_of_memory(char const*, int, unsigned int, VMErrorType, char const*)+0x55
V  [libjvm.so+0x49fe76]  os::Linux::commit_memory_impl(char*, unsigned int, bool)+0xe6
V  [libjvm.so+0x4a0298]  os::pd_commit_memory(char*, unsigned int, unsigned int, bool)+0x28
V  [libjvm.so+0x49a1ac]  os::commit_memory(char*, unsigned int, unsigned int, bool)+0x2c
V  [libjvm.so+0x5b919c]  VirtualSpace::expand_by(unsigned int, bool)+0x1ec
V  [libjvm.so+0x441922]  VirtualSpaceList::expand_node_by(VirtualSpaceNode*, unsigned int, unsigned int)+0x52
V  [libjvm.so+0x443934]  VirtualSpaceList::expand_by(unsigned int, unsigned int)+0xa4
V  [libjvm.so+0x443a65]  VirtualSpaceList::get_new_chunk(unsigned int, unsigned int, unsigned int)+0x85
V  [libjvm.so+0x444df4]  SpaceManager::grow_and_allocate(unsigned int)+0x264
V  [libjvm.so+0x444fd1]  SpaceManager::allocate_work(unsigned int)+0x131
V  [libjvm.so+0x445041]  SpaceManager::allocate(unsigned int)+0x61
V  [libjvm.so+0x44517f]  Metaspace::allocate(ClassLoaderData*, unsigned int, bool, MetaspaceObj::Type, Thread*)+0x9f
V  [libjvm.so+0x4565dc]  MethodCounters::allocate(ClassLoaderData*, Thread*)+0x1c
V  [libjvm.so+0x44e438]  Method::build_method_counters(Method*, Thread*)+0x58
V  [libjvm.so+0x2f0052]  InterpreterRuntime::build_method_counters(JavaThread*, Method*)+0x32
j  net.minecraftforge.event.entity.player.PlayerSleepInBedEvent.<init>(Lnet/minecraft/entity/player/EntityPlayer;III)V+0
j  net.minecraft.entity.player.EntityPlayer.func_71018_a(III)Lnet/minecraft/entity/player/EntityPlayer$EnumStatus;+8
j  net.minecraft.entity.player.EntityPlayerMP.func_71018_a(III)Lnet/minecraft/entity/player/EntityPlayer$EnumStatus;+4
j  net.minecraft.block.BlockBed.func_149727_a(Lnet/minecraft/world/World;IIILnet/minecraft/entity/player/EntityPlayer;IFFF)Z+405
j  net.minecraft.server.management.ItemInWorldManager.func_73078_a(Lnet/minecraft/entity/player/EntityPlayer;Lnet/minecraft/world/World;Lnet/minecraft/item/ItemStack;IIIIFFF)Z+349
j  net.minecraft.network.NetHandlerPlayServer.func_147346_a(Lnet/minecraft/network/play/client/C08PacketPlayerBlockPlacement;)V+493
j  net.minecraft.network.play.client.C08PacketPlayerBlockPlacement.func_148833_a(Lnet/minecraft/network/play/INetHandlerPlayServer;)V+2
j  net.minecraft.network.play.client.C08PacketPlayerBlockPlacement.func_148833_a(Lnet/minecraft/network/INetHandler;)V+5
J 10437 C1 net.minecraft.network.NetworkManager.func_74428_b()V (160 bytes) @ 0xb4cebb2b [0xb4ceb930+0x1fb]
J 9568 C1 net.minecraft.network.NetworkSystem.func_151269_c()V (296 bytes) @ 0xb4afbe21 [0xb4afba80+0x3a1]
J 2929 C1 net.minecraft.server.MinecraftServer.func_71190_q()V (698 bytes) @ 0xb4db08cb [0xb4daff10+0x9bb]
J 3059 C1 net.minecraft.server.dedicated.DedicatedServer.func_71190_q()V (9 bytes) @ 0xb4ded0f8 [0xb4ded0d0+0x28]
J 3057 C1 net.minecraft.server.MinecraftServer.func_71217_p()V (414 bytes) @ 0xb4deb40c [0xb4deb290+0x17c]
J 2781% C1 net.minecraft.server.MinecraftServer.run()V (1060 bytes) @ 0xb4d81bd6 [0xb4d81590+0x646]
j  java.lang.Thread.run()V+11
v  ~StubRoutines::call_stub
V  [libjvm.so+0x2fc5bf]  JavaCalls::call_helper(JavaValue*, methodHandle*, JavaCallArguments*, Thread*)+0x101f
V  [libjvm.so+0x49aed9]  os::os_exception_wrapper(void (*)(JavaValue*, methodHandle*, JavaCallArguments*, Thread*), JavaValue*, methodHandle*, JavaCallArguments*, Thread*)+0x19
V  [libjvm.so+0x2fc9cc]  JavaCalls::call_virtual(JavaValue*, KlassHandle, Symbol*, Symbol*, JavaCallArguments*, Thread*)+0x25c
V  [libjvm.so+0x2fce0b]  JavaCalls::call_virtual(JavaValue*, Handle, KlassHandle, Symbol*, Symbol*, Thread*)+0x4b
V  [libjvm.so+0x38fdd0]  thread_entry(JavaThread*, Thread*)+0x90
V  [libjvm.so+0x5804ef]  JavaThread::thread_main_inner()+0xff
V  [libjvm.so+0x58066b]  JavaThread::run()+0x14b
V  [libjvm.so+0x4a2739]  java_start(Thread*)+0x119
C  [libpthread.so.0+0x6295]  start_thread+0xe5
C  [libc.so.6+0xe705e]  clone+0x6e

Java frames: (J=compiled Java code, j=interpreted, Vv=VM code)
j  net.minecraftforge.event.entity.player.PlayerSleepInBedEvent.<init>(Lnet/minecraft/entity/player/EntityPlayer;III)V+0
j  net.minecraft.entity.player.EntityPlayer.func_71018_a(III)Lnet/minecraft/entity/player/EntityPlayer$EnumStatus;+8
j  net.minecraft.entity.player.EntityPlayerMP.func_71018_a(III)Lnet/minecraft/entity/player/EntityPlayer$EnumStatus;+4
j  net.minecraft.block.BlockBed.func_149727_a(Lnet/minecraft/world/World;IIILnet/minecraft/entity/player/EntityPlayer;IFFF)Z+405
j  net.minecraft.server.management.ItemInWorldManager.func_73078_a(Lnet/minecraft/entity/player/EntityPlayer;Lnet/minecraft/world/World;Lnet/minecraft/item/ItemStack;IIIIFFF)Z+349
j  net.minecraft.network.NetHandlerPlayServer.func_147346_a(Lnet/minecraft/network/play/client/C08PacketPlayerBlockPlacement;)V+493
j  net.minecraft.network.play.client.C08PacketPlayerBlockPlacement.func_148833_a(Lnet/minecraft/network/play/INetHandlerPlayServer;)V+2
j  net.minecraft.network.play.client.C08PacketPlayerBlockPlacement.func_148833_a(Lnet/minecraft/network/INetHandler;)V+5
J 10437 C1 net.minecraft.network.NetworkManager.func_74428_b()V (160 bytes) @ 0xb4cebb2b [0xb4ceb930+0x1fb]
J 9568 C1 net.minecraft.network.NetworkSystem.func_151269_c()V (296 bytes) @ 0xb4afbe21 [0xb4afba80+0x3a1]
J 2929 C1 net.minecraft.server.MinecraftServer.func_71190_q()V (698 bytes) @ 0xb4db08cb [0xb4daff10+0x9bb]
J 3059 C1 net.minecraft.server.dedicated.DedicatedServer.func_71190_q()V (9 bytes) @ 0xb4ded0f8 [0xb4ded0d0+0x28]
J 3057 C1 net.minecraft.server.MinecraftServer.func_71217_p()V (414 bytes) @ 0xb4deb40c [0xb4deb290+0x17c]
J 2781% C1 net.minecraft.server.MinecraftServer.run()V (1060 bytes) @ 0xb4d81bd6 [0xb4d81590+0x646]
j  java.lang.Thread.run()V+11
v  ~StubRoutines::call_stub

---------------  P R O C E S S  ---------------

Java Threads: ( => current thread )
  0x8eb30400 JavaThread "Chunk I/O Executor Thread-1" daemon [_thread_blocked, id=9672, stack(0x8cb56000,0x8cba7000)]
  0x90939c00 JavaThread "Netty IO #3" daemon [_thread_in_native, id=9209, stack(0x8cba7000,0x8cbf8000)]
  0x90938c00 JavaThread "Netty IO #2" daemon [_thread_in_native, id=9208, stack(0x8d5af000,0x8d600000)]
  0x90938800 JavaThread "Netty IO #1" daemon [_thread_in_native, id=9157, stack(0x8ccf8000,0x8cd49000)]
  0x90583800 JavaThread "File IO Thread" [_thread_blocked, id=21321, stack(0x8cd49000,0x8cd9a000)]
  0x8fcb8c00 JavaThread "Java2D Disposer" daemon [_thread_blocked, id=21317, stack(0x8d14b000,0x8d19c000)]
  0x8f197800 JavaThread "Netty IO #0" daemon [_thread_in_native, id=21305, stack(0x8d29c000,0x8d2ed000)]
  0x8f184400 JavaThread "Spigot Metrics Thread" daemon [_thread_blocked, id=21304, stack(0x8d2ed000,0x8d33e000)]
  0x8f187800 JavaThread "Spigot Watchdog Thread" [_thread_blocked, id=21303, stack(0x8d33e000,0x8d38f000)]
  0x93d1a800 JavaThread "Thread-7" [_thread_blocked, id=21295, stack(0x9080d000,0x9085e000)]
  0x93d17c00 JavaThread "Server console handler" daemon [_thread_in_native, id=21294, stack(0x9085e000,0x908af000)]
  0xb6907400 JavaThread "DestroyJavaVM" [_thread_blocked, id=21225, stack(0xb6a09000,0xb6a5a000)]
=>0x911c8c00 JavaThread "Server thread" [_thread_in_vm, id=21293, stack(0x908af000,0x90900000)]
  0x911c7c00 JavaThread "Server Infinisleeper" daemon [_thread_blocked, id=21292, stack(0x91729000,0x9177a000)]
  0x90c55400 JavaThread "Snooper Timer" daemon [_thread_blocked, id=21284, stack(0x917ae000,0x917ff000)]
  0xb6983c00 JavaThread "Service Thread" daemon [_thread_blocked, id=21231, stack(0x939dd000,0x93a2e000)]
  0xb6980800 JavaThread "C1 CompilerThread0" daemon [_thread_blocked, id=21230, stack(0x93a2e000,0x93aaf000)]
  0xb697f000 JavaThread "Signal Dispatcher" daemon [_thread_blocked, id=21229, stack(0x93aaf000,0x93b00000)]
  0xb6964c00 JavaThread "Finalizer" daemon [_thread_blocked, id=21228, stack(0x93e0e000,0x93e5f000)]
  0xb6962000 JavaThread "Reference Handler" daemon [_thread_blocked, id=21227, stack(0x93e5f000,0x93eb0000)]

Other Threads:
  0xb695d800 VMThread [stack: 0x93eb0000,0x93f31000] [id=21226]
  0xb6985c00 WatcherThread [stack: 0x9395c000,0x939dd000] [id=21232]

VM state:not at safepoint (normal execution)

VM Mutex/Monitor currently owned by a thread: None

Heap:
 def new generation   total 103296K, used 91747K [0x94600000, 0x9b610000, 0x9f0a0000)
  eden space 91840K,  92% used [0x94600000, 0x9988dc90, 0x99fb0000)
  from space 11456K,  62% used [0x99fb0000, 0x9a6bb220, 0x9aae0000)
  to   space 11456K,   0% used [0x9aae0000, 0x9aae0000, 0x9b610000)
 tenured generation   total 229376K, used 203289K [0x9f0a0000, 0xad0a0000, 0xb4600000)
   the space 229376K,  88% used [0x9f0a0000, 0xab7264d8, 0xab726600, 0xad0a0000)
 Metaspace       used 25373K, capacity 25638K, committed 25728K, reserved 25904K

Card table byte_map: [0xb46e0000,0xb47e1000] byte_map_base: 0xb423d000

Polling page: 0xb7747000

CodeCache: size=32768Kb used=3394Kb max_used=5891Kb free=29373Kb
 bounds [0xb4861000, 0xb4e29000, 0xb6861000]
 total_blobs=1882 nmethods=1587 adapters=224
 compilation: enabled

Compilation events (10 events):
Event: 64163.175 Thread 0xb6980800 16588             net.minecraft.entity.ai.attributes.ModifiableAttributeInstance::<init> (85 bytes)
Event: 64163.201 Thread 0xb6980800 nmethod 16588 0xb4c66308 code [0xb4c66460, 0xb4c667dc]
Event: 64163.588 Thread 0xb6980800 16589             org.bukkit.event.vehicle.VehicleUpdateEvent::getHandlers (4 bytes)
Event: 64163.609 Thread 0xb6980800 nmethod 16589 0xb49c9288 code [0xb49c9380, 0xb49c9400]
Event: 64163.719 Thread 0xb6980800 16590             net.minecraft.entity.DataWatcher::func_75688_b (111 bytes)
Event: 64163.742 Thread 0xb6980800 nmethod 16590 0xb4de0088 code [0xb4de0220, 0xb4de051c]
Event: 64163.891 Thread 0xb6980800 16591             java.util.Hashtable$KeySet::iterator (9 bytes)
Event: 64163.930 Thread 0xb6980800 nmethod 16591 0xb4db4648 code [0xb4db4760, 0xb4db486c]
Event: 64163.972 Thread 0xb6980800 16592             org.bukkit.plugin.SimplePluginManager::useTimings (5 bytes)
Event: 64163.979 Thread 0xb6980800 nmethod 16592 0xb498a908 code [0xb498aa00, 0xb498aa80]

GC Heap History (10 events):
Event: 64155.330 GC heap before
{Heap before GC invocations=859 (full 3):
 def new generation   total 103296K, used 98639K [0x94600000, 0x9b610000, 0x9f0a0000)
  eden space 91840K, 100% used [0x94600000, 0x99fb0000, 0x99fb0000)
  from space 11456K,  59% used [0x9aae0000, 0x9b183e80, 0x9b610000)
  to   space 11456K,   0% used [0x99fb0000, 0x99fb0000, 0x9aae0000)
 tenured generation   total 229376K, used 203278K [0x9f0a0000, 0xad0a0000, 0xb4600000)
   the space 229376K,  88% used [0x9f0a0000, 0xab723998, 0xab723a00, 0xad0a0000)
 Metaspace       used 25368K, capacity 25638K, committed 25728K, reserved 25904K
Event: 64155.364 GC heap after
Heap after GC invocations=860 (full 3):
 def new generation   total 103296K, used 4134K [0x94600000, 0x9b610000, 0x9f0a0000)
  eden space 91840K,   0% used [0x94600000, 0x94600000, 0x99fb0000)
  from space 11456K,  36% used [0x99fb0000, 0x9a3b9ad0, 0x9aae0000)
  to   space 11456K,   0% used [0x9aae0000, 0x9aae0000, 0x9b610000)
 tenured generation   total 229376K, used 203288K [0x9f0a0000, 0xad0a0000, 0xb4600000)
   the space 229376K,  88% used [0x9f0a0000, 0xab7262d0, 0xab726400, 0xad0a0000)
 Metaspace       used 25368K, capacity 25638K, committed 25728K, reserved 25904K
}
Event: 64158.579 GC heap before
{Heap before GC invocations=860 (full 3):
 def new generation   total 103296K, used 95974K [0x94600000, 0x9b610000, 0x9f0a0000)
  eden space 91840K, 100% used [0x94600000, 0x99fb0000, 0x99fb0000)
  from space 11456K,  36% used [0x99fb0000, 0x9a3b9ad0, 0x9aae0000)
  to   space 11456K,   0% used [0x9aae0000, 0x9aae0000, 0x9b610000)
 tenured generation   total 229376K, used 203288K [0x9f0a0000, 0xad0a0000, 0xb4600000)
   the space 229376K,  88% used [0x9f0a0000, 0xab7262d0, 0xab726400, 0xad0a0000)
 Metaspace       used 25368K, capacity 25638K, committed 25728K, reserved 25904K
Event: 64158.648 GC heap after
Heap after GC invocations=861 (full 3):
 def new generation   total 103296K, used 6260K [0x94600000, 0x9b610000, 0x9f0a0000)
  eden space 91840K,   0% used [0x94600000, 0x94600000, 0x99fb0000)
  from space 11456K,  54% used [0x9aae0000, 0x9b0fd1c0, 0x9b610000)
  to   space 11456K,   0% used [0x99fb0000, 0x99fb0000, 0x9aae0000)
 tenured generation   total 229376K, used 203288K [0x9f0a0000, 0xad0a0000, 0xb4600000)
   the space 229376K,  88% used [0x9f0a0000, 0xab7262d0, 0xab726400, 0xad0a0000)
 Metaspace       used 25368K, capacity 25638K, committed 25728K, reserved 25904K
}
Event: 64159.111 GC heap before
{Heap before GC invocations=861 (full 3):
 def new generation   total 103296K, used 98100K [0x94600000, 0x9b610000, 0x9f0a0000)
  eden space 91840K, 100% used [0x94600000, 0x99fb0000, 0x99fb0000)
  from space 11456K,  54% used [0x9aae0000, 0x9b0fd1c0, 0x9b610000)
  to   space 11456K,   0% used [0x99fb0000, 0x99fb0000, 0x9aae0000)
 tenured generation   total 229376K, used 203288K [0x9f0a0000, 0xad0a0000, 0xb4600000)
   the space 229376K,  88% used [0x9f0a0000, 0xab7262d0, 0xab726400, 0xad0a0000)
 Metaspace       used 25368K, capacity 25638K, committed 25728K, reserved 25904K
Event: 64159.133 GC heap after
Heap after GC invocations=862 (full 3):
 def new generation   total 103296K, used 4385K [0x94600000, 0x9b610000, 0x9f0a0000)
  eden space 91840K,   0% used [0x94600000, 0x94600000, 0x99fb0000)
  from space 11456K,  38% used [0x99fb0000, 0x9a3f8650, 0x9aae0000)
  to   space 11456K,   0% used [0x9aae0000, 0x9aae0000, 0x9b610000)
 tenured generation   total 229376K, used 203289K [0x9f0a0000, 0xad0a0000, 0xb4600000)
   the space 229376K,  88% used [0x9f0a0000, 0xab7264d8, 0xab726600, 0xad0a0000)
 Metaspace       used 25368K, capacity 25638K, committed 25728K, reserved 25904K
}
Event: 64161.358 GC heap before
{Heap before GC invocations=862 (full 3):
 def new generation   total 103296K, used 96225K [0x94600000, 0x9b610000, 0x9f0a0000)
  eden space 91840K, 100% used [0x94600000, 0x99fb0000, 0x99fb0000)
  from space 11456K,  38% used [0x99fb0000, 0x9a3f8650, 0x9aae0000)
  to   space 11456K,   0% used [0x9aae0000, 0x9aae0000, 0x9b610000)
 tenured generation   total 229376K, used 203289K [0x9f0a0000, 0xad0a0000, 0xb4600000)
   the space 229376K,  88% used [0x9f0a0000, 0xab7264d8, 0xab726600, 0xad0a0000)
 Metaspace       used 25373K, capacity 25638K, committed 25728K, reserved 25904K
Event: 64161.451 GC heap after
Heap after GC invocations=863 (full 3):
 def new generation   total 103296K, used 5064K [0x94600000, 0x9b610000, 0x9f0a0000)
  eden space 91840K,   0% used [0x94600000, 0x94600000, 0x99fb0000)
  from space 11456K,  44% used [0x9aae0000, 0x9afd22b0, 0x9b610000)
  to   space 11456K,   0% used [0x99fb0000, 0x99fb0000, 0x9aae0000)
 tenured generation   total 229376K, used 203289K [0x9f0a0000, 0xad0a0000, 0xb4600000)
   the space 229376K,  88% used [0x9f0a0000, 0xab7264d8, 0xab726600, 0xad0a0000)
 Metaspace       used 25373K, capacity 25638K, committed 25728K, reserved 25904K
}
Event: 64163.633 GC heap before
{Heap before GC invocations=863 (full 3):
 def new generation   total 103296K, used 96904K [0x94600000, 0x9b610000, 0x9f0a0000)
  eden space 91840K, 100% used [0x94600000, 0x99fb0000, 0x99fb0000)
  from space 11456K,  44% used [0x9aae0000, 0x9afd22b0, 0x9b610000)
  to   space 11456K,   0% used [0x99fb0000, 0x99fb0000, 0x9aae0000)
 tenured generation   total 229376K, used 203289K [0x9f0a0000, 0xad0a0000, 0xb4600000)
   the space 229376K,  88% used [0x9f0a0000, 0xab7264d8, 0xab726600, 0xad0a0000)
 Metaspace       used 25373K, capacity 25638K, committed 25728K, reserved 25904K
Event: 64163.647 GC heap after
Heap after GC invocations=864 (full 3):
 def new generation   total 103296K, used 7212K [0x94600000, 0x9b610000, 0x9f0a0000)
  eden space 91840K,   0% used [0x94600000, 0x94600000, 0x99fb0000)
  from space 11456K,  62% used [0x99fb0000, 0x9a6bb220, 0x9aae0000)
  to   space 11456K,   0% used [0x9aae0000, 0x9aae0000, 0x9b610000)
 tenured generation   total 229376K, used 203289K [0x9f0a0000, 0xad0a0000, 0xb4600000)
   the space 229376K,  88% used [0x9f0a0000, 0xab7264d8, 0xab726600, 0xad0a0000)
 Metaspace       used 25373K, capacity 25638K, committed 25728K, reserved 25904K
}

Deoptimization events (0 events):
No events

Internal exceptions (10 events):
Event: 59486.667 Thread 0x8f184400 Exception <a 'java/security/PrivilegedActionException'> (0x99b9f050) thrown at [/HUDSON/workspace/8-2-build-linux-i586/jdk8u131/8869/hotspot/src/share/vm/prims/jvm.cpp, line 1390]
Event: 60023.237 Thread 0x8f184400 Exception <a 'sun/net/ConnectionResetException': Connection reset> (0x9595ec20) thrown at [/HUDSON/workspace/8-2-build-linux-i586/jdk8u131/8869/hotspot/src/share/vm/prims/jni.cpp, line 735]
Event: 60023.738 Thread 0x8f184400 Exception <a 'java/security/PrivilegedActionException'> (0x9596b170) thrown at [/HUDSON/workspace/8-2-build-linux-i586/jdk8u131/8869/hotspot/src/share/vm/prims/jvm.cpp, line 1390]
Event: 60623.302 Thread 0x8f184400 Exception <a 'java/security/PrivilegedActionException'> (0x971af898) thrown at [/HUDSON/workspace/8-2-build-linux-i586/jdk8u131/8869/hotspot/src/share/vm/prims/jvm.cpp, line 1390]
Event: 61222.853 Thread 0x8f184400 Exception <a 'sun/net/ConnectionResetException': Connection reset> (0x98988fb8) thrown at [/HUDSON/workspace/8-2-build-linux-i586/jdk8u131/8869/hotspot/src/share/vm/prims/jni.cpp, line 735]
Event: 61224.916 Thread 0x8f184400 Exception <a 'java/security/PrivilegedActionException'> (0x98995f98) thrown at [/HUDSON/workspace/8-2-build-linux-i586/jdk8u131/8869/hotspot/src/share/vm/prims/jvm.cpp, line 1390]
Event: 61822.732 Thread 0x8f184400 Exception <a 'java/security/PrivilegedActionException'> (0x9493b928) thrown at [/HUDSON/workspace/8-2-build-linux-i586/jdk8u131/8869/hotspot/src/share/vm/prims/jvm.cpp, line 1390]
Event: 62424.302 Thread 0x8f184400 Exception <a 'java/security/PrivilegedActionException'> (0x962ff260) thrown at [/HUDSON/workspace/8-2-build-linux-i586/jdk8u131/8869/hotspot/src/share/vm/prims/jvm.cpp, line 1390]
Event: 63024.316 Thread 0x8f184400 Exception <a 'java/security/PrivilegedActionException'> (0x97ade008) thrown at [/HUDSON/workspace/8-2-build-linux-i586/jdk8u131/8869/hotspot/src/share/vm/prims/jvm.cpp, line 1390]
Event: 63626.421 Thread 0x8f184400 Exception <a 'java/security/PrivilegedActionException'> (0x9510dd68) thrown at [/HUDSON/workspace/8-2-build-linux-i586/jdk8u131/8869/hotspot/src/share/vm/prims/jvm.cpp, line 1390]

Events (10 events):
Event: 64163.017 Thread 0xb6980800 flushing nmethod 0xb4b9a788
Event: 64163.028 Thread 0xb6980800 flushing nmethod 0xb4c660c8
Event: 64163.029 Thread 0xb6980800 flushing nmethod 0xb4db4648
Event: 64163.632 Executing VM operation: GenCollectForAllocation
Event: 64163.648 Executing VM operation: GenCollectForAllocation done
Event: 64163.746 Thread 0xb6980800 flushing nmethod 0xb494fcc8
Event: 64163.747 Thread 0xb6980800 flushing nmethod 0xb498a908
Event: 64163.747 Thread 0xb6980800 flushing nmethod 0xb49bb208
Event: 64163.933 Thread 0xb6980800 flushing nmethod 0xb4b53208
Event: 64163.980 Thread 0xb6980800 flushing nmethod 0xb4bdac08


Dynamic libraries:
08048000-08049000 r-xp 00000000 fc:01 501474     /usr/lib/jvm/java-8-oracle/jre/bin/java
08049000-0804a000 rw-p 00000000 fc:01 501474     /usr/lib/jvm/java-8-oracle/jre/bin/java
089ef000-09318000 rw-p 00000000 00:00 0          [heap]
8c8c0000-8c8c6000 r--s 0003f000 fc:01 501423     /usr/lib/jvm/java-8-oracle/jre/lib/ext/sunjce_provider.jar
8c8c6000-8c9a6000 rw-p 00000000 00:00 0 
8c9c6000-8c9f9000 r-xp 00000000 fc:01 535555     /usr/lib/jvm/java-8-oracle/jre/lib/i386/libsunec.so
8c9f9000-8c9fd000 rw-p 00032000 fc:01 535555     /usr/lib/jvm/java-8-oracle/jre/lib/i386/libsunec.so
8c9fd000-8ca01000 rw-p 00000000 00:00 0 
8ca01000-8ca05000 r--s 0003a000 fc:01 501426     /usr/lib/jvm/java-8-oracle/jre/lib/ext/sunpkcs11.jar
8ca05000-8cb05000 rw-p 00000000 00:00 0 
8cb05000-8cb08000 ---p 00000000 00:00 0 
8cb08000-8cb56000 rw-p 00000000 00:00 0 
8cb56000-8cb59000 ---p 00000000 00:00 0 
8cb59000-8cba7000 rw-p 00000000 00:00 0 
8cba7000-8cbaa000 ---p 00000000 00:00 0 
8cbaa000-8ccf8000 rw-p 00000000 00:00 0 
8ccf8000-8ccfb000 ---p 00000000 00:00 0 
8ccfb000-8cd49000 rw-p 00000000 00:00 0 
8cd49000-8cd4c000 ---p 00000000 00:00 0 
8cd4c000-8ce9a000 rw-p 00000000 00:00 0 
8ce9a000-8cf20000 r-xp 00000000 fc:01 535529     /usr/lib/jvm/java-8-oracle/jre/lib/i386/libawt.so
8cf20000-8cf27000 rw-p 00086000 fc:01 535529     /usr/lib/jvm/java-8-oracle/jre/lib/i386/libawt.so
8cf27000-8d04b000 rw-p 00000000 00:00 0 
8d04b000-8d14b000 rw-p 00000000 00:00 0 
8d14b000-8d14e000 ---p 00000000 00:00 0 
8d14e000-8d29c000 rw-p 00000000 00:00 0 
8d29c000-8d29f000 ---p 00000000 00:00 0 
8d29f000-8d2ed000 rw-p 00000000 00:00 0 
8d2ed000-8d2f0000 ---p 00000000 00:00 0 
8d2f0000-8d33e000 rw-p 00000000 00:00 0 
8d33e000-8d341000 ---p 00000000 00:00 0 
8d341000-8d48f000 rw-p 00000000 00:00 0 
8d48f000-8d58f000 rw-p 00000000 00:00 0 
8d58f000-8d5a3000 r-xp 00000000 fc:01 475849     /lib/i386-linux-gnu/libresolv-2.23.so
8d5a3000-8d5a4000 ---p 00014000 fc:01 475849     /lib/i386-linux-gnu/libresolv-2.23.so
8d5a4000-8d5a5000 r--p 00014000 fc:01 475849     /lib/i386-linux-gnu/libresolv-2.23.so
8d5a5000-8d5a6000 rw-p 00015000 fc:01 475849     /lib/i386-linux-gnu/libresolv-2.23.so
8d5a6000-8d5a8000 rw-p 00000000 00:00 0 
8d5a8000-8d5ad000 r-xp 00000000 fc:01 475817     /lib/i386-linux-gnu/libnss_dns-2.23.so
8d5ad000-8d5ae000 r--p 00004000 fc:01 475817     /lib/i386-linux-gnu/libnss_dns-2.23.so
8d5ae000-8d5af000 rw-p 00005000 fc:01 475817     /lib/i386-linux-gnu/libnss_dns-2.23.so
8d5af000-8d5b2000 ---p 00000000 00:00 0 
8d5b2000-8d600000 rw-p 00000000 00:00 0 
8d600000-8d6fe000 rw-p 00000000 00:00 0 
8d6fe000-8d700000 ---p 00000000 00:00 0 
8d700000-8d800000 rw-p 00000000 00:00 0 
8d800000-8d8fe000 rw-p 00000000 00:00 0 
8d8fe000-8d900000 ---p 00000000 00:00 0 
8d900000-8d9fe000 rw-p 00000000 00:00 0 
8d9fe000-8da00000 ---p 00000000 00:00 0 
8da00000-8dafd000 rw-p 00000000 00:00 0 
8dafd000-8db00000 ---p 00000000 00:00 0 
8db00000-8dbfe000 rw-p 00000000 00:00 0 
8dbfe000-8dc00000 ---p 00000000 00:00 0 
8dc00000-8dcfe000 rw-p 00000000 00:00 0 
8dcfe000-8dd00000 ---p 00000000 00:00 0 
8dd00000-8ddfe000 rw-p 00000000 00:00 0 
8ddfe000-8de00000 ---p 00000000 00:00 0 
8de00000-8defe000 rw-p 00000000 00:00 0 
8defe000-8df00000 ---p 00000000 00:00 0 
8df00000-8dffe000 rw-p 00000000 00:00 0 
8dffe000-8e000000 ---p 00000000 00:00 0 
8e000000-8e0fe000 rw-p 00000000 00:00 0 
8e0fe000-8e100000 ---p 00000000 00:00 0 
8e100000-8e1fe000 rw-p 00000000 00:00 0 
8e1fe000-8e200000 ---p 00000000 00:00 0 
8e200000-8e2fe000 rw-p 00000000 00:00 0 
8e2fe000-8e300000 ---p 00000000 00:00 0 
8e300000-8e3fe000 rw-p 00000000 00:00 0 
8e3fe000-8e400000 ---p 00000000 00:00 0 
8e400000-8e4fe000 rw-p 00000000 00:00 0 
8e4fe000-8e500000 ---p 00000000 00:00 0 
8e500000-8e5fe000 rw-p 00000000 00:00 0 
8e5fe000-8e600000 ---p 00000000 00:00 0 
8e600000-8e6fe000 rw-p 00000000 00:00 0 
8e6fe000-8e700000 ---p 00000000 00:00 0 
8e700000-8e7fe000 rw-p 00000000 00:00 0 
8e7fe000-8e800000 ---p 00000000 00:00 0 
8e800000-8e8fe000 rw-p 00000000 00:00 0 
8e8fe000-8e900000 ---p 00000000 00:00 0 
8e900000-8e9fe000 rw-p 00000000 00:00 0 
8e9fe000-8ea00000 ---p 00000000 00:00 0 
8ea00000-8eafe000 rw-p 00000000 00:00 0 
8eafe000-8eb00000 ---p 00000000 00:00 0 
8eb00000-8ebfe000 rw-p 00000000 00:00 0 
8ebfe000-8ec00000 ---p 00000000 00:00 0 
8ec00000-8ecfe000 rw-p 00000000 00:00 0 
8ecfe000-8ed00000 ---p 00000000 00:00 0 
8ed00000-8edfe000 rw-p 00000000 00:00 0 
8edfe000-8ee00000 ---p 00000000 00:00 0 
8ee00000-8eefe000 rw-p 00000000 00:00 0 
8eefe000-8ef00000 ---p 00000000 00:00 0 
8ef00000-8effe000 rw-p 00000000 00:00 0 
8effe000-8f000000 ---p 00000000 00:00 0 
8f000000-8f0fe000 rw-p 00000000 00:00 0 
8f0fe000-8f100000 ---p 00000000 00:00 0 
8f100000-8f1fe000 rw-p 00000000 00:00 0 
8f1fe000-8f200000 ---p 00000000 00:00 0 
8f200000-8f2fe000 rw-p 00000000 00:00 0 
8f2fe000-8f300000 ---p 00000000 00:00 0 
8f300000-8f3fe000 rw-p 00000000 00:00 0 
8f3fe000-8f400000 ---p 00000000 00:00 0 
8f400000-8f4fe000 rw-p 00000000 00:00 0 
8f4fe000-8f500000 ---p 00000000 00:00 0 
8f500000-8f5fe000 rw-p 00000000 00:00 0 
8f5fe000-8f600000 ---p 00000000 00:00 0 
8f600000-8f6fe000 rw-p 00000000 00:00 0 
8f6fe000-8f700000 ---p 00000000 00:00 0 
8f700000-8f7fe000 rw-p 00000000 00:00 0 
8f7fe000-8f800000 ---p 00000000 00:00 0 
8f800000-8f8fe000 rw-p 00000000 00:00 0 
8f8fe000-8f900000 ---p 00000000 00:00 0 
8f900000-8f9fe000 rw-p 00000000 00:00 0 
8f9fe000-8fa00000 ---p 00000000 00:00 0 
8fa00000-8fafe000 rw-p 00000000 00:00 0 
8fafe000-8fb00000 ---p 00000000 00:00 0 
8fb00000-8fbfe000 rw-p 00000000 00:00 0 
8fbfe000-8fc00000 ---p 00000000 00:00 0 
8fc00000-8fcfe000 rw-p 00000000 00:00 0 
8fcfe000-8fd00000 ---p 00000000 00:00 0 
8fd00000-8fdfe000 rw-p 00000000 00:00 0 
8fdfe000-8fe00000 ---p 00000000 00:00 0 
8fe00000-8fefe000 rw-p 00000000 00:00 0 
8fefe000-8ff00000 ---p 00000000 00:00 0 
8ff00000-8fffe000 rw-p 00000000 00:00 0 
8fffe000-90000000 ---p 00000000 00:00 0 
90000000-900fe000 rw-p 00000000 00:00 0 
900fe000-90100000 ---p 00000000 00:00 0 
90100000-901fe000 rw-p 00000000 00:00 0 
901fe000-90200000 ---p 00000000 00:00 0 
90200000-902fe000 rw-p 00000000 00:00 0 
902fe000-90300000 ---p 00000000 00:00 0 
90300000-903fe000 rw-p 00000000 00:00 0 
903fe000-90400000 ---p 00000000 00:00 0 
90400000-904fe000 rw-p 00000000 00:00 0 
904fe000-90500000 ---p 00000000 00:00 0 
90500000-905fe000 rw-p 00000000 00:00 0 
905fe000-90600000 ---p 00000000 00:00 0 
90600000-906fe000 rw-p 00000000 00:00 0 
906fe000-90700000 ---p 00000000 00:00 0 
90703000-90709000 r-xp 00000000 fc:01 535550     /usr/lib/jvm/java-8-oracle/jre/lib/i386/libawt_headless.so
90709000-9070a000 rw-p 00005000 fc:01 535550     /usr/lib/jvm/java-8-oracle/jre/lib/i386/libawt_headless.so
9070a000-9070d000 r--s 0001a000 fc:01 450870     /usr/lib/jvm/java-8-oracle/jre/lib/jce.jar
9070d000-9080d000 rw-p 00000000 00:00 0 
9080d000-90810000 ---p 00000000 00:00 0 
90810000-9085e000 rw-p 00000000 00:00 0 
9085e000-90861000 ---p 00000000 00:00 0 
90861000-908af000 rw-p 00000000 00:00 0 
908af000-908b2000 ---p 00000000 00:00 0 
908b2000-90900000 rw-p 00000000 00:00 0 
90900000-909fd000 rw-p 00000000 00:00 0 
909fd000-90a00000 ---p 00000000 00:00 0 
90a00000-90b00000 rw-p 00000000 00:00 0 
90b00000-90c00000 rw-p 00000000 00:00 0 
90c00000-90cbc000 rw-p 00000000 00:00 0 
90cbc000-90d00000 ---p 00000000 00:00 0 
90d00000-90dfa000 rw-p 00000000 00:00 0 
90dfa000-90e00000 ---p 00000000 00:00 0 
90e00000-90f00000 rw-p 00000000 00:00 0 
90f00000-91000000 rw-p 00000000 00:00 0 
91000000-91100000 rw-p 00000000 00:00 0 
91100000-91200000 rw-p 00000000 00:00 0 
91200000-91300000 rw-p 00000000 00:00 0 
91300000-91400000 rw-p 00000000 00:00 0 
91400000-91500000 rw-p 00000000 00:00 0 
91500000-91600000 rw-p 00000000 00:00 0 
91600000-916f0000 rw-p 00000000 00:00 0 
916f0000-91700000 ---p 00000000 00:00 0 
91700000-9171c000 r--s 00393000 fc:01 501421     /usr/lib/jvm/java-8-oracle/jre/lib/ext/cldrdata.jar
9171c000-91726000 r--s 00116000 fc:01 501425     /usr/lib/jvm/java-8-oracle/jre/lib/ext/localedata.jar
91726000-91729000 r--s 00016000 fc:01 75817      /home/ubuntu/mc-mod-server/mods/更多村庄[1.7.10]MoVillages-1.4.2.jar
91729000-9172c000 ---p 00000000 00:00 0 
9172c000-9177a000 rw-p 00000000 00:00 0 
9177a000-9177d000 ---p 00000000 00:00 0 
9177d000-91791000 rw-p 00000000 00:00 0 
91791000-917ad000 r-xp 00000000 fc:01 475189     /lib/i386-linux-gnu/libgcc_s.so.1
917ad000-917ae000 rw-p 0001b000 fc:01 475189     /lib/i386-linux-gnu/libgcc_s.so.1
917ae000-917b1000 ---p 00000000 00:00 0 
917b1000-93400000 rw-p 00000000 00:00 0 
93400000-934ef000 rw-p 00000000 00:00 0 
934ef000-93500000 ---p 00000000 00:00 0 
93500000-93502000 r--s 00009000 fc:01 501422     /usr/lib/jvm/java-8-oracle/jre/lib/ext/sunec.jar
93502000-9350b000 r--s 0004e000 fc:01 75830      /home/ubuntu/mc-mod-server/mods/G键合成CraftGuide-1.6.8.2-forge[hukk汉化].jar
9350b000-93510000 r--s 0009a000 fc:01 450892     /usr/lib/jvm/java-8-oracle/jre/lib/jsse.jar
93510000-9352f000 r-xp 00000000 fc:01 535546     /usr/lib/jvm/java-8-oracle/jre/lib/i386/libunpack.so
9352f000-93532000 rw-p 0001e000 fc:01 535546     /usr/lib/jvm/java-8-oracle/jre/lib/i386/libunpack.so
93532000-93536000 rw-p 00000000 00:00 0 
93536000-93549000 r--s 00345000 fc:01 450882     /usr/lib/jvm/java-8-oracle/jre/lib/resources.jar
93549000-9354e000 r--s 001bb000 fc:01 75841      /home/ubuntu/mc-mod-server/mods/拔剑mc1.7.10badaojianMOD.jar
9354e000-93563000 r-xp 00000000 fc:01 535572     /usr/lib/jvm/java-8-oracle/jre/lib/i386/libnet.so
93563000-93564000 rw-p 00015000 fc:01 535572     /usr/lib/jvm/java-8-oracle/jre/lib/i386/libnet.so
93564000-93600000 r--s 0088d000 fc:01 75726      /home/ubuntu/mc-mod-server/minecraft_server.1.7.10.jar
93600000-936fc000 rw-p 00000000 00:00 0 
936fc000-93700000 ---p 00000000 00:00 0 
93700000-93702000 r--s 00006000 fc:01 75832      /home/ubuntu/mc-mod-server/mods/多彩聊天colorchat-1.11.2-2.0.42-universal.jar
93702000-93711000 r-xp 00000000 fc:01 535536     /usr/lib/jvm/java-8-oracle/jre/lib/i386/libnio.so
93711000-93712000 rw-p 0000e000 fc:01 535536     /usr/lib/jvm/java-8-oracle/jre/lib/i386/libnio.so
93712000-9371a000 r-xp 00000000 fc:01 535521     /usr/lib/jvm/java-8-oracle/jre/lib/i386/libmanagement.so
9371a000-9371b000 rw-p 00007000 fc:01 535521     /usr/lib/jvm/java-8-oracle/jre/lib/i386/libmanagement.so
9371b000-9371e000 r--s 0000b000 fc:01 75690      /home/ubuntu/mc-mod-server/libraries/javax/persistence/persistence-api/1.0.2/persistence-api-1.0.2.jar
9371e000-93725000 r--s 000b7000 fc:01 75698      /home/ubuntu/mc-mod-server/libraries/mysql/mysql-connector-java/5.1.14/mysql-connector-java-5.1.14.jar
93725000-9372a000 r--s 00309000 fc:01 75667      /home/ubuntu/mc-mod-server/libraries/org/xerial/sqlite-jdbc/3.7.2/sqlite-jdbc-3.7.2.jar
9372a000-9372e000 r--s 0001b000 fc:01 75717      /home/ubuntu/mc-mod-server/libraries/net/sourceforge/argo/argo/2.25/argo-2.25.jar
9372e000-93731000 r--s 00019000 fc:01 75663      /home/ubuntu/mc-mod-server/libraries/org/fusesource/jansi/jansi/1.8/jansi-1.8.jar
93731000-93755000 r--s 001bf000 fc:01 75671      /home/ubuntu/mc-mod-server/libraries/org/avaje/ebean/2.7.3/ebean-2.7.3.jar
93755000-9375a000 r--s 00041000 fc:01 75725      /home/ubuntu/mc-mod-server/libraries/commons-lang/commons-lang/2.6/commons-lang-2.6.jar
9375a000-93760000 r--s 0003b000 fc:01 75629      /home/ubuntu/mc-mod-server/libraries/org/yaml/snakeyaml/1.9/snakeyaml-1.9.jar
93760000-9376a000 r--s 00098000 fc:01 75652      /home/ubuntu/mc-mod-server/libraries/org/scala-lang/scala-xml_2.11/1.0.2/scala-xml_2.11-1.0.2.jar
9376a000-93775000 r--s 000a9000 fc:01 75633      /home/ubuntu/mc-mod-server/libraries/org/scala-lang/scala-swing_2.11/1.0.1/scala-swing_2.11-1.0.1.jar
93775000-937c0000 r--s 003eb000 fc:01 75658      /home/ubuntu/mc-mod-server/libraries/org/scala-lang/scala-reflect/2.11.1/scala-reflect-2.11.1.jar
937c0000-93819000 r--s 00502000 fc:01 75646      /home/ubuntu/mc-mod-server/libraries/org/scala-lang/scala-library/2.11.1/scala-library-2.11.1.jar
93819000-93909000 r--s 00c03000 fc:01 75655      /home/ubuntu/mc-mod-server/libraries/org/scala-lang/scala-compiler/2.11.1/scala-compiler-2.11.1.jar
93909000-9395c000 r--s 007f9000 fc:01 74542      /home/ubuntu/mc-mod-server/cauldron.jar
9395c000-9395d000 ---p 00000000 00:00 0 
9395d000-939dd000 rw-p 00000000 00:00 0 
939dd000-939e0000 ---p 00000000 00:00 0 
939e0000-93a2e000 rw-p 00000000 00:00 0 
93a2e000-93a31000 ---p 00000000 00:00 0 
93a31000-93aaf000 rw-p 00000000 00:00 0 
93aaf000-93ab2000 ---p 00000000 00:00 0 
93ab2000-93b00000 rw-p 00000000 00:00 0 
93b00000-93d00000 r--p 00000000 fc:01 403194     /usr/lib/locale/locale-archive
93d00000-93dfa000 rw-p 00000000 00:00 0 
93dfa000-93e00000 ---p 00000000 00:00 0 
93e00000-93e01000 r--s 00001000 fc:01 75851      /home/ubuntu/mc-mod-server/plugins/服务器中文说明MOTDColor.jar
93e01000-93e03000 r--s 00010000 fc:01 75703      /home/ubuntu/mc-mod-server/libraries/net/md-5/SpecialSource/1.7-SNAPSHOT/SpecialSource-1.7-SNAPSHOT.jar
93e03000-93e0e000 r--s 0005f000 fc:01 75636      /home/ubuntu/mc-mod-server/libraries/org/scala-lang/scala-parser-combinators_2.11/1.0.1/scala-parser-combinators_2.11-1.0.1.jar
93e0e000-93e11000 ---p 00000000 00:00 0 
93e11000-93e5f000 rw-p 00000000 00:00 0 
93e5f000-93e62000 ---p 00000000 00:00 0 
93e62000-93eb0000 rw-p 00000000 00:00 0 
93eb0000-93eb1000 ---p 00000000 00:00 0 
93eb1000-93f80000 rw-p 00000000 00:00 0 
93f80000-94159000 r--s 03d40000 fc:01 450888     /usr/lib/jvm/java-8-oracle/jre/lib/rt.jar
94159000-945fa000 rw-p 00000000 00:00 0 
945fa000-94600000 ---p 00000000 00:00 0 
94600000-9b610000 rw-p 00000000 00:00 0 
9b610000-9f0a0000 ---p 00000000 00:00 0 
9f0a0000-ad0a0000 rw-p 00000000 00:00 0 
ad0a0000-b4600000 ---p 00000000 00:00 0 
b4600000-b4601000 r--s 00003000 fc:01 75677      /home/ubuntu/mc-mod-server/libraries/com/googlecode/json-simple/json-simple/1.1/json-simple-1.1.jar
b4601000-b4604000 r--s 0002a000 fc:01 75721      /home/ubuntu/mc-mod-server/libraries/jline/jline/2.6/jline-2.6.jar
b4604000-b4606000 r--s 0000d000 fc:01 75708      /home/ubuntu/mc-mod-server/libraries/net/sf/jopt-simple/jopt-simple/4.5/jopt-simple-4.5.jar
b4606000-b460c000 r--s 0002e000 fc:01 75640      /home/ubuntu/mc-mod-server/libraries/org/scala-lang/plugins/scala-continuations-plugin_2.11.1/1.0.2/scala-continuations-plugin_2.11.1-1.0.2.jar
b460c000-b4610000 r--s 00032000 fc:01 75685      /home/ubuntu/mc-mod-server/libraries/com/typesafe/config/1.2.1/config-1.2.1.jar
b4610000-b4635000 r--s 0024b000 fc:01 75682      /home/ubuntu/mc-mod-server/libraries/com/typesafe/akka/akka-actor_2.11/2.3.3/akka-actor_2.11-2.3.3.jar
b4635000-b46a6000 rw-p 00000000 00:00 0 
b46a6000-b46e0000 ---p 00000000 00:00 0 
b46e0000-b4719000 rw-p 00000000 00:00 0 
b4719000-b4735000 ---p 00000000 00:00 0 
b4735000-b47a6000 rw-p 00000000 00:00 0 
b47a6000-b47e0000 ---p 00000000 00:00 0 
b47e0000-b47f9000 rw-p 00000000 00:00 0 
b47f9000-b4861000 ---p 00000000 00:00 0 
b4861000-b4e29000 rwxp 00000000 00:00 0 
b4e29000-b6861000 ---p 00000000 00:00 0 
b6861000-b687a000 r-xp 00000000 fc:01 535574     /usr/lib/jvm/java-8-oracle/jre/lib/i386/libzip.so
b687a000-b687b000 rw-p 00019000 fc:01 535574     /usr/lib/jvm/java-8-oracle/jre/lib/i386/libzip.so
b687b000-b6883000 rw-s 00000000 fc:01 16432      /tmp/hsperfdata_ubuntu/21224
b6883000-b688e000 r-xp 00000000 fc:01 475823     /lib/i386-linux-gnu/libnss_files-2.23.so
b688e000-b688f000 r--p 0000a000 fc:01 475823     /lib/i386-linux-gnu/libnss_files-2.23.so
b688f000-b6890000 rw-p 0000b000 fc:01 475823     /lib/i386-linux-gnu/libnss_files-2.23.so
b6890000-b6896000 rw-p 00000000 00:00 0 
b6896000-b68a1000 r-xp 00000000 fc:01 475835     /lib/i386-linux-gnu/libnss_nis-2.23.so
b68a1000-b68a2000 r--p 0000a000 fc:01 475835     /lib/i386-linux-gnu/libnss_nis-2.23.so
b68a2000-b68a3000 rw-p 0000b000 fc:01 475835     /lib/i386-linux-gnu/libnss_nis-2.23.so
b68a3000-b68ba000 r-xp 00000000 fc:01 475815     /lib/i386-linux-gnu/libnsl-2.23.so
b68ba000-b68bb000 r--p 00016000 fc:01 475815     /lib/i386-linux-gnu/libnsl-2.23.so
b68bb000-b68bc000 rw-p 00017000 fc:01 475815     /lib/i386-linux-gnu/libnsl-2.23.so
b68bc000-b68be000 rw-p 00000000 00:00 0 
b68be000-b68c6000 r-xp 00000000 fc:01 475846     /lib/i386-linux-gnu/libnss_compat-2.23.so
b68c6000-b68c7000 r--p 00007000 fc:01 475846     /lib/i386-linux-gnu/libnss_compat-2.23.so
b68c7000-b68c8000 rw-p 00008000 fc:01 475846     /lib/i386-linux-gnu/libnss_compat-2.23.so
b68c8000-b68ca000 r--s 00005000 fc:01 75643      /home/ubuntu/mc-mod-server/libraries/org/scala-lang/plugins/scala-continuations-library_2.11/1.0.2/scala-continuations-library_2.11-1.0.2.jar
b68ca000-b68cf000 r--s 00036000 fc:01 75625      /home/ubuntu/mc-mod-server/libraries/org/ow2/asm/asm-all/5.0.3/asm-all-5.0.3.jar
b68cf000-b68f3000 r-xp 00000000 fc:01 535569     /usr/lib/jvm/java-8-oracle/jre/lib/i386/libjava.so
b68f3000-b68f4000 rw-p 00024000 fc:01 535569     /usr/lib/jvm/java-8-oracle/jre/lib/i386/libjava.so
b68f4000-b68ff000 r-xp 00000000 fc:01 535528     /usr/lib/jvm/java-8-oracle/jre/lib/i386/libverify.so
b68ff000-b6900000 rw-p 0000b000 fc:01 535528     /usr/lib/jvm/java-8-oracle/jre/lib/i386/libverify.so
b6900000-b69fe000 rw-p 00000000 00:00 0 
b69fe000-b6a00000 ---p 00000000 00:00 0 
b6a00000-b6a07000 r-xp 00000000 fc:01 475841     /lib/i386-linux-gnu/librt-2.23.so
b6a07000-b6a08000 r--p 00006000 fc:01 475841     /lib/i386-linux-gnu/librt-2.23.so
b6a08000-b6a09000 rw-p 00007000 fc:01 475841     /lib/i386-linux-gnu/librt-2.23.so
b6a09000-b6a0c000 ---p 00000000 00:00 0 
b6a0c000-b6a5a000 rw-p 00000000 00:00 0 
b6a5a000-b6aad000 r-xp 00000000 fc:01 475852     /lib/i386-linux-gnu/libm-2.23.so
b6aad000-b6aae000 r--p 00052000 fc:01 475852     /lib/i386-linux-gnu/libm-2.23.so
b6aae000-b6aaf000 rw-p 00053000 fc:01 475852     /lib/i386-linux-gnu/libm-2.23.so
b6aaf000-b7107000 r-xp 00000000 fc:01 560092     /usr/lib/jvm/java-8-oracle/jre/lib/i386/client/libjvm.so
b7107000-b712d000 rw-p 00657000 fc:01 560092     /usr/lib/jvm/java-8-oracle/jre/lib/i386/client/libjvm.so
b712d000-b7554000 rw-p 00000000 00:00 0 
b7554000-b7704000 r-xp 00000000 fc:01 475858     /lib/i386-linux-gnu/libc-2.23.so
b7704000-b7706000 r--p 001af000 fc:01 475858     /lib/i386-linux-gnu/libc-2.23.so
b7706000-b7707000 rw-p 001b1000 fc:01 475858     /lib/i386-linux-gnu/libc-2.23.so
b7707000-b770a000 rw-p 00000000 00:00 0 
b770a000-b770d000 r-xp 00000000 fc:01 475845     /lib/i386-linux-gnu/libdl-2.23.so
b770d000-b770e000 r--p 00002000 fc:01 475845     /lib/i386-linux-gnu/libdl-2.23.so
b770e000-b770f000 rw-p 00003000 fc:01 475845     /lib/i386-linux-gnu/libdl-2.23.so
b770f000-b7723000 r-xp 00000000 fc:01 583763     /usr/lib/jvm/java-8-oracle/jre/lib/i386/jli/libjli.so
b7723000-b7724000 rw-p 00014000 fc:01 583763     /usr/lib/jvm/java-8-oracle/jre/lib/i386/jli/libjli.so
b7724000-b773d000 r-xp 00000000 fc:01 475829     /lib/i386-linux-gnu/libpthread-2.23.so
b773d000-b773e000 r--p 00018000 fc:01 475829     /lib/i386-linux-gnu/libpthread-2.23.so
b773e000-b773f000 rw-p 00019000 fc:01 475829     /lib/i386-linux-gnu/libpthread-2.23.so
b773f000-b7741000 rw-p 00000000 00:00 0 
b7741000-b7742000 r--s 00001000 fc:01 75694      /home/ubuntu/mc-mod-server/libraries/lzma/lzma/0.0.1/lzma-0.0.1.jar
b7742000-b7744000 r--s 0000d000 fc:01 75649      /home/ubuntu/mc-mod-server/libraries/org/scala-lang/scala-actors-migration_2.11/1.1.0/scala-actors-migration_2.11-1.1.0.jar
b7744000-b7746000 r--s 00007000 fc:01 75712      /home/ubuntu/mc-mod-server/libraries/net/minecraft/launchwrapper/1.11/launchwrapper-1.11.jar
b7746000-b7747000 rw-p 00000000 00:00 0 
b7747000-b7748000 r--p 00000000 00:00 0 
b7748000-b774a000 rw-p 00000000 00:00 0 
b774a000-b774d000 r--p 00000000 00:00 0          [vvar]
b774d000-b774f000 r-xp 00000000 00:00 0          [vdso]
b774f000-b7771000 r-xp 00000000 fc:01 475816     /lib/i386-linux-gnu/ld-2.23.so
b7771000-b7772000 rw-p 00000000 00:00 0 
b7772000-b7773000 r--p 00022000 fc:01 475816     /lib/i386-linux-gnu/ld-2.23.so
b7773000-b7774000 rw-p 00023000 fc:01 475816     /lib/i386-linux-gnu/ld-2.23.so
bfafa000-bfb1b000 rw-p 00000000 00:00 0          [stack]

VM Arguments:
jvm_args: -Xmx512M -Xms128M 
java_command: cauldron.jar PAUSE
java_class_path (initial): cauldron.jar
Launcher Type: SUN_STANDARD

Environment Variables:
JAVA_HOME=/usr/lib/jvm/java-8-oracle
PATH=/home/ubuntu/bin:/home/ubuntu/.local/bin:/usr/local/sbin:/usr/local/bin:/usr/sbin:/usr/bin:/sbin:/bin:/usr/games:/usr/local/games:/snap/bin:/usr/lib/jvm/java-8-oracle/bin:/usr/lib/jvm/java-8-oracle/db/bin:/usr/lib/jvm/java-8-oracle/jre/bin
SHELL=/bin/bash

Signal Handlers:
SIGSEGV: [libjvm.so+0x5bdc10], sa_mask[0]=11111111011111111101111111111110, sa_flags=SA_RESTART|SA_SIGINFO
SIGBUS: [libjvm.so+0x5bdc10], sa_mask[0]=11111111011111111101111111111110, sa_flags=SA_RESTART|SA_SIGINFO
SIGFPE: [libjvm.so+0x49cb60], sa_mask[0]=11111111011111111101111111111110, sa_flags=SA_RESTART|SA_SIGINFO
SIGPIPE: [libjvm.so+0x49cb60], sa_mask[0]=11111111011111111101111111111110, sa_flags=SA_RESTART|SA_SIGINFO
SIGXFSZ: [libjvm.so+0x49cb60], sa_mask[0]=11111111011111111101111111111110, sa_flags=SA_RESTART|SA_SIGINFO
SIGILL: [libjvm.so+0x49cb60], sa_mask[0]=11111111011111111101111111111110, sa_flags=SA_RESTART|SA_SIGINFO
SIGUSR1: SIG_DFL, sa_mask[0]=00000000000000000000000000000000, sa_flags=none
SIGUSR2: [libjvm.so+0x49e410], sa_mask[0]=00000000000000000000000000000000, sa_flags=SA_RESTART|SA_SIGINFO
SIGHUP: [libjvm.so+0x49f8c0], sa_mask[0]=11111111011111111101111111111110, sa_flags=SA_RESTART|SA_SIGINFO
SIGINT: [libjvm.so+0x49f8c0], sa_mask[0]=11111111011111111101111111111110, sa_flags=SA_RESTART|SA_SIGINFO
SIGTERM: [libjvm.so+0x49f8c0], sa_mask[0]=11111111011111111101111111111110, sa_flags=SA_RESTART|SA_SIGINFO
SIGQUIT: [libjvm.so+0x49f8c0], sa_mask[0]=11111111011111111101111111111110, sa_flags=SA_RESTART|SA_SIGINFO


---------------  S Y S T E M  ---------------

OS:DISTRIB_ID=Ubuntu
DISTRIB_RELEASE=16.04
DISTRIB_CODENAME=xenial
DISTRIB_DESCRIPTION="Ubuntu 16.04.2 LTS"

uname:Linux 4.12.0-041200-generic #201707022031 SMP Mon Jul 3 00:42:33 UTC 2017 i686
libc:glibc 2.23 NPTL 2.23 
rlimit: STACK 8192k, CORE 0k, NPROC 6661, NOFILE 1048576, AS infinity
load average:8.71 4.94 2.05

/proc/meminfo:
MemTotal:         891568 kB
MemFree:           51660 kB
MemAvailable:          0 kB
Buffers:             268 kB
Cached:            34824 kB
SwapCached:            0 kB
Active:           755404 kB
Inactive:          31052 kB
Active(anon):     754552 kB
Inactive(anon):    29440 kB
Active(file):        852 kB
Inactive(file):     1612 kB
Unevictable:        3428 kB
Mlocked:            3428 kB
HighTotal:        135168 kB
HighFree:            240 kB
LowTotal:         756400 kB
LowFree:           51420 kB
SwapTotal:             0 kB
SwapFree:              0 kB
Dirty:                80 kB
Writeback:             0 kB
AnonPages:        754956 kB
Mapped:            20020 kB
Shmem:             30044 kB
Slab:              26824 kB
SReclaimable:      10892 kB
SUnreclaim:        15932 kB
KernelStack:        2456 kB
PageTables:         4700 kB
NFS_Unstable:          0 kB
Bounce:                0 kB
WritebackTmp:          0 kB
CommitLimit:      445784 kB
Committed_AS:    2335956 kB
VmallocTotal:     122880 kB
VmallocUsed:           0 kB
VmallocChunk:          0 kB
AnonHugePages:    468992 kB
ShmemHugePages:        0 kB
ShmemPmdMapped:        0 kB
CmaTotal:              0 kB
CmaFree:               0 kB
HugePages_Total:       0
HugePages_Free:        0
HugePages_Rsvd:        0
HugePages_Surp:        0
Hugepagesize:       2048 kB
DirectMap4k:       14328 kB
DirectMap2M:      899072 kB


CPU:total 1 (initial active 1) (12 cores per cpu, 1 threads per core) family 6 model 63 stepping 2, cmov, cx8, fxsr, mmx, sse, sse2, sse3, ssse3, sse4.1, sse4.2, popcnt, avx, avx2, aes, clmul, lzcnt, tsc

/proc/cpuinfo:
processor	: 0
vendor_id	: GenuineIntel
cpu family	: 6
model		: 63
model name	: Intel(R) Xeon(R) CPU E5-26xx v3
stepping	: 2
microcode	: 0x1
cpu MHz		: 2294.682
cache size	: 4096 KB
physical id	: 0
siblings	: 1
core id		: 0
cpu cores	: 1
apicid		: 0
initial apicid	: 0
fdiv_bug	: no
f00f_bug	: no
coma_bug	: no
fpu		: yes
fpu_exception	: yes
cpuid level	: 13
wp		: yes
flags		: fpu vme de pse tsc msr pae mce cx8 apic sep mtrr pge mca cmov pat pse36 clflush mmx fxsr sse sse2 ss ht syscall nx lm constant_tsc cpuid pni pclmulqdq ssse3 fma cx16 pcid sse4_1 sse4_2 x2apic movbe popcnt tsc_deadline_timer aes xsave avx f16c rdrand hypervisor lahf_lm abm avx2 xsaveopt
bugs		:
bogomips	: 4589.36
clflush size	: 64
cache_alignment	: 64
address sizes	: 40 bits physical, 48 bits virtual
power management:



Memory: 4k page, physical 891568k(51548k free), swap 0k(0k free)

vm_info: Java HotSpot(TM) Client VM (25.131-b11) for linux-x86 JRE (1.8.0_131-b11), built on Mar 15 2017 01:31:04 by "java_re" with gcc 4.3.0 20080428 (Red Hat 4.3.0-8)

time: Sun Jul 30 18:59:27 2017
elapsed time: 64166 seconds (0d 17h 49m 26s)

